#
# There is insufficient memory for the Java Runtime Environment to continue.
# Native memory allocation (malloc) failed to allocate 1410096 bytes for Chunk::new
# Possible reasons:
#   The system is out of physical RAM or swap space
#   The process is running with CompressedOops enabled, and the Java Heap may be blocking the growth of the native heap
# Possible solutions:
#   Reduce memory load on the system
#   Increase physical memory or swap space
#   Check if swap backing store is full
#   Decrease Java heap size (-Xmx/-Xms)
#   Decrease number of Java threads
#   Decrease Java thread stack sizes (-Xss)
#   Set larger code cache with -XX:ReservedCodeCacheSize=
#   JVM is running with Unscaled Compressed Oops mode in which the Java heap is
#     placed in the first 4GB address space. The Java Heap base address is the
#     maximum limit for the native heap growth. Please use -XX:HeapBaseMinAddress
#     to set the Java Heap base and to place the Java Heap above 4GB virtual address.
# This output file may be truncated or incomplete.
#
#  Out of Memory Error (arena.cpp:184), pid=16852, tid=10140
#
# JRE version: Java(TM) SE Runtime Environment (20.0.1+9) (build 20.0.1+9-29)
# Java VM: Java HotSpot(TM) 64-Bit Server VM (20.0.1+9-29, mixed mode, sharing, tiered, compressed oops, compressed class ptrs, g1 gc, windows-amd64)
# No core dump will be written. Minidumps are not enabled by default on client versions of Windows
#

---------------  S U M M A R Y ------------

Command Line: -Dfile.encoding=UTF-8 --module-path=C:\Users\Shano\Documents\NetBeansProjects\Smartcity Tourism Management System\build\classes smartcity.tourism.management.system.Login

Host: Intel(R) Core(TM) i5-5300U CPU @ 2.30GHz, 4 cores, 7G,  Windows 10 , 64 bit Build 19041 (10.0.19041.2913)
Time: Fri May 19 01:34:20 2023 Pakistan Standard Time elapsed time: 11.539025 seconds (0d 0h 0m 11s)

---------------  T H R E A D  ---------------

Current thread (0x0000023ac06253c0):  JavaThread "C2 CompilerThread0" daemon [_thread_in_native, id=10140, stack(0x000000e6e9000000,0x000000e6e9100000)]


Current CompileTask:
C2:  11539 2069 % !   4       sun.awt.image.PNGImageDecoder::produceImage @ 960 (1917 bytes)

Stack: [0x000000e6e9000000,0x000000e6e9100000]
Native frames: (J=compiled Java code, j=interpreted, Vv=VM code, C=native code)
V  [jvm.dll+0x6bb95a]
V  [jvm.dll+0x8485fa]
V  [jvm.dll+0x84a1f5]
V  [jvm.dll+0x84a8f3]
V  [jvm.dll+0x280b0f]
V  [jvm.dll+0xc2b11]
V  [jvm.dll+0xc2e35]
V  [jvm.dll+0x3bb142]
V  [jvm.dll+0x1e6c43]
V  [jvm.dll+0x24b3ab]
V  [jvm.dll+0x24a651]
V  [jvm.dll+0x1ce491]
V  [jvm.dll+0x259e1b]
V  [jvm.dll+0x2584f0]
V  [jvm.dll+0x3f2895]
V  [jvm.dll+0x7f4b56]
V  [jvm.dll+0x6ba5cb]
C  [ucrtbase.dll+0x21bb2]
C  [KERNEL32.DLL+0x17614]
C  [ntdll.dll+0x526a1]


---------------  P R O C E S S  ---------------

Threads class SMR info:
_java_thread_list=0x0000023ac6c28b40, length=20, elements={
0x0000023ac0617600, 0x0000023ac0618400, 0x0000023ac061a380, 0x0000023ac061aec0,
0x0000023ac061d8e0, 0x0000023ac0621250, 0x0000023ac06253c0, 0x0000023ac062fd60,
0x0000023ac05e1730, 0x0000023ac49255a0, 0x0000023ac4b097a0, 0x0000023ac4abb4a0,
0x0000023ac4aca240, 0x0000023ac5413560, 0x0000023aa44ff990, 0x0000023ac5711fc0,
0x0000023ac4bf7660, 0x0000023ac6e17cf0, 0x0000023ac6e19780, 0x0000023ac7115820
}

Java Threads: ( => current thread )
  0x0000023ac0617600 JavaThread "Reference Handler" daemon [_thread_blocked, id=9004, stack(0x000000e6e8a00000,0x000000e6e8b00000)]
  0x0000023ac0618400 JavaThread "Finalizer" daemon [_thread_blocked, id=17132, stack(0x000000e6e8b00000,0x000000e6e8c00000)]
  0x0000023ac061a380 JavaThread "Signal Dispatcher" daemon [_thread_blocked, id=7292, stack(0x000000e6e8c00000,0x000000e6e8d00000)]
  0x0000023ac061aec0 JavaThread "Attach Listener" daemon [_thread_blocked, id=5568, stack(0x000000e6e8d00000,0x000000e6e8e00000)]
  0x0000023ac061d8e0 JavaThread "Service Thread" daemon [_thread_blocked, id=16080, stack(0x000000e6e8e00000,0x000000e6e8f00000)]
  0x0000023ac0621250 JavaThread "Monitor Deflation Thread" daemon [_thread_blocked, id=16756, stack(0x000000e6e8f00000,0x000000e6e9000000)]
=>0x0000023ac06253c0 JavaThread "C2 CompilerThread0" daemon [_thread_in_native, id=10140, stack(0x000000e6e9000000,0x000000e6e9100000)]
  0x0000023ac062fd60 JavaThread "C1 CompilerThread0" daemon [_thread_blocked, id=13708, stack(0x000000e6e9100000,0x000000e6e9200000)]
  0x0000023ac05e1730 JavaThread "Common-Cleaner" daemon [_thread_blocked, id=15804, stack(0x000000e6e9200000,0x000000e6e9300000)]
  0x0000023ac49255a0 JavaThread "Notification Thread" daemon [_thread_blocked, id=17544, stack(0x000000e6e9300000,0x000000e6e9400000)]
  0x0000023ac4b097a0 JavaThread "Java2D Disposer" daemon [_thread_blocked, id=11036, stack(0x000000e6e9500000,0x000000e6e9600000)]
  0x0000023ac4abb4a0 JavaThread "AWT-Shutdown" [_thread_blocked, id=10036, stack(0x000000e6e9600000,0x000000e6e9700000)]
  0x0000023ac4aca240 JavaThread "AWT-Windows" daemon [_thread_in_native, id=12740, stack(0x000000e6e9700000,0x000000e6e9800000)]
  0x0000023ac5413560 JavaThread "AWT-EventQueue-0" [_thread_in_native, id=14672, stack(0x000000e6e9a00000,0x000000e6e9b00000)]
  0x0000023aa44ff990 JavaThread "DestroyJavaVM" [_thread_blocked, id=7924, stack(0x000000e6e8300000,0x000000e6e8400000)]
  0x0000023ac5711fc0 JavaThread "TimerQueue" daemon [_thread_blocked, id=7308, stack(0x000000e6e9900000,0x000000e6e9a00000)]
  0x0000023ac4bf7660 JavaThread "mysql-cj-abandoned-connection-cleanup" daemon [_thread_blocked, id=14884, stack(0x000000e6e9800000,0x000000e6e9900000)]
  0x0000023ac6e17cf0 JavaThread "Image Fetcher 0" daemon [_thread_blocked, id=2300, stack(0x000000e6ea200000,0x000000e6ea300000)]
  0x0000023ac6e19780 JavaThread "Image Fetcher 1" daemon [_thread_blocked, id=17008, stack(0x000000e6ea300000,0x000000e6ea400000)]
  0x0000023ac7115820 JavaThread "C2 CompilerThread1" daemon [_thread_blocked, id=6264, stack(0x000000e6e9e00000,0x000000e6e9f00000)]

Other Threads:
  0x0000023ac05f7ac0 VMThread "VM Thread" [stack: 0x000000e6e8900000,0x000000e6e8a00000] [id=11464]
  0x0000023ac495fb50 WatcherThread "VM Periodic Task Thread" [stack: 0x000000e6e9400000,0x000000e6e9500000] [id=14224]
  0x0000023aa455da40 WorkerThread "GC Thread#0" [stack: 0x000000e6e8400000,0x000000e6e8500000] [id=17536]
  0x0000023ac57e4480 WorkerThread "GC Thread#1" [stack: 0x000000e6e9f00000,0x000000e6ea000000] [id=16656]
  0x0000023ac57f9010 WorkerThread "GC Thread#2" [stack: 0x000000e6ea000000,0x000000e6ea100000] [id=13092]
  0x0000023ac57f84d0 WorkerThread "GC Thread#3" [stack: 0x000000e6ea100000,0x000000e6ea200000] [id=17936]
  0x0000023aa456e800 ConcurrentGCThread "G1 Main Marker" [stack: 0x000000e6e8500000,0x000000e6e8600000] [id=12324]
  0x0000023aa456f9d0 WorkerThread "G1 Conc#0" [stack: 0x000000e6e8600000,0x000000e6e8700000] [id=8852]
  0x0000023ac04a50d0 ConcurrentGCThread "G1 Refine#0" [stack: 0x000000e6e8700000,0x000000e6e8800000] [id=13156]
  0x0000023ac04a5a80 ConcurrentGCThread "G1 Service" [stack: 0x000000e6e8800000,0x000000e6e8900000] [id=8056]

Threads with active compile tasks:
C2 CompilerThread0    11640 2069 % !   4       sun.awt.image.PNGImageDecoder::produceImage @ 960 (1917 bytes)
C1 CompilerThread0    11641 2178       3       sun.font.FileFontStrike::getGlyphAdvance (397 bytes)

VM state: not at safepoint (normal execution)

VM Mutex/Monitor currently owned by a thread: None

Heap address: 0x0000000081e00000, size: 2018 MB, Compressed Oops mode: 32-bit

CDS archive(s) mapped at: [0x0000000800000000-0x0000000800c60000-0x0000000800c60000), size 12976128, SharedBaseAddress: 0x0000000800000000, ArchiveRelocationMode: 0.
Compressed class space mapped at: 0x0000000801000000-0x0000000841000000, reserved size: 1073741824
Narrow klass base: 0x0000000800000000, Narrow klass shift: 0, Narrow klass range: 0x100000000

GC Precious Log:
 CardTable entry size: 512
 Card Set container configuration: InlinePtr #cards 5 size 8 Array Of Cards #cards 12 size 40 Howl #buckets 4 coarsen threshold 1843 Howl Bitmap #cards 512 size 80 coarsen threshold 460 Card regions per heap region 1 cards per card region 2048
 CPUs: 4 total, 4 available
 Memory: 8067M
 Large Page Support: Disabled
 NUMA Support: Disabled
 Compressed Oops: Enabled (32-bit)
 Heap Region Size: 1M
 Heap Min Capacity: 8M
 Heap Initial Capacity: 128M
 Heap Max Capacity: 2018M
 Pre-touch: Disabled
 Parallel Workers: 4
 Concurrent Workers: 1
 Concurrent Refinement Workers: 4
 Periodic GC: Disabled

Heap:
 garbage-first heap   total 131072K, used 60148K [0x0000000081e00000, 0x0000000100000000)
  region size 1024K, 25 young (25600K), 2 survivors (2048K)
 Metaspace       used 18983K, committed 19264K, reserved 1114112K
  class space    used 2165K, committed 2304K, reserved 1048576K

Heap Regions: E=young(eden), S=young(survivor), O=old, HS=humongous(starts), HC=humongous(continues), CS=collection set, F=free, OA=open archive, CA=closed archive, TAMS=top-at-mark-start, PB=parsable bottom
|   0|0x0000000081e00000, 0x0000000081f00000, 0x0000000081f00000|100%|HS|  |TAMS 0x0000000081e00000| PB 0x0000000081e00000| Complete 
|   1|0x0000000081f00000, 0x0000000082000000, 0x0000000082000000|100%| O|  |TAMS 0x0000000081f00000| PB 0x0000000081f00000| Untracked 
|   2|0x0000000082000000, 0x0000000082100000, 0x0000000082100000|100%| O|  |TAMS 0x0000000082000000| PB 0x0000000082000000| Untracked 
|   3|0x0000000082100000, 0x0000000082200000, 0x0000000082200000|100%|HS|  |TAMS 0x0000000082100000| PB 0x0000000082100000| Complete 
|   4|0x0000000082200000, 0x0000000082300000, 0x0000000082300000|100%|HC|  |TAMS 0x0000000082200000| PB 0x0000000082200000| Complete 
|   5|0x0000000082300000, 0x0000000082400000, 0x0000000082400000|100%|HC|  |TAMS 0x0000000082300000| PB 0x0000000082300000| Complete 
|   6|0x0000000082400000, 0x0000000082500000, 0x0000000082500000|100%|HS|  |TAMS 0x0000000082400000| PB 0x0000000082400000| Complete 
|   7|0x0000000082500000, 0x0000000082600000, 0x0000000082600000|100%|HC|  |TAMS 0x0000000082500000| PB 0x0000000082500000| Complete 
|   8|0x0000000082600000, 0x0000000082700000, 0x0000000082700000|100%|HC|  |TAMS 0x0000000082600000| PB 0x0000000082600000| Complete 
|   9|0x0000000082700000, 0x0000000082800000, 0x0000000082800000|100%|HC|  |TAMS 0x0000000082700000| PB 0x0000000082700000| Complete 
|  10|0x0000000082800000, 0x0000000082900000, 0x0000000082900000|100%|HC|  |TAMS 0x0000000082800000| PB 0x0000000082800000| Complete 
|  11|0x0000000082900000, 0x0000000082a00000, 0x0000000082a00000|100%|HC|  |TAMS 0x0000000082900000| PB 0x0000000082900000| Complete 
|  12|0x0000000082a00000, 0x0000000082b00000, 0x0000000082b00000|100%|HC|  |TAMS 0x0000000082a00000| PB 0x0000000082a00000| Complete 
|  13|0x0000000082b00000, 0x0000000082c00000, 0x0000000082c00000|100%|HC|  |TAMS 0x0000000082b00000| PB 0x0000000082b00000| Complete 
|  14|0x0000000082c00000, 0x0000000082d00000, 0x0000000082d00000|100%|HC|  |TAMS 0x0000000082c00000| PB 0x0000000082c00000| Complete 
|  15|0x0000000082d00000, 0x0000000082e00000, 0x0000000082e00000|100%|HC|  |TAMS 0x0000000082d00000| PB 0x0000000082d00000| Complete 
|  16|0x0000000082e00000, 0x0000000082f00000, 0x0000000082f00000|100%| O|  |TAMS 0x0000000082e00000| PB 0x0000000082e00000| Untracked 
|  17|0x0000000082f00000, 0x0000000082fdea00, 0x0000000083000000| 86%| O|  |TAMS 0x0000000082f00000| PB 0x0000000082f00000| Untracked 
|  18|0x0000000083000000, 0x0000000083100000, 0x0000000083100000|100%|HS|  |TAMS 0x0000000083000000| PB 0x0000000083000000| Complete 
|  19|0x0000000083100000, 0x0000000083200000, 0x0000000083200000|100%|HC|  |TAMS 0x0000000083100000| PB 0x0000000083100000| Complete 
|  20|0x0000000083200000, 0x0000000083300000, 0x0000000083300000|100%|HC|  |TAMS 0x0000000083200000| PB 0x0000000083200000| Complete 
|  21|0x0000000083300000, 0x0000000083400000, 0x0000000083400000|100%|HC|  |TAMS 0x0000000083300000| PB 0x0000000083300000| Complete 
|  22|0x0000000083400000, 0x0000000083500000, 0x0000000083500000|100%|HS|  |TAMS 0x0000000083400000| PB 0x0000000083400000| Complete 
|  23|0x0000000083500000, 0x0000000083600000, 0x0000000083600000|100%|HC|  |TAMS 0x0000000083500000| PB 0x0000000083500000| Complete 
|  24|0x0000000083600000, 0x0000000083700000, 0x0000000083700000|100%|HC|  |TAMS 0x0000000083600000| PB 0x0000000083600000| Complete 
|  25|0x0000000083700000, 0x0000000083800000, 0x0000000083800000|100%|HC|  |TAMS 0x0000000083700000| PB 0x0000000083700000| Complete 
|  26|0x0000000083800000, 0x0000000083900000, 0x0000000083900000|100%|HC|  |TAMS 0x0000000083800000| PB 0x0000000083800000| Complete 
|  27|0x0000000083900000, 0x0000000083a00000, 0x0000000083a00000|100%|HC|  |TAMS 0x0000000083900000| PB 0x0000000083900000| Complete 
|  28|0x0000000083a00000, 0x0000000083b00000, 0x0000000083b00000|100%|HC|  |TAMS 0x0000000083a00000| PB 0x0000000083a00000| Complete 
|  29|0x0000000083b00000, 0x0000000083c00000, 0x0000000083c00000|100%|HC|  |TAMS 0x0000000083b00000| PB 0x0000000083b00000| Complete 
|  30|0x0000000083c00000, 0x0000000083d00000, 0x0000000083d00000|100%|HC|  |TAMS 0x0000000083c00000| PB 0x0000000083c00000| Complete 
|  31|0x0000000083d00000, 0x0000000083e00000, 0x0000000083e00000|100%|HC|  |TAMS 0x0000000083d00000| PB 0x0000000083d00000| Complete 
|  32|0x0000000083e00000, 0x0000000083f00000, 0x0000000083f00000|100%|HC|  |TAMS 0x0000000083e00000| PB 0x0000000083e00000| Complete 
|  33|0x0000000083f00000, 0x0000000084000000, 0x0000000084000000|100%|HC|  |TAMS 0x0000000083f00000| PB 0x0000000083f00000| Complete 
|  34|0x0000000084000000, 0x0000000084100000, 0x0000000084100000|100%|HC|  |TAMS 0x0000000084000000| PB 0x0000000084000000| Complete 
|  35|0x0000000084100000, 0x0000000084200000, 0x0000000084200000|100%|HS|  |TAMS 0x0000000084100000| PB 0x0000000084100000| Complete 
|  36|0x0000000084200000, 0x0000000084200000, 0x0000000084300000|  0%| F|  |TAMS 0x0000000084200000| PB 0x0000000084200000| Untracked 
|  37|0x0000000084300000, 0x0000000084300000, 0x0000000084400000|  0%| F|  |TAMS 0x0000000084300000| PB 0x0000000084300000| Untracked 
|  38|0x0000000084400000, 0x0000000084400000, 0x0000000084500000|  0%| F|  |TAMS 0x0000000084400000| PB 0x0000000084400000| Untracked 
|  39|0x0000000084500000, 0x0000000084500000, 0x0000000084600000|  0%| F|  |TAMS 0x0000000084500000| PB 0x0000000084500000| Untracked 
|  40|0x0000000084600000, 0x0000000084600000, 0x0000000084700000|  0%| F|  |TAMS 0x0000000084600000| PB 0x0000000084600000| Untracked 
|  41|0x0000000084700000, 0x0000000084700000, 0x0000000084800000|  0%| F|  |TAMS 0x0000000084700000| PB 0x0000000084700000| Untracked 
|  42|0x0000000084800000, 0x0000000084800000, 0x0000000084900000|  0%| F|  |TAMS 0x0000000084800000| PB 0x0000000084800000| Untracked 
|  43|0x0000000084900000, 0x0000000084900000, 0x0000000084a00000|  0%| F|  |TAMS 0x0000000084900000| PB 0x0000000084900000| Untracked 
|  44|0x0000000084a00000, 0x0000000084a00000, 0x0000000084b00000|  0%| F|  |TAMS 0x0000000084a00000| PB 0x0000000084a00000| Untracked 
|  45|0x0000000084b00000, 0x0000000084b00000, 0x0000000084c00000|  0%| F|  |TAMS 0x0000000084b00000| PB 0x0000000084b00000| Untracked 
|  46|0x0000000084c00000, 0x0000000084c00000, 0x0000000084d00000|  0%| F|  |TAMS 0x0000000084c00000| PB 0x0000000084c00000| Untracked 
|  47|0x0000000084d00000, 0x0000000084d00000, 0x0000000084e00000|  0%| F|  |TAMS 0x0000000084d00000| PB 0x0000000084d00000| Untracked 
|  48|0x0000000084e00000, 0x0000000084e00000, 0x0000000084f00000|  0%| F|  |TAMS 0x0000000084e00000| PB 0x0000000084e00000| Untracked 
|  49|0x0000000084f00000, 0x0000000084f00000, 0x0000000085000000|  0%| F|  |TAMS 0x0000000084f00000| PB 0x0000000084f00000| Untracked 
|  50|0x0000000085000000, 0x0000000085000000, 0x0000000085100000|  0%| F|  |TAMS 0x0000000085000000| PB 0x0000000085000000| Untracked 
|  51|0x0000000085100000, 0x0000000085100000, 0x0000000085200000|  0%| F|  |TAMS 0x0000000085100000| PB 0x0000000085100000| Untracked 
|  52|0x0000000085200000, 0x0000000085200000, 0x0000000085300000|  0%| F|  |TAMS 0x0000000085200000| PB 0x0000000085200000| Untracked 
|  53|0x0000000085300000, 0x0000000085300000, 0x0000000085400000|  0%| F|  |TAMS 0x0000000085300000| PB 0x0000000085300000| Untracked 
|  54|0x0000000085400000, 0x0000000085400000, 0x0000000085500000|  0%| F|  |TAMS 0x0000000085400000| PB 0x0000000085400000| Untracked 
|  55|0x0000000085500000, 0x0000000085500000, 0x0000000085600000|  0%| F|  |TAMS 0x0000000085500000| PB 0x0000000085500000| Untracked 
|  56|0x0000000085600000, 0x0000000085600000, 0x0000000085700000|  0%| F|  |TAMS 0x0000000085600000| PB 0x0000000085600000| Untracked 
|  57|0x0000000085700000, 0x0000000085700000, 0x0000000085800000|  0%| F|  |TAMS 0x0000000085700000| PB 0x0000000085700000| Untracked 
|  58|0x0000000085800000, 0x0000000085800000, 0x0000000085900000|  0%| F|  |TAMS 0x0000000085800000| PB 0x0000000085800000| Untracked 
|  59|0x0000000085900000, 0x0000000085900000, 0x0000000085a00000|  0%| F|  |TAMS 0x0000000085900000| PB 0x0000000085900000| Untracked 
|  60|0x0000000085a00000, 0x0000000085a00000, 0x0000000085b00000|  0%| F|  |TAMS 0x0000000085a00000| PB 0x0000000085a00000| Untracked 
|  61|0x0000000085b00000, 0x0000000085b00000, 0x0000000085c00000|  0%| F|  |TAMS 0x0000000085b00000| PB 0x0000000085b00000| Untracked 
|  62|0x0000000085c00000, 0x0000000085c00000, 0x0000000085d00000|  0%| F|  |TAMS 0x0000000085c00000| PB 0x0000000085c00000| Untracked 
|  63|0x0000000085d00000, 0x0000000085d00000, 0x0000000085e00000|  0%| F|  |TAMS 0x0000000085d00000| PB 0x0000000085d00000| Untracked 
|  64|0x0000000085e00000, 0x0000000085e00000, 0x0000000085f00000|  0%| F|  |TAMS 0x0000000085e00000| PB 0x0000000085e00000| Untracked 
|  65|0x0000000085f00000, 0x0000000085f00000, 0x0000000086000000|  0%| F|  |TAMS 0x0000000085f00000| PB 0x0000000085f00000| Untracked 
|  66|0x0000000086000000, 0x0000000086000000, 0x0000000086100000|  0%| F|  |TAMS 0x0000000086000000| PB 0x0000000086000000| Untracked 
|  67|0x0000000086100000, 0x0000000086100000, 0x0000000086200000|  0%| F|  |TAMS 0x0000000086100000| PB 0x0000000086100000| Untracked 
|  68|0x0000000086200000, 0x0000000086200000, 0x0000000086300000|  0%| F|  |TAMS 0x0000000086200000| PB 0x0000000086200000| Untracked 
|  69|0x0000000086300000, 0x0000000086300000, 0x0000000086400000|  0%| F|  |TAMS 0x0000000086300000| PB 0x0000000086300000| Untracked 
|  70|0x0000000086400000, 0x0000000086400000, 0x0000000086500000|  0%| F|  |TAMS 0x0000000086400000| PB 0x0000000086400000| Untracked 
|  71|0x0000000086500000, 0x0000000086500000, 0x0000000086600000|  0%| F|  |TAMS 0x0000000086500000| PB 0x0000000086500000| Untracked 
|  72|0x0000000086600000, 0x0000000086600000, 0x0000000086700000|  0%| F|  |TAMS 0x0000000086600000| PB 0x0000000086600000| Untracked 
|  73|0x0000000086700000, 0x0000000086700000, 0x0000000086800000|  0%| F|  |TAMS 0x0000000086700000| PB 0x0000000086700000| Untracked 
|  74|0x0000000086800000, 0x0000000086800000, 0x0000000086900000|  0%| F|  |TAMS 0x0000000086800000| PB 0x0000000086800000| Untracked 
|  75|0x0000000086900000, 0x0000000086900000, 0x0000000086a00000|  0%| F|  |TAMS 0x0000000086900000| PB 0x0000000086900000| Untracked 
|  76|0x0000000086a00000, 0x0000000086a00000, 0x0000000086b00000|  0%| F|  |TAMS 0x0000000086a00000| PB 0x0000000086a00000| Untracked 
|  77|0x0000000086b00000, 0x0000000086b00000, 0x0000000086c00000|  0%| F|  |TAMS 0x0000000086b00000| PB 0x0000000086b00000| Untracked 
|  78|0x0000000086c00000, 0x0000000086c00000, 0x0000000086d00000|  0%| F|  |TAMS 0x0000000086c00000| PB 0x0000000086c00000| Untracked 
|  79|0x0000000086d00000, 0x0000000086d00000, 0x0000000086e00000|  0%| F|  |TAMS 0x0000000086d00000| PB 0x0000000086d00000| Untracked 
|  80|0x0000000086e00000, 0x0000000086e00000, 0x0000000086f00000|  0%| F|  |TAMS 0x0000000086e00000| PB 0x0000000086e00000| Untracked 
|  81|0x0000000086f00000, 0x0000000086f00000, 0x0000000087000000|  0%| F|  |TAMS 0x0000000086f00000| PB 0x0000000086f00000| Untracked 
|  82|0x0000000087000000, 0x0000000087000000, 0x0000000087100000|  0%| F|  |TAMS 0x0000000087000000| PB 0x0000000087000000| Untracked 
|  83|0x0000000087100000, 0x0000000087100000, 0x0000000087200000|  0%| F|  |TAMS 0x0000000087100000| PB 0x0000000087100000| Untracked 
|  84|0x0000000087200000, 0x0000000087200000, 0x0000000087300000|  0%| F|  |TAMS 0x0000000087200000| PB 0x0000000087200000| Untracked 
|  85|0x0000000087300000, 0x0000000087300000, 0x0000000087400000|  0%| F|  |TAMS 0x0000000087300000| PB 0x0000000087300000| Untracked 
|  86|0x0000000087400000, 0x0000000087400000, 0x0000000087500000|  0%| F|  |TAMS 0x0000000087400000| PB 0x0000000087400000| Untracked 
|  87|0x0000000087500000, 0x0000000087500000, 0x0000000087600000|  0%| F|  |TAMS 0x0000000087500000| PB 0x0000000087500000| Untracked 
|  88|0x0000000087600000, 0x0000000087600000, 0x0000000087700000|  0%| F|  |TAMS 0x0000000087600000| PB 0x0000000087600000| Untracked 
|  89|0x0000000087700000, 0x0000000087700000, 0x0000000087800000|  0%| F|  |TAMS 0x0000000087700000| PB 0x0000000087700000| Untracked 
|  90|0x0000000087800000, 0x0000000087800000, 0x0000000087900000|  0%| F|  |TAMS 0x0000000087800000| PB 0x0000000087800000| Untracked 
|  91|0x0000000087900000, 0x0000000087900000, 0x0000000087a00000|  0%| F|  |TAMS 0x0000000087900000| PB 0x0000000087900000| Untracked 
|  92|0x0000000087a00000, 0x0000000087a00000, 0x0000000087b00000|  0%| F|  |TAMS 0x0000000087a00000| PB 0x0000000087a00000| Untracked 
|  93|0x0000000087b00000, 0x0000000087b00000, 0x0000000087c00000|  0%| F|  |TAMS 0x0000000087b00000| PB 0x0000000087b00000| Untracked 
|  94|0x0000000087c00000, 0x0000000087c00000, 0x0000000087d00000|  0%| F|  |TAMS 0x0000000087c00000| PB 0x0000000087c00000| Untracked 
|  95|0x0000000087d00000, 0x0000000087d00000, 0x0000000087e00000|  0%| F|  |TAMS 0x0000000087d00000| PB 0x0000000087d00000| Untracked 
|  96|0x0000000087e00000, 0x0000000087e00000, 0x0000000087f00000|  0%| F|  |TAMS 0x0000000087e00000| PB 0x0000000087e00000| Untracked 
|  97|0x0000000087f00000, 0x0000000087f00000, 0x0000000088000000|  0%| F|  |TAMS 0x0000000087f00000| PB 0x0000000087f00000| Untracked 
|  98|0x0000000088000000, 0x0000000088000000, 0x0000000088100000|  0%| F|  |TAMS 0x0000000088000000| PB 0x0000000088000000| Untracked 
|  99|0x0000000088100000, 0x0000000088100000, 0x0000000088200000|  0%| F|  |TAMS 0x0000000088100000| PB 0x0000000088100000| Untracked 
| 100|0x0000000088200000, 0x0000000088200000, 0x0000000088300000|  0%| F|  |TAMS 0x0000000088200000| PB 0x0000000088200000| Untracked 
| 101|0x0000000088300000, 0x0000000088300000, 0x0000000088400000|  0%| F|  |TAMS 0x0000000088300000| PB 0x0000000088300000| Untracked 
| 102|0x0000000088400000, 0x000000008842c440, 0x0000000088500000| 17%| E|  |TAMS 0x0000000088400000| PB 0x0000000088400000| Complete 
| 103|0x0000000088500000, 0x0000000088600000, 0x0000000088600000|100%| E|CS|TAMS 0x0000000088500000| PB 0x0000000088500000| Complete 
| 104|0x0000000088600000, 0x0000000088700000, 0x0000000088700000|100%| E|CS|TAMS 0x0000000088600000| PB 0x0000000088600000| Complete 
| 105|0x0000000088700000, 0x0000000088800000, 0x0000000088800000|100%| E|CS|TAMS 0x0000000088700000| PB 0x0000000088700000| Complete 
| 106|0x0000000088800000, 0x00000000888ffdc8, 0x0000000088900000| 99%| E|  |TAMS 0x0000000088800000| PB 0x0000000088800000| Complete 
| 107|0x0000000088900000, 0x0000000088a00000, 0x0000000088a00000|100%| E|CS|TAMS 0x0000000088900000| PB 0x0000000088900000| Complete 
| 108|0x0000000088a00000, 0x0000000088b00000, 0x0000000088b00000|100%| E|CS|TAMS 0x0000000088a00000| PB 0x0000000088a00000| Complete 
| 109|0x0000000088b00000, 0x0000000088c00000, 0x0000000088c00000|100%| E|CS|TAMS 0x0000000088b00000| PB 0x0000000088b00000| Complete 
| 110|0x0000000088c00000, 0x0000000088d00000, 0x0000000088d00000|100%| E|CS|TAMS 0x0000000088c00000| PB 0x0000000088c00000| Complete 
| 111|0x0000000088d00000, 0x0000000088dde6b0, 0x0000000088e00000| 86%| S|CS|TAMS 0x0000000088d00000| PB 0x0000000088d00000| Complete 
| 112|0x0000000088e00000, 0x0000000088f00000, 0x0000000088f00000|100%| S|CS|TAMS 0x0000000088e00000| PB 0x0000000088e00000| Complete 
| 113|0x0000000088f00000, 0x0000000089000000, 0x0000000089000000|100%| E|CS|TAMS 0x0000000088f00000| PB 0x0000000088f00000| Complete 
| 114|0x0000000089000000, 0x0000000089100000, 0x0000000089100000|100%| E|CS|TAMS 0x0000000089000000| PB 0x0000000089000000| Complete 
| 115|0x0000000089100000, 0x0000000089200000, 0x0000000089200000|100%| E|CS|TAMS 0x0000000089100000| PB 0x0000000089100000| Complete 
| 116|0x0000000089200000, 0x0000000089300000, 0x0000000089300000|100%| E|CS|TAMS 0x0000000089200000| PB 0x0000000089200000| Complete 
| 117|0x0000000089300000, 0x0000000089400000, 0x0000000089400000|100%| E|CS|TAMS 0x0000000089300000| PB 0x0000000089300000| Complete 
| 118|0x0000000089400000, 0x0000000089500000, 0x0000000089500000|100%| E|CS|TAMS 0x0000000089400000| PB 0x0000000089400000| Complete 
| 119|0x0000000089500000, 0x0000000089600000, 0x0000000089600000|100%| E|CS|TAMS 0x0000000089500000| PB 0x0000000089500000| Complete 
| 120|0x0000000089600000, 0x0000000089700000, 0x0000000089700000|100%| E|CS|TAMS 0x0000000089600000| PB 0x0000000089600000| Complete 
| 121|0x0000000089700000, 0x0000000089800000, 0x0000000089800000|100%| E|CS|TAMS 0x0000000089700000| PB 0x0000000089700000| Complete 
| 122|0x0000000089800000, 0x0000000089900000, 0x0000000089900000|100%| E|CS|TAMS 0x0000000089800000| PB 0x0000000089800000| Complete 
| 123|0x0000000089900000, 0x0000000089a00000, 0x0000000089a00000|100%| E|CS|TAMS 0x0000000089900000| PB 0x0000000089900000| Complete 
| 124|0x0000000089a00000, 0x0000000089b00000, 0x0000000089b00000|100%| E|CS|TAMS 0x0000000089a00000| PB 0x0000000089a00000| Complete 
| 125|0x0000000089b00000, 0x0000000089c00000, 0x0000000089c00000|100%| E|CS|TAMS 0x0000000089b00000| PB 0x0000000089b00000| Complete 
| 126|0x0000000089c00000, 0x0000000089d00000, 0x0000000089d00000|100%| E|CS|TAMS 0x0000000089c00000| PB 0x0000000089c00000| Complete 
| 127|0x0000000089d00000, 0x0000000089e00000, 0x0000000089e00000|100%| E|CS|TAMS 0x0000000089d00000| PB 0x0000000089d00000| Complete 

Card table byte_map: [0x0000023abb9c0000,0x0000023abbdc0000] _byte_map_base: 0x0000023abb5b1000

Marking Bits: (CMBitMap*) 0x0000023aa455e070
 Bits: [0x0000023abc1c0000, 0x0000023abe148000)

Polling page: 0x0000023aa2360000

Metaspace:

Usage:
  Non-class:     16.43 MB used.
      Class:      2.11 MB used.
       Both:     18.54 MB used.

Virtual space:
  Non-class space:       64.00 MB reserved,      16.56 MB ( 26%) committed,  1 nodes.
      Class space:        1.00 GB reserved,       2.25 MB ( <1%) committed,  1 nodes.
             Both:        1.06 GB reserved,      18.81 MB (  2%) committed. 

Chunk freelists:
   Non-Class:  2.98 MB
       Class:  1.73 MB
        Both:  4.72 MB

MaxMetaspaceSize: unlimited
CompressedClassSpaceSize: 1.00 GB
Initial GC threshold: 21.00 MB
Current GC threshold: 21.00 MB
CDS: on
MetaspaceReclaimPolicy: balanced
 - commit_granule_bytes: 65536.
 - commit_granule_words: 8192.
 - virtual_space_node_default_size: 8388608.
 - enlarge_chunks_in_place: 1.
 - new_chunks_are_fully_committed: 0.
 - uncommit_free_chunks: 1.
 - use_allocation_guard: 0.


Internal statistics:

num_allocs_failed_limit: 0.
num_arena_births: 196.
num_arena_deaths: 0.
num_vsnodes_births: 2.
num_vsnodes_deaths: 0.
num_space_committed: 301.
num_space_uncommitted: 0.
num_chunks_returned_to_freelist: 0.
num_chunks_taken_from_freelist: 411.
num_chunk_merges: 0.
num_chunk_splits: 248.
num_chunks_enlarged: 140.
num_inconsistent_stats: 0.

CodeHeap 'non-profiled nmethods': size=120000Kb used=739Kb max_used=739Kb free=119260Kb
 bounds [0x0000023ab4090000, 0x0000023ab4300000, 0x0000023abb5c0000]
CodeHeap 'profiled nmethods': size=120000Kb used=3794Kb max_used=3794Kb free=116205Kb
 bounds [0x0000023aac5c0000, 0x0000023aac980000, 0x0000023ab3af0000]
CodeHeap 'non-nmethods': size=5760Kb used=1764Kb max_used=1784Kb free=3995Kb
 bounds [0x0000023ab3af0000, 0x0000023ab3d60000, 0x0000023ab4090000]
 total_blobs=2921 nmethods=2182 adapters=649
 compilation: enabled
              stopped_count=0, restarted_count=0
 full_count=0

Compilation events (20 events):
Event: 11.517 Thread 0x0000023ac062fd60 nmethod 2098 0x0000023ab4142610 code [0x0000023ab4142780, 0x0000023ab4142848]
Event: 11.517 Thread 0x0000023ac062fd60 2099       3       java.lang.invoke.BoundMethodHandle$Species_L::make (11 bytes)
Event: 11.518 Thread 0x0000023ac062fd60 nmethod 2099 0x0000023aac94d490 code [0x0000023aac94d620, 0x0000023aac94d880]
Event: 11.519 Thread 0x0000023ac062fd60 2100       3       java.util.StringTokenizer::countTokens (46 bytes)
Event: 11.519 Thread 0x0000023ac062fd60 nmethod 2100 0x0000023aac94d990 code [0x0000023aac94db40, 0x0000023aac94dde0]
Event: 11.520 Thread 0x0000023ac062fd60 2101       3       java.lang.reflect.AccessibleObject::checkAccess (40 bytes)
Event: 11.521 Thread 0x0000023ac062fd60 nmethod 2101 0x0000023aac94df10 code [0x0000023aac94e0e0, 0x0000023aac94e420]
Event: 11.521 Thread 0x0000023ac062fd60 2103       3       java.beans.PropertyChangeSupport::firePropertyChange (35 bytes)
Event: 11.522 Thread 0x0000023ac062fd60 nmethod 2103 0x0000023aac94e590 code [0x0000023aac94e780, 0x0000023aac94ef18]
Event: 11.522 Thread 0x0000023ac062fd60 2102       3       java.lang.reflect.AccessibleObject::verifyAccess (55 bytes)
Event: 11.523 Thread 0x0000023ac062fd60 nmethod 2102 0x0000023aac94f110 code [0x0000023aac94f340, 0x0000023aac94ff10]
Event: 11.524 Thread 0x0000023ac062fd60 2104       3       javax.swing.AbstractAction::getValue (32 bytes)
Event: 11.525 Thread 0x0000023ac062fd60 nmethod 2104 0x0000023aac950210 code [0x0000023aac9503c0, 0x0000023aac9506c0]
Event: 11.528 Thread 0x0000023ac062fd60 2105       1       javax.swing.ActionMap::getParent (5 bytes)
Event: 11.528 Thread 0x0000023ac062fd60 nmethod 2105 0x0000023ab4142910 code [0x0000023ab4142a80, 0x0000023ab4142b48]
Event: 11.528 Thread 0x0000023ac062fd60 2106   !   3       javax.swing.JComponent::putClientProperty (120 bytes)
Event: 11.529 Thread 0x0000023ac062fd60 nmethod 2106 0x0000023aac950790 code [0x0000023aac9509e0, 0x0000023aac9514b0]
Event: 11.530 Thread 0x0000023ac062fd60 2107       3       java.util.WeakHashMap::matchesKey (33 bytes)
Event: 11.531 Thread 0x0000023ac062fd60 nmethod 2107 0x0000023aac951790 code [0x0000023aac951960, 0x0000023aac951e78]
Event: 11.531 Thread 0x0000023ac062fd60 2108       3       javax.swing.JComponent::revalidate (53 bytes)

GC Heap History (4 events):
Event: 7.903 GC heap before
{Heap before GC invocations=0 (full 0):
 garbage-first heap   total 131072K, used 14336K [0x0000000081e00000, 0x0000000100000000)
  region size 1024K, 13 young (13312K), 0 survivors (0K)
 Metaspace       used 10064K, committed 10304K, reserved 1114112K
  class space    used 1104K, committed 1216K, reserved 1048576K
}
Event: 7.911 GC heap after
{Heap after GC invocations=1 (full 0):
 garbage-first heap   total 131072K, used 4896K [0x0000000081e00000, 0x0000000100000000)
  region size 1024K, 2 young (2048K), 2 survivors (2048K)
 Metaspace       used 10064K, committed 10304K, reserved 1114112K
  class space    used 1104K, committed 1216K, reserved 1048576K
}
Event: 8.884 GC heap before
{Heap before GC invocations=1 (full 0):
 garbage-first heap   total 131072K, used 30496K [0x0000000081e00000, 0x0000000100000000)
  region size 1024K, 15 young (15360K), 2 survivors (2048K)
 Metaspace       used 17365K, committed 17600K, reserved 1114112K
  class space    used 1930K, committed 2048K, reserved 1048576K
}
Event: 8.893 GC heap after
{Heap after GC invocations=2 (full 0):
 garbage-first heap   total 131072K, used 20212K [0x0000000081e00000, 0x0000000100000000)
  region size 1024K, 2 young (2048K), 2 survivors (2048K)
 Metaspace       used 17365K, committed 17600K, reserved 1114112K
  class space    used 1930K, committed 2048K, reserved 1048576K
}

Dll operation events (12 events):
Event: 0.013 Loaded shared library C:\Program Files\Java\jdk-20\bin\java.dll
Event: 0.030 Loaded shared library C:\Program Files\Java\jdk-20\bin\jsvml.dll
Event: 0.106 Loaded shared library C:\Program Files\Java\jdk-20\bin\net.dll
Event: 0.109 Loaded shared library C:\Program Files\Java\jdk-20\bin\nio.dll
Event: 0.151 Loaded shared library C:\Program Files\Java\jdk-20\bin\zip.dll
Event: 0.169 Loaded shared library C:\Program Files\Java\jdk-20\bin\jimage.dll
Event: 0.191 Loaded shared library C:\Program Files\Java\jdk-20\bin\awt.dll
Event: 0.633 Loaded shared library C:\Program Files\Java\jdk-20\bin\freetype.dll
Event: 0.634 Loaded shared library C:\Program Files\Java\jdk-20\bin\fontmanager.dll
Event: 7.961 Loaded shared library C:\Program Files\Java\jdk-20\bin\extnet.dll
Event: 8.325 Loaded shared library C:\Program Files\Java\jdk-20\bin\sunmscapi.dll
Event: 8.784 Loaded shared library C:\Program Files\Java\jdk-20\bin\javajpeg.dll

Deoptimization events (20 events):
Event: 11.350 Thread 0x0000023ac6e19780 DEOPT PACKING pc=0x0000023aac94569c sp=0x000000e6ea3feca0
Event: 11.350 Thread 0x0000023ac6e19780 DEOPT UNPACKING pc=0x0000023ab3b5a4c2 sp=0x000000e6ea3fe110 mode 0
Event: 11.350 Thread 0x0000023ac6e19780 DEOPT PACKING pc=0x0000023aac94569c sp=0x000000e6ea3feca0
Event: 11.350 Thread 0x0000023ac6e19780 DEOPT UNPACKING pc=0x0000023ab3b5a4c2 sp=0x000000e6ea3fe110 mode 0
Event: 11.350 Thread 0x0000023ac6e19780 DEOPT PACKING pc=0x0000023aac94569c sp=0x000000e6ea3feca0
Event: 11.350 Thread 0x0000023ac6e19780 DEOPT UNPACKING pc=0x0000023ab3b5a4c2 sp=0x000000e6ea3fe110 mode 0
Event: 11.350 Thread 0x0000023ac6e19780 DEOPT PACKING pc=0x0000023aac94569c sp=0x000000e6ea3feca0
Event: 11.350 Thread 0x0000023ac6e19780 DEOPT UNPACKING pc=0x0000023ab3b5a4c2 sp=0x000000e6ea3fe110 mode 0
Event: 11.351 Thread 0x0000023ac6e19780 DEOPT PACKING pc=0x0000023aac94569c sp=0x000000e6ea3feca0
Event: 11.351 Thread 0x0000023ac6e19780 DEOPT UNPACKING pc=0x0000023ab3b5a4c2 sp=0x000000e6ea3fe110 mode 0
Event: 11.351 Thread 0x0000023ac6e19780 DEOPT PACKING pc=0x0000023aac94569c sp=0x000000e6ea3feca0
Event: 11.351 Thread 0x0000023ac6e19780 DEOPT UNPACKING pc=0x0000023ab3b5a4c2 sp=0x000000e6ea3fe110 mode 0
Event: 11.351 Thread 0x0000023ac6e19780 DEOPT PACKING pc=0x0000023aac94569c sp=0x000000e6ea3feca0
Event: 11.351 Thread 0x0000023ac6e19780 DEOPT UNPACKING pc=0x0000023ab3b5a4c2 sp=0x000000e6ea3fe110 mode 0
Event: 11.351 Thread 0x0000023ac6e19780 DEOPT PACKING pc=0x0000023aac94569c sp=0x000000e6ea3feca0
Event: 11.351 Thread 0x0000023ac6e19780 DEOPT UNPACKING pc=0x0000023ab3b5a4c2 sp=0x000000e6ea3fe110 mode 0
Event: 11.351 Thread 0x0000023ac6e19780 DEOPT PACKING pc=0x0000023aac94569c sp=0x000000e6ea3feca0
Event: 11.351 Thread 0x0000023ac6e19780 DEOPT UNPACKING pc=0x0000023ab3b5a4c2 sp=0x000000e6ea3fe110 mode 0
Event: 11.354 Thread 0x0000023ac6e19780 DEOPT PACKING pc=0x0000023aac936513 sp=0x000000e6ea3fec60
Event: 11.354 Thread 0x0000023ac6e19780 DEOPT UNPACKING pc=0x0000023ab3b5a4c2 sp=0x000000e6ea3fe100 mode 0

Classes loaded (20 events):
Event: 11.525 Loading class javax/swing/plaf/metal/MetalComboBoxEditor$1
Event: 11.525 Loading class javax/swing/plaf/metal/MetalComboBoxEditor$1 done
Event: 11.526 Loading class javax/swing/plaf/metal/MetalComboBoxEditor$EditorBorder
Event: 11.526 Loading class javax/swing/plaf/metal/MetalComboBoxEditor$EditorBorder done
Event: 11.526 Loading class javax/swing/plaf/metal/MetalComboBoxUI$MetalPropertyChangeListener
Event: 11.527 Loading class javax/swing/plaf/basic/BasicComboBoxUI$PropertyChangeHandler
Event: 11.527 Loading class javax/swing/plaf/basic/BasicComboBoxUI$PropertyChangeHandler done
Event: 11.527 Loading class javax/swing/plaf/metal/MetalComboBoxUI$MetalPropertyChangeListener done
Event: 11.527 Loading class javax/swing/plaf/basic/BasicComboBoxUI$Handler
Event: 11.527 Loading class javax/swing/plaf/basic/BasicComboBoxUI$Handler done
Event: 11.527 Loading class javax/swing/plaf/metal/MetalComboBoxButton
Event: 11.527 Loading class javax/swing/plaf/metal/MetalComboBoxButton done
Event: 11.527 Loading class javax/swing/plaf/metal/MetalComboBoxIcon
Event: 11.527 Loading class javax/swing/plaf/metal/MetalComboBoxIcon done
Event: 11.528 Loading class javax/swing/plaf/metal/MetalComboBoxButton$1
Event: 11.528 Loading class javax/swing/plaf/metal/MetalComboBoxButton$1 done
Event: 11.529 Loading class javax/swing/plaf/basic/BasicComboBoxUI$DefaultKeySelectionManager
Event: 11.529 Loading class javax/swing/JComboBox$KeySelectionManager
Event: 11.529 Loading class javax/swing/JComboBox$KeySelectionManager done
Event: 11.529 Loading class javax/swing/plaf/basic/BasicComboBoxUI$DefaultKeySelectionManager done

Classes unloaded (0 events):
No events

Classes redefined (0 events):
No events

Internal exceptions (20 events):
Event: 0.177 Thread 0x0000023aa44ff990 Exception <a 'java/lang/ClassNotFoundException'{0x0000000089b460d8}: sun/awt/resources/spi/awtProvider> (0x0000000089b460d8) 
thrown [s\open\src\hotspot\share\classfile\systemDictionary.cpp, line 305]
Event: 0.208 Thread 0x0000023aa44ff990 Exception <a 'java/io/FileNotFoundException'{0x0000000089b9c9d8}> (0x0000000089b9c9d8) 
thrown [s\open\src\hotspot\share\prims\jni.cpp, line 519]
Event: 0.218 Thread 0x0000023aa44ff990 Exception <a 'java/io/FileNotFoundException'{0x0000000089bc69d0}> (0x0000000089bc69d0) 
thrown [s\open\src\hotspot\share\prims\jni.cpp, line 519]
Event: 0.320 Thread 0x0000023aa44ff990 Exception <a 'java/lang/NoSuchMethodError'{0x0000000089ae1130}: 'void java.lang.invoke.DirectMethodHandle$Holder.invokeSpecial(java.lang.Object, java.lang.Object, java.lang.Object)'> (0x0000000089ae1130) 
thrown [s\open\src\hotspot\share\interpreter\linkResolver.cpp, line 773]
Event: 0.334 Thread 0x0000023aa44ff990 Exception <a 'java/lang/NoSuchMethodError'{0x000000008990bcc0}: 'java.lang.Object java.lang.invoke.DirectMethodHandle$Holder.newInvokeSpecial(java.lang.Object, java.lang.Object, java.lang.Object, java.lang.Object, java.lang.Object)'> (0x000000008990bcc0) 
thrown [s\open\src\hotspot\share\interpreter\linkResolver.cpp, line 773]
Event: 0.345 Thread 0x0000023aa44ff990 Exception <a 'java/lang/NoSuchMethodError'{0x000000008993c568}: 'java.lang.Object java.lang.invoke.DirectMethodHandle$Holder.invokeStatic(java.lang.Object, int, java.lang.Object)'> (0x000000008993c568) 
thrown [s\open\src\hotspot\share\interpreter\linkResolver.cpp, line 773]
Event: 0.386 Thread 0x0000023aa44ff990 Exception <a 'java/lang/ClassNotFoundException'{0x00000000899f7ac8}: com/sun/swing/internal/plaf/metal/resources/spi/metalProvider> (0x00000000899f7ac8) 
thrown [s\open\src\hotspot\share\classfile\systemDictionary.cpp, line 305]
Event: 0.387 Thread 0x0000023aa44ff990 Exception <a 'java/lang/ClassNotFoundException'{0x00000000899fba78}: com/sun/swing/internal/plaf/basic/resources/spi/basicProvider> (0x00000000899fba78) 
thrown [s\open\src\hotspot\share\classfile\systemDictionary.cpp, line 305]
Event: 0.399 Thread 0x0000023aa44ff990 Exception <a 'java/lang/NoSuchMethodError'{0x000000008981b5f0}: 'int java.lang.invoke.Invokers$Holder.invokeExact_MT(java.lang.Object, java.lang.Object)'> (0x000000008981b5f0) 
thrown [s\open\src\hotspot\share\interpreter\linkResolver.cpp, line 773]
Event: 0.542 Thread 0x0000023ac5342010 Exception <a 'java/lang/NoSuchMethodError'{0x0000000089628e18}: 'java.lang.Object java.lang.invoke.DirectMethodHandle$Holder.newInvokeSpecial(java.lang.Object, java.lang.Object, java.lang.Object, int, int, int, int, int)'> (0x0000000089628e18) 
thrown [s\open\src\hotspot\share\interpreter\linkResolver.cpp, line 773]
Event: 0.627 Thread 0x0000023aa44ff990 Exception <a 'java/lang/NoSuchMethodError'{0x000000008986fd00}: 'void java.lang.invoke.DirectMethodHandle$Holder.invokeStaticInit(java.lang.Object)'> (0x000000008986fd00) 
thrown [s\open\src\hotspot\share\interpreter\linkResolver.cpp, line 773]
Event: 0.757 Thread 0x0000023ac4aca240 Exception <a 'java/lang/NoSuchMethodError'{0x0000000089a95ca8}: 'void java.lang.invoke.DirectMethodHandle$Holder.invokeVirtual(java.lang.Object, java.lang.Object)'> (0x0000000089a95ca8) 
thrown [s\open\src\hotspot\share\interpreter\linkResolver.cpp, line 773]
Event: 7.781 Thread 0x0000023ac5413560 Exception <a 'java/lang/NoSuchMethodError'{0x00000000893750a8}: 'java.lang.Object java.lang.invoke.DirectMethodHandle$Holder.invokeInterface(java.lang.Object, java.lang.Object)'> (0x00000000893750a8) 
thrown [s\open\src\hotspot\share\interpreter\linkResolver.cpp, line 773]
Event: 7.816 Thread 0x0000023ac5413560 Exception <a 'java/lang/NoSuchMethodError'{0x00000000893eb288}: 'void java.lang.invoke.DirectMethodHandle$Holder.invokeStatic(java.lang.Object, java.lang.Object, java.lang.Object)'> (0x00000000893eb288) 
thrown [s\open\src\hotspot\share\interpreter\linkResolver.cpp, line 773]
Event: 7.818 Thread 0x0000023ac5413560 Exception <a 'java/lang/NoSuchMethodError'{0x00000000893f5048}: 'java.lang.Object java.lang.invoke.DirectMethodHandle$Holder.invokeVirtual(java.lang.Object, java.lang.Object, java.lang.Object)'> (0x00000000893f5048) 
thrown [s\open\src\hotspot\share\interpreter\linkResolver.cpp, line 773]
Event: 7.963 Thread 0x0000023ac5413560 Exception <a 'java/lang/NoSuchMethodError'{0x0000000089c5c4c8}: 'void java.lang.invoke.DirectMethodHandle$Holder.invokeStatic(java.lang.Object, java.lang.Object)'> (0x0000000089c5c4c8) 
thrown [s\open\src\hotspot\share\interpreter\linkResolver.cpp, line 773]
Event: 8.046 Thread 0x0000023ac5413560 Exception <a 'java/lang/NoSuchMethodError'{0x0000000089beb0f8}: 'void java.lang.invoke.DirectMethodHandle$Holder.invokeStaticInit(java.lang.Object, java.lang.Object)'> (0x0000000089beb0f8) 
thrown [s\open\src\hotspot\share\interpreter\linkResolver.cpp, line 773]
Event: 8.124 Thread 0x0000023ac5413560 Exception <a 'sun/nio/fs/WindowsException'{0x0000000089930fc0}> (0x0000000089930fc0) 
thrown [s\open\src\hotspot\share\prims\jni.cpp, line 519]
Event: 8.191 Thread 0x0000023ac5413560 Exception <a 'java/lang/NoSuchMethodError'{0x00000000899e3ea8}: 'java.lang.Object java.lang.invoke.DirectMethodHandle$Holder.invokeStaticInit(java.lang.Object, int, int, int, int)'> (0x00000000899e3ea8) 
thrown [s\open\src\hotspot\share\interpreter\linkResolver.cpp, line 773]
Event: 8.297 Thread 0x0000023ac5413560 Exception <a 'java/lang/NoSuchMethodError'{0x00000000899fcef8}: 'java.lang.Object java.lang.invoke.DirectMethodHandle$Holder.invokeStaticInit(java.lang.Object, java.lang.Object, int, int, int, int)'> (0x00000000899fcef8) 
thrown [s\open\src\hotspot\share\interpreter\linkResolver.cpp, line 773]

VM Operations (20 events):
Event: 7.761 Executing VM operation: HandshakeAllThreads
Event: 7.761 Executing VM operation: HandshakeAllThreads done
Event: 7.903 Executing VM operation: G1CollectForAllocation
Event: 7.911 Executing VM operation: G1CollectForAllocation done
Event: 7.942 Executing VM operation: HandshakeAllThreads
Event: 7.942 Executing VM operation: HandshakeAllThreads done
Event: 8.055 Executing VM operation: HandshakeAllThreads
Event: 8.055 Executing VM operation: HandshakeAllThreads done
Event: 8.559 Executing VM operation: HandshakeAllThreads
Event: 8.559 Executing VM operation: HandshakeAllThreads done
Event: 8.884 Executing VM operation: G1CollectForAllocation
Event: 8.893 Executing VM operation: G1CollectForAllocation done
Event: 8.945 Executing VM operation: HandshakeAllThreads
Event: 8.945 Executing VM operation: HandshakeAllThreads done
Event: 9.952 Executing VM operation: Cleanup
Event: 9.952 Executing VM operation: Cleanup done
Event: 10.311 Executing VM operation: HandshakeAllThreads
Event: 10.311 Executing VM operation: HandshakeAllThreads done
Event: 11.320 Executing VM operation: Cleanup
Event: 11.322 Executing VM operation: Cleanup done

Events (20 events):
Event: 0.051 Thread 0x0000023ac062fd60 Thread added: 0x0000023ac062fd60
Event: 0.088 Thread 0x0000023ac05e1730 Thread added: 0x0000023ac05e1730
Event: 0.142 Thread 0x0000023ac49255a0 Thread added: 0x0000023ac49255a0
Event: 0.273 Thread 0x0000023ac4b097a0 Thread added: 0x0000023ac4b097a0
Event: 0.275 Thread 0x0000023ac4abb4a0 Thread added: 0x0000023ac4abb4a0
Event: 0.277 Thread 0x0000023ac4aca240 Thread added: 0x0000023ac4aca240
Event: 0.441 Thread 0x0000023ac5342010 Thread added: 0x0000023ac5342010
Event: 0.497 Thread 0x0000023ac5373120 Thread added: 0x0000023ac5373120
Event: 0.605 Thread 0x0000023ac5413560 Thread added: 0x0000023ac5413560
Event: 0.763 Thread 0x0000023aa44ff990 Thread exited: 0x0000023aa44ff990
Event: 0.764 Thread 0x0000023aa44ff990 Thread added: 0x0000023aa44ff990
Event: 0.782 Thread 0x0000023ac5373120 Thread exited: 0x0000023ac5373120
Event: 0.860 Thread 0x0000023ac5711fc0 Thread added: 0x0000023ac5711fc0
Event: 5.590 Thread 0x0000023ac5342010 Thread exited: 0x0000023ac5342010
Event: 7.745 Thread 0x0000023ac4bf7660 Thread added: 0x0000023ac4bf7660
Event: 7.803 Thread 0x0000023ac572f030 Thread added: 0x0000023ac572f030
Event: 8.762 Thread 0x0000023ac6e17cf0 Thread added: 0x0000023ac6e17cf0
Event: 8.846 Thread 0x0000023ac6e19780 Thread added: 0x0000023ac6e19780
Event: 9.461 Thread 0x0000023ac572f030 Thread exited: 0x0000023ac572f030
Event: 11.483 Thread 0x0000023ac7115820 Thread added: 0x0000023ac7115820


Dynamic libraries:
0x00007ff604960000 - 0x00007ff604970000 	C:\Program Files\Java\jdk-20\bin\java.exe
0x00007ff82eb10000 - 0x00007ff82ed08000 	C:\Windows\SYSTEM32\ntdll.dll
0x00007ff826ca0000 - 0x00007ff826cb9000 	C:\Program Files\Avast Software\Avast\aswhook.dll
0x00007ff82e7f0000 - 0x00007ff82e8af000 	C:\Windows\System32\KERNEL32.DLL
0x00007ff82c640000 - 0x00007ff82c936000 	C:\Windows\System32\KERNELBASE.dll
0x00007ff82c2c0000 - 0x00007ff82c3c0000 	C:\Windows\System32\ucrtbase.dll
0x00007ff826550000 - 0x00007ff82656b000 	C:\Program Files\Java\jdk-20\bin\VCRUNTIME140.dll
0x00007ff824ee0000 - 0x00007ff824ef9000 	C:\Program Files\Java\jdk-20\bin\jli.dll
0x00007ff82e730000 - 0x00007ff82e7df000 	C:\Windows\System32\ADVAPI32.dll
0x00007ff82d0a0000 - 0x00007ff82d13e000 	C:\Windows\System32\msvcrt.dll
0x00007ff82cb70000 - 0x00007ff82cc0c000 	C:\Windows\System32\sechost.dll
0x00007ff82dc10000 - 0x00007ff82dd36000 	C:\Windows\System32\RPCRT4.dll
0x00007ff82d4b0000 - 0x00007ff82d64d000 	C:\Windows\System32\USER32.dll
0x00007ff82ca20000 - 0x00007ff82ca42000 	C:\Windows\System32\win32u.dll
0x00007ff817ab0000 - 0x00007ff817d4a000 	C:\Windows\WinSxS\amd64_microsoft.windows.common-controls_6595b64144ccf1df_6.0.19041.1110_none_60b5254171f9507e\COMCTL32.dll
0x00007ff82d160000 - 0x00007ff82d18c000 	C:\Windows\System32\GDI32.dll
0x00007ff82ca50000 - 0x00007ff82cb65000 	C:\Windows\System32\gdi32full.dll
0x00007ff82c1f0000 - 0x00007ff82c28d000 	C:\Windows\System32\msvcp_win.dll
0x00007ff8249c0000 - 0x00007ff8249ca000 	C:\Windows\SYSTEM32\VERSION.dll
0x00007ff82e510000 - 0x00007ff82e540000 	C:\Windows\System32\IMM32.DLL
0x00007ff826d00000 - 0x00007ff826d0c000 	C:\Program Files\Java\jdk-20\bin\vcruntime140_1.dll
0x00007ffff9020000 - 0x00007ffff90ae000 	C:\Program Files\Java\jdk-20\bin\msvcp140.dll
0x00007fffe4ee0000 - 0x00007fffe5b77000 	C:\Program Files\Java\jdk-20\bin\server\jvm.dll
0x00007ff8167c0000 - 0x00007ff8167c9000 	C:\Windows\SYSTEM32\WSOCK32.dll
0x00007ff818cd0000 - 0x00007ff818cf7000 	C:\Windows\SYSTEM32\WINMM.dll
0x00007ff82ea60000 - 0x00007ff82eacb000 	C:\Windows\System32\WS2_32.dll
0x00007ff82a0b0000 - 0x00007ff82a0c2000 	C:\Windows\SYSTEM32\kernel.appcore.dll
0x00007ff826500000 - 0x00007ff82650a000 	C:\Program Files\Java\jdk-20\bin\jimage.dll
0x00007ff820a60000 - 0x00007ff820c44000 	C:\Windows\SYSTEM32\DBGHELP.DLL
0x00007ff820920000 - 0x00007ff820954000 	C:\Windows\SYSTEM32\dbgcore.DLL
0x00007ff82c940000 - 0x00007ff82c9c2000 	C:\Windows\System32\bcryptPrimitives.dll
0x00007ff825170000 - 0x00007ff825196000 	C:\Program Files\Java\jdk-20\bin\java.dll
0x00007ff825090000 - 0x00007ff825167000 	C:\Program Files\Java\jdk-20\bin\jsvml.dll
0x00007ff82dd40000 - 0x00007ff82e484000 	C:\Windows\System32\SHELL32.dll
0x00007ff82a2b0000 - 0x00007ff82aa43000 	C:\Windows\SYSTEM32\windows.storage.dll
0x00007ff82cc10000 - 0x00007ff82cf64000 	C:\Windows\System32\combase.dll
0x00007ff82bb70000 - 0x00007ff82bb9e000 	C:\Windows\SYSTEM32\Wldp.dll
0x00007ff82d400000 - 0x00007ff82d4ad000 	C:\Windows\System32\SHCORE.dll
0x00007ff82dac0000 - 0x00007ff82db15000 	C:\Windows\System32\shlwapi.dll
0x00007ff82c130000 - 0x00007ff82c14f000 	C:\Windows\SYSTEM32\profapi.dll
0x00007ff8252f0000 - 0x00007ff825303000 	C:\Program Files\Java\jdk-20\bin\net.dll
0x00007ff820810000 - 0x00007ff82091a000 	C:\Windows\SYSTEM32\WINHTTP.dll
0x00007ff82b8d0000 - 0x00007ff82b93a000 	C:\Windows\system32\mswsock.dll
0x00007ff825070000 - 0x00007ff825086000 	C:\Program Files\Java\jdk-20\bin\nio.dll
0x00007ff825050000 - 0x00007ff825068000 	C:\Program Files\Java\jdk-20\bin\zip.dll
0x00007ff8039a0000 - 0x00007ff803b31000 	C:\Program Files\Java\jdk-20\bin\awt.dll
0x00007ff82cfd0000 - 0x00007ff82d09d000 	C:\Windows\System32\OLEAUT32.dll
0x00007ff829a30000 - 0x00007ff829ac1000 	C:\Windows\SYSTEM32\apphelp.dll
0x00007ff829dc0000 - 0x00007ff829def000 	C:\Windows\system32\DWMAPI.DLL
0x00007ff829be0000 - 0x00007ff829c7e000 	C:\Windows\system32\uxtheme.dll
0x00007ff811860000 - 0x00007ff811985000 	C:\Windows\system32\opengl32.dll
0x00007ff818990000 - 0x00007ff8189bc000 	C:\Windows\SYSTEM32\GLU32.dll
0x00007ff82e540000 - 0x00007ff82e654000 	C:\Windows\System32\MSCTF.dll
0x00007ff82d190000 - 0x00007ff82d2ba000 	C:\Windows\System32\ole32.dll
0x00007ffff5000000 - 0x00007ffff5086000 	C:\Program Files\Java\jdk-20\bin\freetype.dll
0x00007ffff2b20000 - 0x00007ffff2be6000 	C:\Program Files\Java\jdk-20\bin\fontmanager.dll
0x00007ff82d2c0000 - 0x00007ff82d369000 	C:\Windows\System32\clbcatq.dll
0x00007ff827150000 - 0x00007ff827304000 	C:\Windows\SYSTEM32\WindowsCodecs.dll
0x00007ff82c290000 - 0x00007ff82c2b7000 	C:\Windows\System32\bcrypt.dll
0x00007ff810230000 - 0x00007ff81026e000 	C:\Windows\system32\dataexchange.dll
0x00007ff828e10000 - 0x00007ff828ff3000 	C:\Windows\system32\dcomp.dll
0x00007ff828330000 - 0x00007ff828593000 	C:\Windows\system32\d3d11.dll
0x00007ff82aab0000 - 0x00007ff82aba3000 	C:\Windows\system32\dxgi.dll
0x00007ff827310000 - 0x00007ff827510000 	C:\Windows\system32\twinapi.appcore.dll
0x00007ff81a310000 - 0x00007ff81a40a000 	C:\Windows\SYSTEM32\textinputframework.dll
0x00007ff829380000 - 0x00007ff8296de000 	C:\Windows\System32\CoreUIComponents.dll
0x00007ff82b310000 - 0x00007ff82b343000 	C:\Windows\SYSTEM32\ntmarta.dll
0x00007ff8296e0000 - 0x00007ff8297d2000 	C:\Windows\System32\CoreMessaging.dll
0x00007ff828b60000 - 0x00007ff828cb4000 	C:\Windows\SYSTEM32\wintypes.dll
0x00007ff82b600000 - 0x00007ff82b6cb000 	C:\Windows\SYSTEM32\DNSAPI.dll
0x00007ff82b5c0000 - 0x00007ff82b5fc000 	C:\Windows\SYSTEM32\IPHLPAPI.DLL
0x00007ff82e7e0000 - 0x00007ff82e7e8000 	C:\Windows\System32\NSI.dll
0x00007ff8177e0000 - 0x00007ff8177ea000 	C:\Windows\System32\rasadhlp.dll
0x00007ff8182d0000 - 0x00007ff818352000 	C:\Windows\System32\fwpuclnt.dll
0x00007ff825030000 - 0x00007ff825037000 	C:\Program Files\Java\jdk-20\bin\extnet.dll
0x00007ff82bad0000 - 0x00007ff82bae8000 	C:\Windows\SYSTEM32\CRYPTSP.dll
0x00007ff82b1f0000 - 0x00007ff82b224000 	C:\Windows\system32\rsaenh.dll
0x00007ff82c0b0000 - 0x00007ff82c0de000 	C:\Windows\SYSTEM32\USERENV.dll
0x00007ff82bac0000 - 0x00007ff82bacc000 	C:\Windows\SYSTEM32\CRYPTBASE.dll
0x00007ff821020000 - 0x00007ff821037000 	C:\Windows\SYSTEM32\dhcpcsvc6.DLL
0x00007ff823770000 - 0x00007ff82378d000 	C:\Windows\SYSTEM32\dhcpcsvc.DLL
0x00007ff8174f0000 - 0x00007ff8174fe000 	C:\Program Files\Java\jdk-20\bin\sunmscapi.dll
0x00007ff82c470000 - 0x00007ff82c5ce000 	C:\Windows\System32\CRYPT32.dll
0x00007ff82bc50000 - 0x00007ff82bc78000 	C:\Windows\SYSTEM32\ncrypt.dll
0x00007ff82bba0000 - 0x00007ff82bbdb000 	C:\Windows\SYSTEM32\NTASN1.dll
0x00007ff813bf0000 - 0x00007ff813c1e000 	C:\Program Files\Java\jdk-20\bin\javajpeg.dll

dbghelp: loaded successfully - version: 4.0.5 - missing functions: none
symbol engine: initialized successfully - sym options: 0x614 - pdb path: .;C:\Program Files\Java\jdk-20\bin;C:\Windows\SYSTEM32;C:\Program Files\Avast Software\Avast;C:\Windows\WinSxS\amd64_microsoft.windows.common-controls_6595b64144ccf1df_6.0.19041.1110_none_60b5254171f9507e;C:\Program Files\Java\jdk-20\bin\server

VM Arguments:
jvm_args: -Dfile.encoding=UTF-8 --module-path=C:\Users\Shano\Documents\NetBeansProjects\Smartcity Tourism Management System\build\classes 
java_command: smartcity.tourism.management.system.Login
java_class_path (initial): C:\Users\Shano\Downloads\mysql-connector-java-8.0.28.jar;C:\Users\Shano\Documents\NetBeansProjects\Smartcity Tourism Management System\build\classes
Launcher Type: SUN_STANDARD

[Global flags]
     intx CICompilerCount                          = 3                                         {product} {ergonomic}
     uint ConcGCThreads                            = 1                                         {product} {ergonomic}
     uint G1ConcRefinementThreads                  = 4                                         {product} {ergonomic}
   size_t G1HeapRegionSize                         = 1048576                                   {product} {ergonomic}
    uintx GCDrainStackTargetSize                   = 64                                        {product} {ergonomic}
   size_t InitialHeapSize                          = 134217728                                 {product} {ergonomic}
   size_t MarkStackSize                            = 4194304                                   {product} {ergonomic}
   size_t MaxHeapSize                              = 2116026368                                {product} {ergonomic}
   size_t MaxNewSize                               = 1268776960                                {product} {ergonomic}
   size_t MinHeapDeltaBytes                        = 1048576                                   {product} {ergonomic}
   size_t MinHeapSize                              = 8388608                                   {product} {ergonomic}
    uintx NonNMethodCodeHeapSize                   = 5832780                                {pd product} {ergonomic}
    uintx NonProfiledCodeHeapSize                  = 122912730                              {pd product} {ergonomic}
    uintx ProfiledCodeHeapSize                     = 122912730                              {pd product} {ergonomic}
    uintx ReservedCodeCacheSize                    = 251658240                              {pd product} {ergonomic}
     bool SegmentedCodeCache                       = true                                      {product} {ergonomic}
   size_t SoftMaxHeapSize                          = 2116026368                             {manageable} {ergonomic}
     bool UseCompressedClassPointers               = true                           {product lp64_product} {ergonomic}
     bool UseCompressedOops                        = true                           {product lp64_product} {ergonomic}
     bool UseG1GC                                  = true                                      {product} {ergonomic}
     bool UseLargePagesIndividualAllocation        = false                                  {pd product} {ergonomic}

Logging:
Log output configuration:
 #0: stdout all=warning uptime,level,tags foldmultilines=false
 #1: stderr all=off uptime,level,tags foldmultilines=false

Environment Variables:
PATH=C:\Program Files (x86)\Common Files\Oracle\Java\javapath;C:\Program Files\Common Files\Oracle\Java\javapath;C:\Windows\system32;C:\Windows;C:\Windows\System32\Wbem;C:\Windows\System32\WindowsPowerShell\v1.0\;C:\Windows\System32\OpenSSH\;C:\Program Files (x86)\mingw32\bin;C:\Program Files\dotnet\;C:\Program Files\MySQL\MySQL Shell 8.0\bin\;C:\Users\Shano\AppData\Local\Microsoft\WindowsApps;;C:\Program Files\JetBrains\IntelliJ IDEA Community Edition 2022.3.3\bin;
USERNAME=Shano
OS=Windows_NT
PROCESSOR_IDENTIFIER=Intel64 Family 6 Model 61 Stepping 4, GenuineIntel
TMP=C:\Users\Shano\AppData\Local\Temp
TEMP=C:\Users\Shano\AppData\Local\Temp




---------------  S Y S T E M  ---------------

OS:
 Windows 10 , 64 bit Build 19041 (10.0.19041.2913)
OS uptime: 6 days 0:00 hours

CPU: total 4 (initial active 4) (2 cores per cpu, 2 threads per core) family 6 model 61 stepping 4 microcode 0x2d, cx8, cmov, fxsr, ht, mmx, 3dnowpref, sse, sse2, sse3, ssse3, sse4.1, sse4.2, popcnt, lzcnt, tsc, tscinvbit, avx, avx2, aes, erms, clmul, bmi1, bmi2, rtm, adx, fma, vzeroupper, clflush, rdtscp, f16c

Memory: 4k page, system-wide physical 8067M (1617M free)
TotalPageFile size 14377M (AvailPageFile size 5M)
current process WorkingSet (physical memory assigned to process): 149M, peak: 150M
current process commit charge ("private bytes"): 247M, peak: 250M

vm_info: Java HotSpot(TM) 64-Bit Server VM (20.0.1+9-29) for windows-amd64 JRE (20.0.1+9-29), built on 2023-03-07T13:56:11Z by "mach5one" with MS VC++ 17.1 (VS2022)

END.
