#
# There is insufficient memory for the Java Runtime Environment to continue.
# Native memory allocation (mmap) failed to map 134217728 bytes for G1 virtual space
# Possible reasons:
#   The system is out of physical RAM or swap space
#   The process is running with CompressedOops enabled, and the Java Heap may be blocking the growth of the native heap
# Possible solutions:
#   Reduce memory load on the system
#   Increase physical memory or swap space
#   Check if swap backing store is full
#   Decrease Java heap size (-Xmx/-Xms)
#   Decrease number of Java threads
#   Decrease Java thread stack sizes (-Xss)
#   Set larger code cache with -XX:ReservedCodeCacheSize=
#   JVM is running with Unscaled Compressed Oops mode in which the Java heap is
#     placed in the first 4GB address space. The Java Heap base address is the
#     maximum limit for the native heap growth. Please use -XX:HeapBaseMinAddress
#     to set the Java Heap base and to place the Java Heap above 4GB virtual address.
# This output file may be truncated or incomplete.
#
#  Out of Memory Error (os_windows.cpp:3528), pid=14388, tid=18044
#
# JRE version:  (20.0.1+9) (build )
# Java VM: Java HotSpot(TM) 64-Bit Server VM (20.0.1+9-29, mixed mode, sharing, tiered, compressed oops, compressed class ptrs, g1 gc, windows-amd64)
# No core dump will be written. Minidumps are not enabled by default on client versions of Windows
#

---------------  S U M M A R Y ------------

Command Line: -Dfile.encoding=UTF-8 --module-path=C:\Users\Shano\Documents\NetBeansProjects\Smartcity Tourism Management System\build\classes smartcity.tourism.management.system.Login

Host: Intel(R) Core(TM) i5-5300U CPU @ 2.30GHz, 4 cores, 7G,  Windows 10 , 64 bit Build 19041 (10.0.19041.2913)
Time: Fri May 19 01:27:55 2023 Pakistan Standard Time elapsed time: 0.025238 seconds (0d 0h 0m 0s)

---------------  T H R E A D  ---------------

Current thread (0x000001c471efef70):  JavaThread "Unknown thread" [_thread_in_vm, id=18044, stack(0x00000002d1900000,0x00000002d1a00000)]

Stack: [0x00000002d1900000,0x00000002d1a00000]
Native frames: (J=compiled Java code, j=interpreted, Vv=VM code, C=native code)
V  [jvm.dll+0x6bb95a]
V  [jvm.dll+0x8485fa]
V  [jvm.dll+0x84a1f5]
V  [jvm.dll+0x84a8f3]
V  [jvm.dll+0x280b0f]
V  [jvm.dll+0x6b86e9]
V  [jvm.dll+0x6ad2da]
V  [jvm.dll+0x35adf5]
V  [jvm.dll+0x363016]
V  [jvm.dll+0x3b3b3e]
V  [jvm.dll+0x3b3dc5]
V  [jvm.dll+0x32b50a]
V  [jvm.dll+0x32c32b]
V  [jvm.dll+0x8112bf]
V  [jvm.dll+0x3c0d91]
V  [jvm.dll+0x7fcfe3]
V  [jvm.dll+0x44c76f]
V  [jvm.dll+0x44e0e1]
C  [jli.dll+0x5287]
C  [ucrtbase.dll+0x21bb2]
C  [KERNEL32.DLL+0x17614]
C  [ntdll.dll+0x526a1]


---------------  P R O C E S S  ---------------

Threads class SMR info:
_java_thread_list=0x00007fffe5a3a098, length=0, elements={
}

Java Threads: ( => current thread )

Other Threads:
  0x000001c471f5e030 WorkerThread "GC Thread#0" [stack: 0x00000002d1a00000,0x00000002d1b00000] [id=8436]
  0x000001c471f6edf0 ConcurrentGCThread "G1 Main Marker" [stack: 0x00000002d1b00000,0x00000002d1c00000] [id=7904]
  0x000001c471f6ffd0 WorkerThread "G1 Conc#0" [stack: 0x00000002d1c00000,0x00000002d1d00000] [id=11628]

[error occurred during error reporting (printing all threads), id 0xc0000005, EXCEPTION_ACCESS_VIOLATION (0xc0000005) at pc=0x00007fffe521eb47]
VM state: not at safepoint (not fully initialized)

VM Mutex/Monitor currently owned by a thread:  ([mutex/lock_event])
[0x000001c471efb3f0] Heap_lock - owner thread: 0x000001c471efef70

Heap address: 0x0000000081e00000, size: 2018 MB, Compressed Oops mode: 32-bit

CDS archive(s) mapped at: [0x0000000000000000-0x0000000000000000-0x0000000000000000), size 0, SharedBaseAddress: 0x0000000800000000, ArchiveRelocationMode: 0.
Narrow klass base: 0x0000000000000000, Narrow klass shift: 0, Narrow klass range: 0x0

GC Precious Log:
 CardTable entry size: 512
 Card Set container configuration: InlinePtr #cards 5 size 8 Array Of Cards #cards 12 size 40 Howl #buckets 4 coarsen threshold 1843 Howl Bitmap #cards 512 size 80 coarsen threshold 460 Card regions per heap region 1 cards per card region 2048

Heap:
 garbage-first heap   total 0K, used 0K [0x0000000081e00000, 0x0000000100000000)
  region size 1024K, 0 young (0K), 0 survivors (0K)

[error occurred during error reporting (printing heap information), id 0xc0000005, EXCEPTION_ACCESS_VIOLATION (0xc0000005) at pc=0x00007fffe55f3c59]
GC Heap History (0 events):
No events

Dll operation events (1 events):
Event: 0.013 Loaded shared library C:\Program Files\Java\jdk-20\bin\java.dll

Deoptimization events (0 events):
No events

Classes loaded (0 events):
No events

Classes unloaded (0 events):
No events

Classes redefined (0 events):
No events

Internal exceptions (0 events):
No events

VM Operations (0 events):
No events

Events (0 events):
No events


Dynamic libraries:
0x00007ff604960000 - 0x00007ff604970000 	C:\Program Files\Java\jdk-20\bin\java.exe
0x00007ff82eb10000 - 0x00007ff82ed08000 	C:\Windows\SYSTEM32\ntdll.dll
0x00007ff826ca0000 - 0x00007ff826cb9000 	C:\Program Files\Avast Software\Avast\aswhook.dll
0x00007ff82e7f0000 - 0x00007ff82e8af000 	C:\Windows\System32\KERNEL32.DLL
0x00007ff82c640000 - 0x00007ff82c936000 	C:\Windows\System32\KERNELBASE.dll
0x00007ff82c2c0000 - 0x00007ff82c3c0000 	C:\Windows\System32\ucrtbase.dll
0x00007ff824ee0000 - 0x00007ff824ef9000 	C:\Program Files\Java\jdk-20\bin\jli.dll
0x00007ff826550000 - 0x00007ff82656b000 	C:\Program Files\Java\jdk-20\bin\VCRUNTIME140.dll
0x00007ff82e730000 - 0x00007ff82e7df000 	C:\Windows\System32\ADVAPI32.dll
0x00007ff82d0a0000 - 0x00007ff82d13e000 	C:\Windows\System32\msvcrt.dll
0x00007ff82cb70000 - 0x00007ff82cc0c000 	C:\Windows\System32\sechost.dll
0x00007ff82dc10000 - 0x00007ff82dd36000 	C:\Windows\System32\RPCRT4.dll
0x00007ff82d4b0000 - 0x00007ff82d64d000 	C:\Windows\System32\USER32.dll
0x00007ff82ca20000 - 0x00007ff82ca42000 	C:\Windows\System32\win32u.dll
0x00007ff817ab0000 - 0x00007ff817d4a000 	C:\Windows\WinSxS\amd64_microsoft.windows.common-controls_6595b64144ccf1df_6.0.19041.1110_none_60b5254171f9507e\COMCTL32.dll
0x00007ff82d160000 - 0x00007ff82d18c000 	C:\Windows\System32\GDI32.dll
0x00007ff82ca50000 - 0x00007ff82cb65000 	C:\Windows\System32\gdi32full.dll
0x00007ff82c1f0000 - 0x00007ff82c28d000 	C:\Windows\System32\msvcp_win.dll
0x00007ff8249c0000 - 0x00007ff8249ca000 	C:\Windows\SYSTEM32\VERSION.dll
0x00007ff82e510000 - 0x00007ff82e540000 	C:\Windows\System32\IMM32.DLL
0x00007ff826d00000 - 0x00007ff826d0c000 	C:\Program Files\Java\jdk-20\bin\vcruntime140_1.dll
0x00007ffff9020000 - 0x00007ffff90ae000 	C:\Program Files\Java\jdk-20\bin\msvcp140.dll
0x00007fffe4ee0000 - 0x00007fffe5b77000 	C:\Program Files\Java\jdk-20\bin\server\jvm.dll
0x00007ff818cd0000 - 0x00007ff818cf7000 	C:\Windows\SYSTEM32\WINMM.dll
0x00007ff8167c0000 - 0x00007ff8167c9000 	C:\Windows\SYSTEM32\WSOCK32.dll
0x00007ff82ea60000 - 0x00007ff82eacb000 	C:\Windows\System32\WS2_32.dll
0x00007ff82a0b0000 - 0x00007ff82a0c2000 	C:\Windows\SYSTEM32\kernel.appcore.dll
0x00007ff826500000 - 0x00007ff82650a000 	C:\Program Files\Java\jdk-20\bin\jimage.dll
0x00007ff820a60000 - 0x00007ff820c44000 	C:\Windows\SYSTEM32\DBGHELP.DLL
0x00007ff820920000 - 0x00007ff820954000 	C:\Windows\SYSTEM32\dbgcore.DLL
0x00007ff82c940000 - 0x00007ff82c9c2000 	C:\Windows\System32\bcryptPrimitives.dll
0x00007ff825170000 - 0x00007ff825196000 	C:\Program Files\Java\jdk-20\bin\java.dll

dbghelp: loaded successfully - version: 4.0.5 - missing functions: none
symbol engine: initialized successfully - sym options: 0x614 - pdb path: .;C:\Program Files\Java\jdk-20\bin;C:\Windows\SYSTEM32;C:\Program Files\Avast Software\Avast;C:\Windows\WinSxS\amd64_microsoft.windows.common-controls_6595b64144ccf1df_6.0.19041.1110_none_60b5254171f9507e;C:\Program Files\Java\jdk-20\bin\server

VM Arguments:
jvm_args: -Dfile.encoding=UTF-8 --module-path=C:\Users\Shano\Documents\NetBeansProjects\Smartcity Tourism Management System\build\classes 
java_command: smartcity.tourism.management.system.Login
java_class_path (initial): C:\Users\Shano\Downloads\mysql-connector-java-8.0.28.jar;C:\Users\Shano\Documents\NetBeansProjects\Smartcity Tourism Management System\build\classes
Launcher Type: SUN_STANDARD

[Global flags]
     intx CICompilerCount                          = 3                                         {product} {ergonomic}
     uint ConcGCThreads                            = 1                                         {product} {ergonomic}
     uint G1ConcRefinementThreads                  = 4                                         {product} {ergonomic}
   size_t G1HeapRegionSize                         = 1048576                                   {product} {ergonomic}
    uintx GCDrainStackTargetSize                   = 64                                        {product} {ergonomic}
   size_t InitialHeapSize                          = 134217728                                 {product} {ergonomic}
   size_t MarkStackSize                            = 4194304                                   {product} {ergonomic}
   size_t MaxHeapSize                              = 2116026368                                {product} {ergonomic}
   size_t MinHeapDeltaBytes                        = 1048576                                   {product} {ergonomic}
   size_t MinHeapSize                              = 8388608                                   {product} {ergonomic}
    uintx NonNMethodCodeHeapSize                   = 5832780                                {pd product} {ergonomic}
    uintx NonProfiledCodeHeapSize                  = 122912730                              {pd product} {ergonomic}
    uintx ProfiledCodeHeapSize                     = 122912730                              {pd product} {ergonomic}
    uintx ReservedCodeCacheSize                    = 251658240                              {pd product} {ergonomic}
     bool SegmentedCodeCache                       = true                                      {product} {ergonomic}
   size_t SoftMaxHeapSize                          = 2116026368                             {manageable} {ergonomic}
     bool UseCompressedClassPointers               = true                           {product lp64_product} {ergonomic}
     bool UseCompressedOops                        = true                           {product lp64_product} {ergonomic}
     bool UseG1GC                                  = true                                      {product} {ergonomic}
     bool UseLargePagesIndividualAllocation        = false                                  {pd product} {ergonomic}

Logging:
Log output configuration:
 #0: stdout all=warning uptime,level,tags foldmultilines=false
 #1: stderr all=off uptime,level,tags foldmultilines=false

Environment Variables:
PATH=C:\Program Files (x86)\Common Files\Oracle\Java\javapath;C:\Program Files\Common Files\Oracle\Java\javapath;C:\Windows\system32;C:\Windows;C:\Windows\System32\Wbem;C:\Windows\System32\WindowsPowerShell\v1.0\;C:\Windows\System32\OpenSSH\;C:\Program Files (x86)\mingw32\bin;C:\Program Files\dotnet\;C:\Program Files\MySQL\MySQL Shell 8.0\bin\;C:\Users\Shano\AppData\Local\Microsoft\WindowsApps;;C:\Program Files\JetBrains\IntelliJ IDEA Community Edition 2022.3.3\bin;
USERNAME=Shano
OS=Windows_NT
PROCESSOR_IDENTIFIER=Intel64 Family 6 Model 61 Stepping 4, GenuineIntel
TMP=C:\Users\Shano\AppData\Local\Temp
TEMP=C:\Users\Shano\AppData\Local\Temp




---------------  S Y S T E M  ---------------

OS:
 Windows 10 , 64 bit Build 19041 (10.0.19041.2913)
OS uptime: 5 days 23:53 hours

CPU: total 4 (initial active 4) (2 cores per cpu, 2 threads per core) family 6 model 61 stepping 4 microcode 0x2d, cx8, cmov, fxsr, ht, mmx, 3dnowpref, sse, sse2, sse3, ssse3, sse4.1, sse4.2, popcnt, lzcnt, tsc, tscinvbit, avx, avx2, aes, erms, clmul, bmi1, bmi2, rtm, adx, fma, vzeroupper, clflush, rdtscp, f16c

Memory: 4k page, system-wide physical 8067M (1541M free)
TotalPageFile size 14377M (AvailPageFile size 34M)
current process WorkingSet (physical memory assigned to process): 10M, peak: 10M
current process commit charge ("private bytes"): 52M, peak: 180M

vm_info: Java HotSpot(TM) 64-Bit Server VM (20.0.1+9-29) for windows-amd64 JRE (20.0.1+9-29), built on 2023-03-07T13:56:11Z by "mach5one" with MS VC++ 17.1 (VS2022)

END.
