#
# There is insufficient memory for the Java Runtime Environment to continue.
# Native memory allocation (malloc) failed to allocate 2080816 bytes for Chunk::new
# Possible reasons:
#   The system is out of physical RAM or swap space
#   The process is running with CompressedOops enabled, and the Java Heap may be blocking the growth of the native heap
# Possible solutions:
#   Reduce memory load on the system
#   Increase physical memory or swap space
#   Check if swap backing store is full
#   Decrease Java heap size (-Xmx/-Xms)
#   Decrease number of Java threads
#   Decrease Java thread stack sizes (-Xss)
#   Set larger code cache with -XX:ReservedCodeCacheSize=
#   JVM is running with Unscaled Compressed Oops mode in which the Java heap is
#     placed in the first 4GB address space. The Java Heap base address is the
#     maximum limit for the native heap growth. Please use -XX:HeapBaseMinAddress
#     to set the Java Heap base and to place the Java Heap above 4GB virtual address.
# This output file may be truncated or incomplete.
#
#  Out of Memory Error (arena.cpp:184), pid=11248, tid=6636
#
# JRE version: Java(TM) SE Runtime Environment (20.0.1+9) (build 20.0.1+9-29)
# Java VM: Java HotSpot(TM) 64-Bit Server VM (20.0.1+9-29, mixed mode, sharing, tiered, compressed oops, compressed class ptrs, g1 gc, windows-amd64)
# No core dump will be written. Minidumps are not enabled by default on client versions of Windows
#

---------------  S U M M A R Y ------------

Command Line: -Dfile.encoding=UTF-8 --module-path=C:\Users\Shano\Documents\NetBeansProjects\Smartcity Tourism Management System\build\classes smartcity.tourism.management.system.UpdateCustomer

Host: Intel(R) Core(TM) i5-5300U CPU @ 2.30GHz, 4 cores, 7G,  Windows 10 , 64 bit Build 19041 (10.0.19041.2913)
Time: Fri May 19 01:32:49 2023 Pakistan Standard Time elapsed time: 2.185230 seconds (0d 0h 0m 2s)

---------------  T H R E A D  ---------------

Current thread (0x0000026cfe308ee0):  JavaThread "C2 CompilerThread0" daemon [_thread_in_native, id=6636, stack(0x00000087dbb00000,0x00000087dbc00000)]


Current CompileTask:
C2:   2185  807   !   4       sun.awt.image.PNGImageDecoder::produceImage (1917 bytes)

Stack: [0x00000087dbb00000,0x00000087dbc00000]
Native frames: (J=compiled Java code, j=interpreted, Vv=VM code, C=native code)
V  [jvm.dll+0x6bb95a]
V  [jvm.dll+0x8485fa]
V  [jvm.dll+0x84a1f5]
V  [jvm.dll+0x84a8f3]
V  [jvm.dll+0x280b0f]
V  [jvm.dll+0xc2b11]
V  [jvm.dll+0xc2e35]
V  [jvm.dll+0x3bb142]
V  [jvm.dll+0x3857f5]
V  [jvm.dll+0x384c6a]
V  [jvm.dll+0x24b259]
V  [jvm.dll+0x24a651]
V  [jvm.dll+0x1ce491]
V  [jvm.dll+0x259e1b]
V  [jvm.dll+0x2584f0]
V  [jvm.dll+0x3f2895]
V  [jvm.dll+0x7f4b56]
V  [jvm.dll+0x6ba5cb]
C  [ucrtbase.dll+0x21bb2]
C  [KERNEL32.DLL+0x17614]
C  [ntdll.dll+0x526a1]


---------------  P R O C E S S  ---------------

Threads class SMR info:
_java_thread_list=0x0000026cff380e10, length=18, elements={
0x0000026cfe2f4b50, 0x0000026cfe2f76a0, 0x0000026cfe2f81e0, 0x0000026cfe2f8fa0,
0x0000026cfe2fb8f0, 0x0000026cfe2fd240, 0x0000026cfe308ee0, 0x0000026cfe315530,
0x0000026cfe518f80, 0x0000026cfe5d5f20, 0x0000026cfe6b6e70, 0x0000026cfe6b7bd0,
0x0000026cfe6b8590, 0x0000026cfe7968b0, 0x0000026cef2504a0, 0x0000026cfe81fb10,
0x0000026cfef4c7f0, 0x0000026cff1daae0
}

Java Threads: ( => current thread )
  0x0000026cfe2f4b50 JavaThread "Reference Handler" daemon [_thread_blocked, id=15584, stack(0x00000087db500000,0x00000087db600000)]
  0x0000026cfe2f76a0 JavaThread "Finalizer" daemon [_thread_blocked, id=7676, stack(0x00000087db600000,0x00000087db700000)]
  0x0000026cfe2f81e0 JavaThread "Signal Dispatcher" daemon [_thread_blocked, id=3964, stack(0x00000087db700000,0x00000087db800000)]
  0x0000026cfe2f8fa0 JavaThread "Attach Listener" daemon [_thread_blocked, id=19216, stack(0x00000087db800000,0x00000087db900000)]
  0x0000026cfe2fb8f0 JavaThread "Service Thread" daemon [_thread_blocked, id=14800, stack(0x00000087db900000,0x00000087dba00000)]
  0x0000026cfe2fd240 JavaThread "Monitor Deflation Thread" daemon [_thread_blocked, id=15172, stack(0x00000087dba00000,0x00000087dbb00000)]
=>0x0000026cfe308ee0 JavaThread "C2 CompilerThread0" daemon [_thread_in_native, id=6636, stack(0x00000087dbb00000,0x00000087dbc00000)]
  0x0000026cfe315530 JavaThread "C1 CompilerThread0" daemon [_thread_blocked, id=18808, stack(0x00000087dbc00000,0x00000087dbd00000)]
  0x0000026cfe518f80 JavaThread "Common-Cleaner" daemon [_thread_blocked, id=15860, stack(0x00000087dbd00000,0x00000087dbe00000)]
  0x0000026cfe5d5f20 JavaThread "Notification Thread" daemon [_thread_blocked, id=15900, stack(0x00000087dbe00000,0x00000087dbf00000)]
  0x0000026cfe6b6e70 JavaThread "Java2D Disposer" daemon [_thread_blocked, id=9792, stack(0x00000087dc000000,0x00000087dc100000)]
  0x0000026cfe6b7bd0 JavaThread "AWT-Shutdown" [_thread_blocked, id=18560, stack(0x00000087dc100000,0x00000087dc200000)]
  0x0000026cfe6b8590 JavaThread "AWT-Windows" daemon [_thread_in_native, id=17528, stack(0x00000087dc200000,0x00000087dc300000)]
  0x0000026cfe7968b0 JavaThread "AWT-EventQueue-0" [_thread_in_vm, id=10888, stack(0x00000087dc300000,0x00000087dc400000)]
  0x0000026cef2504a0 JavaThread "DestroyJavaVM" [_thread_blocked, id=2812, stack(0x00000087dae00000,0x00000087daf00000)]
  0x0000026cfe81fb10 JavaThread "Image Fetcher 0" daemon [_thread_blocked, id=18332, stack(0x00000087dc400000,0x00000087dc500000)]
  0x0000026cfef4c7f0 JavaThread "C2 CompilerThread1" daemon [_thread_in_vm, id=208, stack(0x00000087dc800000,0x00000087dc900000)]
  0x0000026cff1daae0 JavaThread "mysql-cj-abandoned-connection-cleanup" daemon [_thread_blocked, id=13356, stack(0x00000087dc900000,0x00000087dca00000)]

Other Threads:
  0x0000026cfe2d3f70 VMThread "VM Thread" [stack: 0x00000087db400000,0x00000087db500000] [id=18084]
  0x0000026cfe5ee5a0 WatcherThread "VM Periodic Task Thread" [stack: 0x00000087dbf00000,0x00000087dc000000] [id=1604]
  0x0000026cef2af470 WorkerThread "GC Thread#0" [stack: 0x00000087daf00000,0x00000087db000000] [id=15040]
  0x0000026cfef3ae80 WorkerThread "GC Thread#1" [stack: 0x00000087dc500000,0x00000087dc600000] [id=6356]
  0x0000026cfef85680 WorkerThread "GC Thread#2" [stack: 0x00000087dc600000,0x00000087dc700000] [id=17504]
  0x0000026cfef22c80 WorkerThread "GC Thread#3" [stack: 0x00000087dc700000,0x00000087dc800000] [id=12476]
  0x0000026cef2c0140 ConcurrentGCThread "G1 Main Marker" [stack: 0x00000087db000000,0x00000087db100000] [id=9940]
  0x0000026cef2c13d0 WorkerThread "G1 Conc#0" [stack: 0x00000087db100000,0x00000087db200000] [id=16368]
  0x0000026cef31dfd0 ConcurrentGCThread "G1 Refine#0" [stack: 0x00000087db200000,0x00000087db300000] [id=5260]
  0x0000026cef31e980 ConcurrentGCThread "G1 Service" [stack: 0x00000087db300000,0x00000087db400000] [id=4764]

Threads with active compile tasks:
C2 CompilerThread0     2274  807   !   4       sun.awt.image.PNGImageDecoder::produceImage (1917 bytes)
C1 CompilerThread0     2274 1047   !   3       java.util.jar.JarFile::checkForSpecialAttributes (163 bytes)

VM state: not at safepoint (normal execution)

VM Mutex/Monitor currently owned by a thread: None

Heap address: 0x0000000081e00000, size: 2018 MB, Compressed Oops mode: 32-bit

CDS archive(s) mapped at: [0x0000000800000000-0x0000000800c60000-0x0000000800c60000), size 12976128, SharedBaseAddress: 0x0000000800000000, ArchiveRelocationMode: 0.
Compressed class space mapped at: 0x0000000801000000-0x0000000841000000, reserved size: 1073741824
Narrow klass base: 0x0000000800000000, Narrow klass shift: 0, Narrow klass range: 0x100000000

GC Precious Log:
 CardTable entry size: 512
 Card Set container configuration: InlinePtr #cards 5 size 8 Array Of Cards #cards 12 size 40 Howl #buckets 4 coarsen threshold 1843 Howl Bitmap #cards 512 size 80 coarsen threshold 460 Card regions per heap region 1 cards per card region 2048
 CPUs: 4 total, 4 available
 Memory: 8067M
 Large Page Support: Disabled
 NUMA Support: Disabled
 Compressed Oops: Enabled (32-bit)
 Heap Region Size: 1M
 Heap Min Capacity: 8M
 Heap Initial Capacity: 128M
 Heap Max Capacity: 2018M
 Pre-touch: Disabled
 Parallel Workers: 4
 Concurrent Workers: 1
 Concurrent Refinement Workers: 4
 Periodic GC: Disabled

Heap:
 garbage-first heap   total 131072K, used 27109K [0x0000000081e00000, 0x0000000100000000)
  region size 1024K, 15 young (15360K), 2 survivors (2048K)
 Metaspace       used 8078K, committed 8320K, reserved 1114112K
  class space    used 850K, committed 960K, reserved 1048576K

Heap Regions: E=young(eden), S=young(survivor), O=old, HS=humongous(starts), HC=humongous(continues), CS=collection set, F=free, OA=open archive, CA=closed archive, TAMS=top-at-mark-start, PB=parsable bottom
|   0|0x0000000081e00000, 0x0000000081f00000, 0x0000000081f00000|100%|HS|  |TAMS 0x0000000081e00000| PB 0x0000000081e00000| Complete 
|   1|0x0000000081f00000, 0x0000000082000000, 0x0000000082000000|100%|HC|  |TAMS 0x0000000081f00000| PB 0x0000000081f00000| Complete 
|   2|0x0000000082000000, 0x0000000082100000, 0x0000000082100000|100%|HC|  |TAMS 0x0000000082000000| PB 0x0000000082000000| Complete 
|   3|0x0000000082100000, 0x0000000082200000, 0x0000000082200000|100%|HC|  |TAMS 0x0000000082100000| PB 0x0000000082100000| Complete 
|   4|0x0000000082200000, 0x0000000082300000, 0x0000000082300000|100%|HC|  |TAMS 0x0000000082200000| PB 0x0000000082200000| Complete 
|   5|0x0000000082300000, 0x0000000082400000, 0x0000000082400000|100%|HC|  |TAMS 0x0000000082300000| PB 0x0000000082300000| Complete 
|   6|0x0000000082400000, 0x0000000082500000, 0x0000000082500000|100%|HC|  |TAMS 0x0000000082400000| PB 0x0000000082400000| Complete 
|   7|0x0000000082500000, 0x0000000082600000, 0x0000000082600000|100%|HC|  |TAMS 0x0000000082500000| PB 0x0000000082500000| Complete 
|   8|0x0000000082600000, 0x0000000082700000, 0x0000000082700000|100%|HC|  |TAMS 0x0000000082600000| PB 0x0000000082600000| Complete 
|   9|0x0000000082700000, 0x0000000082800000, 0x0000000082800000|100%|HC|  |TAMS 0x0000000082700000| PB 0x0000000082700000| Complete 
|  10|0x0000000082800000, 0x0000000082900000, 0x0000000082900000|100%|HC|  |TAMS 0x0000000082800000| PB 0x0000000082800000| Complete 
|  11|0x0000000082900000, 0x0000000082a00000, 0x0000000082a00000|100%|HC|  |TAMS 0x0000000082900000| PB 0x0000000082900000| Complete 
|  12|0x0000000082a00000, 0x0000000082b00000, 0x0000000082b00000|100%|HC|  |TAMS 0x0000000082a00000| PB 0x0000000082a00000| Complete 
|  13|0x0000000082b00000, 0x0000000082b79400, 0x0000000082c00000| 47%| O|  |TAMS 0x0000000082b00000| PB 0x0000000082b00000| Untracked 
|  14|0x0000000082c00000, 0x0000000082c00000, 0x0000000082d00000|  0%| F|  |TAMS 0x0000000082c00000| PB 0x0000000082c00000| Untracked 
|  15|0x0000000082d00000, 0x0000000082d00000, 0x0000000082e00000|  0%| F|  |TAMS 0x0000000082d00000| PB 0x0000000082d00000| Untracked 
|  16|0x0000000082e00000, 0x0000000082e00000, 0x0000000082f00000|  0%| F|  |TAMS 0x0000000082e00000| PB 0x0000000082e00000| Untracked 
|  17|0x0000000082f00000, 0x0000000082f00000, 0x0000000083000000|  0%| F|  |TAMS 0x0000000082f00000| PB 0x0000000082f00000| Untracked 
|  18|0x0000000083000000, 0x0000000083000000, 0x0000000083100000|  0%| F|  |TAMS 0x0000000083000000| PB 0x0000000083000000| Untracked 
|  19|0x0000000083100000, 0x0000000083100000, 0x0000000083200000|  0%| F|  |TAMS 0x0000000083100000| PB 0x0000000083100000| Untracked 
|  20|0x0000000083200000, 0x0000000083200000, 0x0000000083300000|  0%| F|  |TAMS 0x0000000083200000| PB 0x0000000083200000| Untracked 
|  21|0x0000000083300000, 0x0000000083300000, 0x0000000083400000|  0%| F|  |TAMS 0x0000000083300000| PB 0x0000000083300000| Untracked 
|  22|0x0000000083400000, 0x0000000083400000, 0x0000000083500000|  0%| F|  |TAMS 0x0000000083400000| PB 0x0000000083400000| Untracked 
|  23|0x0000000083500000, 0x0000000083500000, 0x0000000083600000|  0%| F|  |TAMS 0x0000000083500000| PB 0x0000000083500000| Untracked 
|  24|0x0000000083600000, 0x0000000083600000, 0x0000000083700000|  0%| F|  |TAMS 0x0000000083600000| PB 0x0000000083600000| Untracked 
|  25|0x0000000083700000, 0x0000000083700000, 0x0000000083800000|  0%| F|  |TAMS 0x0000000083700000| PB 0x0000000083700000| Untracked 
|  26|0x0000000083800000, 0x0000000083800000, 0x0000000083900000|  0%| F|  |TAMS 0x0000000083800000| PB 0x0000000083800000| Untracked 
|  27|0x0000000083900000, 0x0000000083900000, 0x0000000083a00000|  0%| F|  |TAMS 0x0000000083900000| PB 0x0000000083900000| Untracked 
|  28|0x0000000083a00000, 0x0000000083a00000, 0x0000000083b00000|  0%| F|  |TAMS 0x0000000083a00000| PB 0x0000000083a00000| Untracked 
|  29|0x0000000083b00000, 0x0000000083b00000, 0x0000000083c00000|  0%| F|  |TAMS 0x0000000083b00000| PB 0x0000000083b00000| Untracked 
|  30|0x0000000083c00000, 0x0000000083c00000, 0x0000000083d00000|  0%| F|  |TAMS 0x0000000083c00000| PB 0x0000000083c00000| Untracked 
|  31|0x0000000083d00000, 0x0000000083d00000, 0x0000000083e00000|  0%| F|  |TAMS 0x0000000083d00000| PB 0x0000000083d00000| Untracked 
|  32|0x0000000083e00000, 0x0000000083e00000, 0x0000000083f00000|  0%| F|  |TAMS 0x0000000083e00000| PB 0x0000000083e00000| Untracked 
|  33|0x0000000083f00000, 0x0000000083f00000, 0x0000000084000000|  0%| F|  |TAMS 0x0000000083f00000| PB 0x0000000083f00000| Untracked 
|  34|0x0000000084000000, 0x0000000084000000, 0x0000000084100000|  0%| F|  |TAMS 0x0000000084000000| PB 0x0000000084000000| Untracked 
|  35|0x0000000084100000, 0x0000000084100000, 0x0000000084200000|  0%| F|  |TAMS 0x0000000084100000| PB 0x0000000084100000| Untracked 
|  36|0x0000000084200000, 0x0000000084200000, 0x0000000084300000|  0%| F|  |TAMS 0x0000000084200000| PB 0x0000000084200000| Untracked 
|  37|0x0000000084300000, 0x0000000084300000, 0x0000000084400000|  0%| F|  |TAMS 0x0000000084300000| PB 0x0000000084300000| Untracked 
|  38|0x0000000084400000, 0x0000000084400000, 0x0000000084500000|  0%| F|  |TAMS 0x0000000084400000| PB 0x0000000084400000| Untracked 
|  39|0x0000000084500000, 0x0000000084500000, 0x0000000084600000|  0%| F|  |TAMS 0x0000000084500000| PB 0x0000000084500000| Untracked 
|  40|0x0000000084600000, 0x0000000084600000, 0x0000000084700000|  0%| F|  |TAMS 0x0000000084600000| PB 0x0000000084600000| Untracked 
|  41|0x0000000084700000, 0x0000000084700000, 0x0000000084800000|  0%| F|  |TAMS 0x0000000084700000| PB 0x0000000084700000| Untracked 
|  42|0x0000000084800000, 0x0000000084800000, 0x0000000084900000|  0%| F|  |TAMS 0x0000000084800000| PB 0x0000000084800000| Untracked 
|  43|0x0000000084900000, 0x0000000084900000, 0x0000000084a00000|  0%| F|  |TAMS 0x0000000084900000| PB 0x0000000084900000| Untracked 
|  44|0x0000000084a00000, 0x0000000084a00000, 0x0000000084b00000|  0%| F|  |TAMS 0x0000000084a00000| PB 0x0000000084a00000| Untracked 
|  45|0x0000000084b00000, 0x0000000084b00000, 0x0000000084c00000|  0%| F|  |TAMS 0x0000000084b00000| PB 0x0000000084b00000| Untracked 
|  46|0x0000000084c00000, 0x0000000084c00000, 0x0000000084d00000|  0%| F|  |TAMS 0x0000000084c00000| PB 0x0000000084c00000| Untracked 
|  47|0x0000000084d00000, 0x0000000084d00000, 0x0000000084e00000|  0%| F|  |TAMS 0x0000000084d00000| PB 0x0000000084d00000| Untracked 
|  48|0x0000000084e00000, 0x0000000084e00000, 0x0000000084f00000|  0%| F|  |TAMS 0x0000000084e00000| PB 0x0000000084e00000| Untracked 
|  49|0x0000000084f00000, 0x0000000084f00000, 0x0000000085000000|  0%| F|  |TAMS 0x0000000084f00000| PB 0x0000000084f00000| Untracked 
|  50|0x0000000085000000, 0x0000000085000000, 0x0000000085100000|  0%| F|  |TAMS 0x0000000085000000| PB 0x0000000085000000| Untracked 
|  51|0x0000000085100000, 0x0000000085100000, 0x0000000085200000|  0%| F|  |TAMS 0x0000000085100000| PB 0x0000000085100000| Untracked 
|  52|0x0000000085200000, 0x0000000085200000, 0x0000000085300000|  0%| F|  |TAMS 0x0000000085200000| PB 0x0000000085200000| Untracked 
|  53|0x0000000085300000, 0x0000000085300000, 0x0000000085400000|  0%| F|  |TAMS 0x0000000085300000| PB 0x0000000085300000| Untracked 
|  54|0x0000000085400000, 0x0000000085400000, 0x0000000085500000|  0%| F|  |TAMS 0x0000000085400000| PB 0x0000000085400000| Untracked 
|  55|0x0000000085500000, 0x0000000085500000, 0x0000000085600000|  0%| F|  |TAMS 0x0000000085500000| PB 0x0000000085500000| Untracked 
|  56|0x0000000085600000, 0x0000000085600000, 0x0000000085700000|  0%| F|  |TAMS 0x0000000085600000| PB 0x0000000085600000| Untracked 
|  57|0x0000000085700000, 0x0000000085700000, 0x0000000085800000|  0%| F|  |TAMS 0x0000000085700000| PB 0x0000000085700000| Untracked 
|  58|0x0000000085800000, 0x0000000085800000, 0x0000000085900000|  0%| F|  |TAMS 0x0000000085800000| PB 0x0000000085800000| Untracked 
|  59|0x0000000085900000, 0x0000000085900000, 0x0000000085a00000|  0%| F|  |TAMS 0x0000000085900000| PB 0x0000000085900000| Untracked 
|  60|0x0000000085a00000, 0x0000000085a00000, 0x0000000085b00000|  0%| F|  |TAMS 0x0000000085a00000| PB 0x0000000085a00000| Untracked 
|  61|0x0000000085b00000, 0x0000000085b00000, 0x0000000085c00000|  0%| F|  |TAMS 0x0000000085b00000| PB 0x0000000085b00000| Untracked 
|  62|0x0000000085c00000, 0x0000000085c00000, 0x0000000085d00000|  0%| F|  |TAMS 0x0000000085c00000| PB 0x0000000085c00000| Untracked 
|  63|0x0000000085d00000, 0x0000000085d00000, 0x0000000085e00000|  0%| F|  |TAMS 0x0000000085d00000| PB 0x0000000085d00000| Untracked 
|  64|0x0000000085e00000, 0x0000000085e00000, 0x0000000085f00000|  0%| F|  |TAMS 0x0000000085e00000| PB 0x0000000085e00000| Untracked 
|  65|0x0000000085f00000, 0x0000000085f00000, 0x0000000086000000|  0%| F|  |TAMS 0x0000000085f00000| PB 0x0000000085f00000| Untracked 
|  66|0x0000000086000000, 0x0000000086000000, 0x0000000086100000|  0%| F|  |TAMS 0x0000000086000000| PB 0x0000000086000000| Untracked 
|  67|0x0000000086100000, 0x0000000086100000, 0x0000000086200000|  0%| F|  |TAMS 0x0000000086100000| PB 0x0000000086100000| Untracked 
|  68|0x0000000086200000, 0x0000000086200000, 0x0000000086300000|  0%| F|  |TAMS 0x0000000086200000| PB 0x0000000086200000| Untracked 
|  69|0x0000000086300000, 0x0000000086300000, 0x0000000086400000|  0%| F|  |TAMS 0x0000000086300000| PB 0x0000000086300000| Untracked 
|  70|0x0000000086400000, 0x0000000086400000, 0x0000000086500000|  0%| F|  |TAMS 0x0000000086400000| PB 0x0000000086400000| Untracked 
|  71|0x0000000086500000, 0x0000000086500000, 0x0000000086600000|  0%| F|  |TAMS 0x0000000086500000| PB 0x0000000086500000| Untracked 
|  72|0x0000000086600000, 0x0000000086600000, 0x0000000086700000|  0%| F|  |TAMS 0x0000000086600000| PB 0x0000000086600000| Untracked 
|  73|0x0000000086700000, 0x0000000086700000, 0x0000000086800000|  0%| F|  |TAMS 0x0000000086700000| PB 0x0000000086700000| Untracked 
|  74|0x0000000086800000, 0x0000000086800000, 0x0000000086900000|  0%| F|  |TAMS 0x0000000086800000| PB 0x0000000086800000| Untracked 
|  75|0x0000000086900000, 0x0000000086900000, 0x0000000086a00000|  0%| F|  |TAMS 0x0000000086900000| PB 0x0000000086900000| Untracked 
|  76|0x0000000086a00000, 0x0000000086a00000, 0x0000000086b00000|  0%| F|  |TAMS 0x0000000086a00000| PB 0x0000000086a00000| Untracked 
|  77|0x0000000086b00000, 0x0000000086b00000, 0x0000000086c00000|  0%| F|  |TAMS 0x0000000086b00000| PB 0x0000000086b00000| Untracked 
|  78|0x0000000086c00000, 0x0000000086c00000, 0x0000000086d00000|  0%| F|  |TAMS 0x0000000086c00000| PB 0x0000000086c00000| Untracked 
|  79|0x0000000086d00000, 0x0000000086d00000, 0x0000000086e00000|  0%| F|  |TAMS 0x0000000086d00000| PB 0x0000000086d00000| Untracked 
|  80|0x0000000086e00000, 0x0000000086e00000, 0x0000000086f00000|  0%| F|  |TAMS 0x0000000086e00000| PB 0x0000000086e00000| Untracked 
|  81|0x0000000086f00000, 0x0000000086f00000, 0x0000000087000000|  0%| F|  |TAMS 0x0000000086f00000| PB 0x0000000086f00000| Untracked 
|  82|0x0000000087000000, 0x0000000087000000, 0x0000000087100000|  0%| F|  |TAMS 0x0000000087000000| PB 0x0000000087000000| Untracked 
|  83|0x0000000087100000, 0x0000000087100000, 0x0000000087200000|  0%| F|  |TAMS 0x0000000087100000| PB 0x0000000087100000| Untracked 
|  84|0x0000000087200000, 0x0000000087200000, 0x0000000087300000|  0%| F|  |TAMS 0x0000000087200000| PB 0x0000000087200000| Untracked 
|  85|0x0000000087300000, 0x0000000087300000, 0x0000000087400000|  0%| F|  |TAMS 0x0000000087300000| PB 0x0000000087300000| Untracked 
|  86|0x0000000087400000, 0x0000000087400000, 0x0000000087500000|  0%| F|  |TAMS 0x0000000087400000| PB 0x0000000087400000| Untracked 
|  87|0x0000000087500000, 0x0000000087500000, 0x0000000087600000|  0%| F|  |TAMS 0x0000000087500000| PB 0x0000000087500000| Untracked 
|  88|0x0000000087600000, 0x0000000087600000, 0x0000000087700000|  0%| F|  |TAMS 0x0000000087600000| PB 0x0000000087600000| Untracked 
|  89|0x0000000087700000, 0x0000000087700000, 0x0000000087800000|  0%| F|  |TAMS 0x0000000087700000| PB 0x0000000087700000| Untracked 
|  90|0x0000000087800000, 0x0000000087800000, 0x0000000087900000|  0%| F|  |TAMS 0x0000000087800000| PB 0x0000000087800000| Untracked 
|  91|0x0000000087900000, 0x0000000087900000, 0x0000000087a00000|  0%| F|  |TAMS 0x0000000087900000| PB 0x0000000087900000| Untracked 
|  92|0x0000000087a00000, 0x0000000087a00000, 0x0000000087b00000|  0%| F|  |TAMS 0x0000000087a00000| PB 0x0000000087a00000| Untracked 
|  93|0x0000000087b00000, 0x0000000087b00000, 0x0000000087c00000|  0%| F|  |TAMS 0x0000000087b00000| PB 0x0000000087b00000| Untracked 
|  94|0x0000000087c00000, 0x0000000087c00000, 0x0000000087d00000|  0%| F|  |TAMS 0x0000000087c00000| PB 0x0000000087c00000| Untracked 
|  95|0x0000000087d00000, 0x0000000087d00000, 0x0000000087e00000|  0%| F|  |TAMS 0x0000000087d00000| PB 0x0000000087d00000| Untracked 
|  96|0x0000000087e00000, 0x0000000087e00000, 0x0000000087f00000|  0%| F|  |TAMS 0x0000000087e00000| PB 0x0000000087e00000| Untracked 
|  97|0x0000000087f00000, 0x0000000087f00000, 0x0000000088000000|  0%| F|  |TAMS 0x0000000087f00000| PB 0x0000000087f00000| Untracked 
|  98|0x0000000088000000, 0x0000000088000000, 0x0000000088100000|  0%| F|  |TAMS 0x0000000088000000| PB 0x0000000088000000| Untracked 
|  99|0x0000000088100000, 0x0000000088100000, 0x0000000088200000|  0%| F|  |TAMS 0x0000000088100000| PB 0x0000000088100000| Untracked 
| 100|0x0000000088200000, 0x0000000088200000, 0x0000000088300000|  0%| F|  |TAMS 0x0000000088200000| PB 0x0000000088200000| Untracked 
| 101|0x0000000088300000, 0x0000000088300000, 0x0000000088400000|  0%| F|  |TAMS 0x0000000088300000| PB 0x0000000088300000| Untracked 
| 102|0x0000000088400000, 0x0000000088400000, 0x0000000088500000|  0%| F|  |TAMS 0x0000000088400000| PB 0x0000000088400000| Untracked 
| 103|0x0000000088500000, 0x0000000088500000, 0x0000000088600000|  0%| F|  |TAMS 0x0000000088500000| PB 0x0000000088500000| Untracked 
| 104|0x0000000088600000, 0x0000000088600000, 0x0000000088700000|  0%| F|  |TAMS 0x0000000088600000| PB 0x0000000088600000| Untracked 
| 105|0x0000000088700000, 0x0000000088700000, 0x0000000088800000|  0%| F|  |TAMS 0x0000000088700000| PB 0x0000000088700000| Untracked 
| 106|0x0000000088800000, 0x0000000088800000, 0x0000000088900000|  0%| F|  |TAMS 0x0000000088800000| PB 0x0000000088800000| Untracked 
| 107|0x0000000088900000, 0x0000000088900000, 0x0000000088a00000|  0%| F|  |TAMS 0x0000000088900000| PB 0x0000000088900000| Untracked 
| 108|0x0000000088a00000, 0x0000000088a00000, 0x0000000088b00000|  0%| F|  |TAMS 0x0000000088a00000| PB 0x0000000088a00000| Untracked 
| 109|0x0000000088b00000, 0x0000000088b00000, 0x0000000088c00000|  0%| F|  |TAMS 0x0000000088b00000| PB 0x0000000088b00000| Untracked 
| 110|0x0000000088c00000, 0x0000000088c00000, 0x0000000088d00000|  0%| F|  |TAMS 0x0000000088c00000| PB 0x0000000088c00000| Untracked 
| 111|0x0000000088d00000, 0x0000000088d00000, 0x0000000088e00000|  0%| F|  |TAMS 0x0000000088d00000| PB 0x0000000088d00000| Untracked 
| 112|0x0000000088e00000, 0x0000000088e00000, 0x0000000088f00000|  0%| F|  |TAMS 0x0000000088e00000| PB 0x0000000088e00000| Untracked 
| 113|0x0000000088f00000, 0x0000000089000000, 0x0000000089000000|100%| S|CS|TAMS 0x0000000088f00000| PB 0x0000000088f00000| Complete 
| 114|0x0000000089000000, 0x0000000089100000, 0x0000000089100000|100%| S|CS|TAMS 0x0000000089000000| PB 0x0000000089000000| Complete 
| 115|0x0000000089100000, 0x00000000891a7e90, 0x0000000089200000| 65%| E|  |TAMS 0x0000000089100000| PB 0x0000000089100000| Complete 
| 116|0x0000000089200000, 0x0000000089300000, 0x0000000089300000|100%| E|CS|TAMS 0x0000000089200000| PB 0x0000000089200000| Complete 
| 117|0x0000000089300000, 0x0000000089400000, 0x0000000089400000|100%| E|CS|TAMS 0x0000000089300000| PB 0x0000000089300000| Complete 
| 118|0x0000000089400000, 0x0000000089500000, 0x0000000089500000|100%| E|CS|TAMS 0x0000000089400000| PB 0x0000000089400000| Complete 
| 119|0x0000000089500000, 0x0000000089600000, 0x0000000089600000|100%| E|  |TAMS 0x0000000089500000| PB 0x0000000089500000| Complete 
| 120|0x0000000089600000, 0x0000000089700000, 0x0000000089700000|100%| E|CS|TAMS 0x0000000089600000| PB 0x0000000089600000| Complete 
| 121|0x0000000089700000, 0x0000000089800000, 0x0000000089800000|100%| E|CS|TAMS 0x0000000089700000| PB 0x0000000089700000| Complete 
| 122|0x0000000089800000, 0x0000000089900000, 0x0000000089900000|100%| E|CS|TAMS 0x0000000089800000| PB 0x0000000089800000| Complete 
| 123|0x0000000089900000, 0x0000000089a00000, 0x0000000089a00000|100%| E|CS|TAMS 0x0000000089900000| PB 0x0000000089900000| Complete 
| 124|0x0000000089a00000, 0x0000000089b00000, 0x0000000089b00000|100%| E|CS|TAMS 0x0000000089a00000| PB 0x0000000089a00000| Complete 
| 125|0x0000000089b00000, 0x0000000089c00000, 0x0000000089c00000|100%| E|CS|TAMS 0x0000000089b00000| PB 0x0000000089b00000| Complete 
| 126|0x0000000089c00000, 0x0000000089d00000, 0x0000000089d00000|100%| E|CS|TAMS 0x0000000089c00000| PB 0x0000000089c00000| Complete 
| 127|0x0000000089d00000, 0x0000000089e00000, 0x0000000089e00000|100%| E|CS|TAMS 0x0000000089d00000| PB 0x0000000089d00000| Complete 

Card table byte_map: [0x0000026cf9540000,0x0000026cf9940000] _byte_map_base: 0x0000026cf9131000

Marking Bits: (CMBitMap*) 0x0000026cef2af9b0
 Bits: [0x0000026cf9d40000, 0x0000026cfbcc8000)

Polling page: 0x0000026cef320000

Metaspace:

Usage:
  Non-class:      7.10 MB used.
      Class:    858.69 KB used.
       Both:      7.94 MB used.

Virtual space:
  Non-class space:       64.00 MB reserved,       7.19 MB ( 11%) committed,  1 nodes.
      Class space:        1.00 GB reserved,     960.00 KB ( <1%) committed,  1 nodes.
             Both:        1.06 GB reserved,       8.12 MB ( <1%) committed. 

Chunk freelists:
   Non-Class:  3.94 MB
       Class:  3.08 MB
        Both:  7.02 MB

MaxMetaspaceSize: unlimited
CompressedClassSpaceSize: 1.00 GB
Initial GC threshold: 21.00 MB
Current GC threshold: 21.00 MB
CDS: on
MetaspaceReclaimPolicy: balanced
 - commit_granule_bytes: 65536.
 - commit_granule_words: 8192.
 - virtual_space_node_default_size: 8388608.
 - enlarge_chunks_in_place: 1.
 - new_chunks_are_fully_committed: 0.
 - uncommit_free_chunks: 1.
 - use_allocation_guard: 0.


Internal statistics:

num_allocs_failed_limit: 0.
num_arena_births: 150.
num_arena_deaths: 0.
num_vsnodes_births: 2.
num_vsnodes_deaths: 0.
num_space_committed: 130.
num_space_uncommitted: 0.
num_chunks_returned_to_freelist: 0.
num_chunks_taken_from_freelist: 253.
num_chunk_merges: 0.
num_chunk_splits: 158.
num_chunks_enlarged: 87.
num_inconsistent_stats: 0.

CodeHeap 'non-profiled nmethods': size=120000Kb used=388Kb max_used=388Kb free=119611Kb
 bounds [0x0000026c87ad0000, 0x0000026c87d40000, 0x0000026c8f000000]
CodeHeap 'profiled nmethods': size=120000Kb used=1782Kb max_used=1782Kb free=118218Kb
 bounds [0x0000026c80000000, 0x0000026c80270000, 0x0000026c87530000]
CodeHeap 'non-nmethods': size=5760Kb used=1571Kb max_used=1576Kb free=4188Kb
 bounds [0x0000026c87530000, 0x0000026c877a0000, 0x0000026c87ad0000]
 total_blobs=1638 nmethods=1051 adapters=498
 compilation: enabled
              stopped_count=0, restarted_count=0
 full_count=0

Compilation events (20 events):
Event: 2.162 Thread 0x0000026cfef4c7f0 nmethod 929 0x0000026c87b29210 code [0x0000026c87b29380, 0x0000026c87b293f8]
Event: 2.162 Thread 0x0000026cfef4c7f0  969       4       java.lang.Math::min (11 bytes)
Event: 2.163 Thread 0x0000026cfef4c7f0 nmethod 969 0x0000026c87b29510 code [0x0000026c87b29680, 0x0000026c87b296f0]
Event: 2.163 Thread 0x0000026cfef4c7f0  979   !   4       jdk.internal.misc.ScopedMemoryAccess::getByte (16 bytes)
Event: 2.164 Thread 0x0000026cfef4c7f0 nmethod 979 0x0000026c87b29810 code [0x0000026c87b29980, 0x0000026c87b29a48]
Event: 2.164 Thread 0x0000026cfef4c7f0  980       4       java.nio.Buffer::session (20 bytes)
Event: 2.165 Thread 0x0000026cfef4c7f0 nmethod 980 0x0000026c87b29b10 code [0x0000026c87b29c80, 0x0000026c87b29d28]
Event: 2.165 Thread 0x0000026cfe315530  981       1       java.util.jar.Attributes$Name::hashCode (5 bytes)
Event: 2.165 Thread 0x0000026cfe315530 nmethod 981 0x0000026c87b29e10 code [0x0000026c87b29f80, 0x0000026c87b2a048]
Event: 2.167 Thread 0x0000026cfe315530  982       3       java.lang.invoke.MethodHandleNatives::findMethodHandleType (7 bytes)
Event: 2.167 Thread 0x0000026cfe315530 nmethod 982 0x0000026c801a6c10 code [0x0000026c801a6da0, 0x0000026c801a6eb8]
Event: 2.170 Thread 0x0000026cfe315530  983       3       java.util.WeakHashMap::getTable (9 bytes)
Event: 2.170 Thread 0x0000026cfe315530 nmethod 983 0x0000026c801a6f90 code [0x0000026c801a7120, 0x0000026c801a7268]
Event: 2.170 Thread 0x0000026cfe315530  984       3       java.util.WeakHashMap::maskNull (12 bytes)
Event: 2.170 Thread 0x0000026cfe315530 nmethod 984 0x0000026c801a7310 code [0x0000026c801a74a0, 0x0000026c801a75e8]
Event: 2.170 Thread 0x0000026cfe315530  985       3       java.util.WeakHashMap::hash (28 bytes)
Event: 2.170 Thread 0x0000026cfe315530 nmethod 985 0x0000026c801a7690 code [0x0000026c801a7820, 0x0000026c801a7a10]
Event: 2.172 Thread 0x0000026cfef4c7f0  986       4       java.lang.StringLatin1::indexOfChar (33 bytes)
Event: 2.175 Thread 0x0000026cfe315530  987       1       java.net.URL::getHost (5 bytes)
Event: 2.175 Thread 0x0000026cfe315530 nmethod 987 0x0000026c87b2a110 code [0x0000026c87b2a280, 0x0000026c87b2a348]

GC Heap History (2 events):
Event: 1.546 GC heap before
{Heap before GC invocations=0 (full 0):
 garbage-first heap   total 131072K, used 25600K [0x0000000081e00000, 0x0000000100000000)
  region size 1024K, 13 young (13312K), 0 survivors (0K)
 Metaspace       used 4970K, committed 5248K, reserved 1114112K
  class space    used 515K, committed 640K, reserved 1048576K
}
Event: 1.558 GC heap after
{Heap after GC invocations=1 (full 0):
 garbage-first heap   total 131072K, used 15845K [0x0000000081e00000, 0x0000000100000000)
  region size 1024K, 2 young (2048K), 2 survivors (2048K)
 Metaspace       used 4970K, committed 5248K, reserved 1114112K
  class space    used 515K, committed 640K, reserved 1048576K
}

Dll operation events (7 events):
Event: 0.017 Loaded shared library C:\Program Files\Java\jdk-20\bin\java.dll
Event: 0.039 Loaded shared library C:\Program Files\Java\jdk-20\bin\jsvml.dll
Event: 0.164 Loaded shared library C:\Program Files\Java\jdk-20\bin\net.dll
Event: 0.168 Loaded shared library C:\Program Files\Java\jdk-20\bin\nio.dll
Event: 0.261 Loaded shared library C:\Program Files\Java\jdk-20\bin\zip.dll
Event: 0.291 Loaded shared library C:\Program Files\Java\jdk-20\bin\jimage.dll
Event: 0.334 Loaded shared library C:\Program Files\Java\jdk-20\bin\awt.dll

Deoptimization events (20 events):
Event: 1.959 Thread 0x0000026cfe7968b0 Uncommon trap: trap_request=0xffffffde fr.pc=0x0000026c87afc51c relative=0x00000000000002dc
Event: 1.959 Thread 0x0000026cfe7968b0 Uncommon trap: reason=class_check action=maybe_recompile pc=0x0000026c87afc51c method=java.util.regex.Pattern$BmpCharPropertyGreedy.match(Ljava/util/regex/Matcher;ILjava/lang/CharSequence;)Z @ 26 c2
Event: 1.959 Thread 0x0000026cfe7968b0 DEOPT PACKING pc=0x0000026c87afc51c sp=0x00000087dc3fea60
Event: 1.959 Thread 0x0000026cfe7968b0 DEOPT UNPACKING pc=0x0000026c87599d22 sp=0x00000087dc3fea18 mode 2
Event: 1.975 Thread 0x0000026cfe7968b0 Uncommon trap: trap_request=0xffffffde fr.pc=0x0000026c87afc51c relative=0x00000000000002dc
Event: 1.975 Thread 0x0000026cfe7968b0 Uncommon trap: reason=class_check action=maybe_recompile pc=0x0000026c87afc51c method=java.util.regex.Pattern$BmpCharPropertyGreedy.match(Ljava/util/regex/Matcher;ILjava/lang/CharSequence;)Z @ 26 c2
Event: 1.975 Thread 0x0000026cfe7968b0 DEOPT PACKING pc=0x0000026c87afc51c sp=0x00000087dc3fe960
Event: 1.975 Thread 0x0000026cfe7968b0 DEOPT UNPACKING pc=0x0000026c87599d22 sp=0x00000087dc3fe918 mode 2
Event: 1.975 Thread 0x0000026cfe7968b0 Uncommon trap: trap_request=0xffffffde fr.pc=0x0000026c87afc51c relative=0x00000000000002dc
Event: 1.975 Thread 0x0000026cfe7968b0 Uncommon trap: reason=class_check action=maybe_recompile pc=0x0000026c87afc51c method=java.util.regex.Pattern$BmpCharPropertyGreedy.match(Ljava/util/regex/Matcher;ILjava/lang/CharSequence;)Z @ 26 c2
Event: 1.975 Thread 0x0000026cfe7968b0 DEOPT PACKING pc=0x0000026c87afc51c sp=0x00000087dc3fe960
Event: 1.975 Thread 0x0000026cfe7968b0 DEOPT UNPACKING pc=0x0000026c87599d22 sp=0x00000087dc3fe918 mode 2
Event: 1.975 Thread 0x0000026cfe7968b0 Uncommon trap: trap_request=0xffffffde fr.pc=0x0000026c87afc51c relative=0x00000000000002dc
Event: 1.975 Thread 0x0000026cfe7968b0 Uncommon trap: reason=class_check action=maybe_recompile pc=0x0000026c87afc51c method=java.util.regex.Pattern$BmpCharPropertyGreedy.match(Ljava/util/regex/Matcher;ILjava/lang/CharSequence;)Z @ 26 c2
Event: 1.975 Thread 0x0000026cfe7968b0 DEOPT PACKING pc=0x0000026c87afc51c sp=0x00000087dc3fe840
Event: 1.975 Thread 0x0000026cfe7968b0 DEOPT UNPACKING pc=0x0000026c87599d22 sp=0x00000087dc3fe7f8 mode 2
Event: 2.067 Thread 0x0000026cfe7968b0 DEOPT PACKING pc=0x0000026c8001acd7 sp=0x00000087dc3fcbc0
Event: 2.067 Thread 0x0000026cfe7968b0 DEOPT UNPACKING pc=0x0000026c8759a4c2 sp=0x00000087dc3fbfe0 mode 0
Event: 2.172 Thread 0x0000026cfe7968b0 DEOPT PACKING pc=0x0000026c8000da41 sp=0x00000087dc3fa080
Event: 2.172 Thread 0x0000026cfe7968b0 DEOPT UNPACKING pc=0x0000026c8759a4c2 sp=0x00000087dc3f94f8 mode 0

Classes loaded (20 events):
Event: 2.033 Loading class java/math/MathContext
Event: 2.033 Loading class java/math/MathContext done
Event: 2.049 Loading class java/util/Collections$UnmodifiableMap$UnmodifiableEntrySet
Event: 2.049 Loading class java/util/Collections$UnmodifiableMap$UnmodifiableEntrySet done
Event: 2.050 Loading class java/util/Collections$UnmodifiableMap$UnmodifiableEntrySet$UnmodifiableEntrySetSpliterator
Event: 2.050 Loading class java/util/Collections$UnmodifiableMap$UnmodifiableEntrySet$UnmodifiableEntrySetSpliterator done
Event: 2.050 Loading class java/util/HashMap$EntrySpliterator
Event: 2.050 Loading class java/util/HashMap$EntrySpliterator done
Event: 2.050 Loading class java/lang/invoke/DirectMethodHandle$Special
Event: 2.050 Loading class java/lang/invoke/DirectMethodHandle$Special done
Event: 2.077 Loading class java/lang/NoSuchFieldError
Event: 2.077 Loading class java/lang/NoSuchFieldError done
Event: 2.147 Loading class java/lang/reflect/InvocationHandler
Event: 2.147 Loading class java/lang/reflect/InvocationHandler done
Event: 2.159 Loading class jdk/internal/foreign/MemorySessionImpl
Event: 2.160 Loading class java/lang/foreign/SegmentScope
Event: 2.160 Loading class java/lang/foreign/SegmentScope done
Event: 2.160 Loading class java/lang/foreign/SegmentAllocator
Event: 2.160 Loading class java/lang/foreign/SegmentAllocator done
Event: 2.161 Loading class jdk/internal/foreign/MemorySessionImpl done

Classes unloaded (0 events):
No events

Classes redefined (0 events):
No events

Internal exceptions (16 events):
Event: 0.172 Thread 0x0000026cef2504a0 Exception <a 'sun/nio/fs/WindowsException'{0x0000000089c3f0d0}> (0x0000000089c3f0d0) 
thrown [s\open\src\hotspot\share\prims\jni.cpp, line 519]
Event: 0.179 Thread 0x0000026cef2504a0 Exception <a 'sun/nio/fs/WindowsException'{0x0000000089c41810}> (0x0000000089c41810) 
thrown [s\open\src\hotspot\share\prims\jni.cpp, line 519]
Event: 0.311 Thread 0x0000026cef2504a0 Exception <a 'java/lang/ClassNotFoundException'{0x0000000089b46110}: sun/awt/resources/spi/awtProvider> (0x0000000089b46110) 
thrown [s\open\src\hotspot\share\classfile\systemDictionary.cpp, line 305]
Event: 0.365 Thread 0x0000026cef2504a0 Exception <a 'java/io/FileNotFoundException'{0x0000000089b9ca10}> (0x0000000089b9ca10) 
thrown [s\open\src\hotspot\share\prims\jni.cpp, line 519]
Event: 0.381 Thread 0x0000026cef2504a0 Exception <a 'java/io/FileNotFoundException'{0x0000000089bc69a0}> (0x0000000089bc69a0) 
thrown [s\open\src\hotspot\share\prims\jni.cpp, line 519]
Event: 0.643 Thread 0x0000026cfe7968b0 Exception <a 'java/lang/NoSuchMethodError'{0x0000000089954298}: 'void java.lang.invoke.DirectMethodHandle$Holder.invokeSpecial(java.lang.Object, java.lang.Object, java.lang.Object)'> (0x0000000089954298) 
thrown [s\open\src\hotspot\share\interpreter\linkResolver.cpp, line 773]
Event: 0.664 Thread 0x0000026cfe7968b0 Exception <a 'java/lang/NoSuchMethodError'{0x000000008997e9e0}: 'java.lang.Object java.lang.invoke.DirectMethodHandle$Holder.newInvokeSpecial(java.lang.Object, java.lang.Object, java.lang.Object, java.lang.Object, java.lang.Object)'> (0x000000008997e9e0) 
thrown [s\open\src\hotspot\share\interpreter\linkResolver.cpp, line 773]
Event: 0.678 Thread 0x0000026cfe7968b0 Exception <a 'java/lang/NoSuchMethodError'{0x00000000899af890}: 'java.lang.Object java.lang.invoke.DirectMethodHandle$Holder.invokeStatic(java.lang.Object, int, java.lang.Object)'> (0x00000000899af890) 
thrown [s\open\src\hotspot\share\interpreter\linkResolver.cpp, line 773]
Event: 0.744 Thread 0x0000026cfe7968b0 Exception <a 'java/lang/ClassNotFoundException'{0x000000008986b2b8}: com/sun/swing/internal/plaf/metal/resources/spi/metalProvider> (0x000000008986b2b8) 
thrown [s\open\src\hotspot\share\classfile\systemDictionary.cpp, line 305]
Event: 0.747 Thread 0x0000026cfe7968b0 Exception <a 'java/lang/ClassNotFoundException'{0x000000008986f268}: com/sun/swing/internal/plaf/basic/resources/spi/basicProvider> (0x000000008986f268) 
thrown [s\open\src\hotspot\share\classfile\systemDictionary.cpp, line 305]
Event: 0.783 Thread 0x0000026cfe7968b0 Exception <a 'java/lang/NoSuchMethodError'{0x000000008988e5f0}: 'int java.lang.invoke.Invokers$Holder.invokeExact_MT(java.lang.Object, java.lang.Object)'> (0x000000008988e5f0) 
thrown [s\open\src\hotspot\share\interpreter\linkResolver.cpp, line 773]
Event: 1.014 Thread 0x0000026cfe81fb10 Exception <a 'java/lang/NoSuchMethodError'{0x000000008967bbb0}: 'java.lang.Object java.lang.invoke.DirectMethodHandle$Holder.newInvokeSpecial(java.lang.Object, java.lang.Object, java.lang.Object, int, int, int, int, int)'> (0x000000008967bbb0) 
thrown [s\open\src\hotspot\share\interpreter\linkResolver.cpp, line 773]
Event: 1.845 Thread 0x0000026cfe7968b0 Implicit null exception at 0x0000026c87af701d to 0x0000026c87af7099
Event: 1.983 Thread 0x0000026cfe7968b0 Exception <a 'java/lang/NoSuchMethodError'{0x0000000089424e30}: 'java.lang.Object java.lang.invoke.DirectMethodHandle$Holder.invokeInterface(java.lang.Object, java.lang.Object)'> (0x0000000089424e30) 
thrown [s\open\src\hotspot\share\interpreter\linkResolver.cpp, line 773]
Event: 2.063 Thread 0x0000026cfe7968b0 Exception <a 'java/lang/NoSuchMethodError'{0x000000008949d128}: 'void java.lang.invoke.DirectMethodHandle$Holder.invokeStatic(java.lang.Object, java.lang.Object, java.lang.Object)'> (0x000000008949d128) 
thrown [s\open\src\hotspot\share\interpreter\linkResolver.cpp, line 773]
Event: 2.066 Thread 0x0000026cfe7968b0 Exception <a 'java/lang/NoSuchMethodError'{0x00000000894a7008}: 'java.lang.Object java.lang.invoke.DirectMethodHandle$Holder.invokeVirtual(java.lang.Object, java.lang.Object, java.lang.Object)'> (0x00000000894a7008) 
thrown [s\open\src\hotspot\share\interpreter\linkResolver.cpp, line 773]

VM Operations (14 events):
Event: 0.185 Executing VM operation: HandshakeAllThreads
Event: 0.186 Executing VM operation: HandshakeAllThreads done
Event: 0.399 Executing VM operation: HandshakeAllThreads
Event: 0.399 Executing VM operation: HandshakeAllThreads done
Event: 0.944 Executing VM operation: HandshakeAllThreads
Event: 0.944 Executing VM operation: HandshakeAllThreads done
Event: 1.546 Executing VM operation: G1CollectForAllocation
Event: 1.558 Executing VM operation: G1CollectForAllocation done
Event: 1.620 Executing VM operation: HandshakeAllThreads
Event: 1.620 Executing VM operation: HandshakeAllThreads done
Event: 1.831 Executing VM operation: HandshakeAllThreads
Event: 1.831 Executing VM operation: HandshakeAllThreads done
Event: 1.950 Executing VM operation: HandshakeAllThreads
Event: 1.950 Executing VM operation: HandshakeAllThreads done

Events (20 events):
Event: 0.040 Thread 0x0000026cef2504a0 Thread added: 0x0000026cef2504a0
Event: 0.064 Thread 0x0000026cfe2f4b50 Thread added: 0x0000026cfe2f4b50
Event: 0.065 Thread 0x0000026cfe2f76a0 Thread added: 0x0000026cfe2f76a0
Event: 0.065 Thread 0x0000026cfe2f81e0 Thread added: 0x0000026cfe2f81e0
Event: 0.066 Thread 0x0000026cfe2f8fa0 Thread added: 0x0000026cfe2f8fa0
Event: 0.066 Thread 0x0000026cfe2fb8f0 Thread added: 0x0000026cfe2fb8f0
Event: 0.066 Thread 0x0000026cfe2fd240 Thread added: 0x0000026cfe2fd240
Event: 0.066 Thread 0x0000026cfe308ee0 Thread added: 0x0000026cfe308ee0
Event: 0.067 Thread 0x0000026cfe315530 Thread added: 0x0000026cfe315530
Event: 0.137 Thread 0x0000026cfe518f80 Thread added: 0x0000026cfe518f80
Event: 0.239 Thread 0x0000026cfe5d5f20 Thread added: 0x0000026cfe5d5f20
Event: 0.478 Thread 0x0000026cfe6b6e70 Thread added: 0x0000026cfe6b6e70
Event: 0.484 Thread 0x0000026cfe6b7bd0 Thread added: 0x0000026cfe6b7bd0
Event: 0.492 Thread 0x0000026cfe6b8590 Thread added: 0x0000026cfe6b8590
Event: 0.516 Thread 0x0000026cfe7968b0 Thread added: 0x0000026cfe7968b0
Event: 0.517 Thread 0x0000026cef2504a0 Thread exited: 0x0000026cef2504a0
Event: 0.517 Thread 0x0000026cef2504a0 Thread added: 0x0000026cef2504a0
Event: 0.818 Thread 0x0000026cfe81fb10 Thread added: 0x0000026cfe81fb10
Event: 1.765 Thread 0x0000026cfef4c7f0 Thread added: 0x0000026cfef4c7f0
Event: 1.897 Thread 0x0000026cff1daae0 Thread added: 0x0000026cff1daae0


Dynamic libraries:
0x00007ff604960000 - 0x00007ff604970000 	C:\Program Files\Java\jdk-20\bin\java.exe
0x00007ff82eb10000 - 0x00007ff82ed08000 	C:\Windows\SYSTEM32\ntdll.dll
0x00007ff826ca0000 - 0x00007ff826cb9000 	C:\Program Files\Avast Software\Avast\aswhook.dll
0x00007ff82e7f0000 - 0x00007ff82e8af000 	C:\Windows\System32\KERNEL32.DLL
0x00007ff82c640000 - 0x00007ff82c936000 	C:\Windows\System32\KERNELBASE.dll
0x00007ff82c2c0000 - 0x00007ff82c3c0000 	C:\Windows\System32\ucrtbase.dll
0x00007ff826550000 - 0x00007ff82656b000 	C:\Program Files\Java\jdk-20\bin\VCRUNTIME140.dll
0x00007ff824ee0000 - 0x00007ff824ef9000 	C:\Program Files\Java\jdk-20\bin\jli.dll
0x00007ff82e730000 - 0x00007ff82e7df000 	C:\Windows\System32\ADVAPI32.dll
0x00007ff82d0a0000 - 0x00007ff82d13e000 	C:\Windows\System32\msvcrt.dll
0x00007ff82cb70000 - 0x00007ff82cc0c000 	C:\Windows\System32\sechost.dll
0x00007ff82dc10000 - 0x00007ff82dd36000 	C:\Windows\System32\RPCRT4.dll
0x00007ff82d4b0000 - 0x00007ff82d64d000 	C:\Windows\System32\USER32.dll
0x00007ff82ca20000 - 0x00007ff82ca42000 	C:\Windows\System32\win32u.dll
0x00007ff82d160000 - 0x00007ff82d18c000 	C:\Windows\System32\GDI32.dll
0x00007ff82ca50000 - 0x00007ff82cb65000 	C:\Windows\System32\gdi32full.dll
0x00007ff817ab0000 - 0x00007ff817d4a000 	C:\Windows\WinSxS\amd64_microsoft.windows.common-controls_6595b64144ccf1df_6.0.19041.1110_none_60b5254171f9507e\COMCTL32.dll
0x00007ff82c1f0000 - 0x00007ff82c28d000 	C:\Windows\System32\msvcp_win.dll
0x00007ff8249c0000 - 0x00007ff8249ca000 	C:\Windows\SYSTEM32\VERSION.dll
0x00007ff82e510000 - 0x00007ff82e540000 	C:\Windows\System32\IMM32.DLL
0x00007ff826d00000 - 0x00007ff826d0c000 	C:\Program Files\Java\jdk-20\bin\vcruntime140_1.dll
0x00007ffff9020000 - 0x00007ffff90ae000 	C:\Program Files\Java\jdk-20\bin\msvcp140.dll
0x00007fffe4ee0000 - 0x00007fffe5b77000 	C:\Program Files\Java\jdk-20\bin\server\jvm.dll
0x00007ff8167c0000 - 0x00007ff8167c9000 	C:\Windows\SYSTEM32\WSOCK32.dll
0x00007ff82ea60000 - 0x00007ff82eacb000 	C:\Windows\System32\WS2_32.dll
0x00007ff818cd0000 - 0x00007ff818cf7000 	C:\Windows\SYSTEM32\WINMM.dll
0x00007ff82a0b0000 - 0x00007ff82a0c2000 	C:\Windows\SYSTEM32\kernel.appcore.dll
0x00007ff826500000 - 0x00007ff82650a000 	C:\Program Files\Java\jdk-20\bin\jimage.dll
0x00007ff820a60000 - 0x00007ff820c44000 	C:\Windows\SYSTEM32\DBGHELP.DLL
0x00007ff820920000 - 0x00007ff820954000 	C:\Windows\SYSTEM32\dbgcore.DLL
0x00007ff82c940000 - 0x00007ff82c9c2000 	C:\Windows\System32\bcryptPrimitives.dll
0x00007ff825170000 - 0x00007ff825196000 	C:\Program Files\Java\jdk-20\bin\java.dll
0x00007ff825090000 - 0x00007ff825167000 	C:\Program Files\Java\jdk-20\bin\jsvml.dll
0x00007ff82dd40000 - 0x00007ff82e484000 	C:\Windows\System32\SHELL32.dll
0x00007ff82a2b0000 - 0x00007ff82aa43000 	C:\Windows\SYSTEM32\windows.storage.dll
0x00007ff82cc10000 - 0x00007ff82cf64000 	C:\Windows\System32\combase.dll
0x00007ff82bb70000 - 0x00007ff82bb9e000 	C:\Windows\SYSTEM32\Wldp.dll
0x00007ff82d400000 - 0x00007ff82d4ad000 	C:\Windows\System32\SHCORE.dll
0x00007ff82dac0000 - 0x00007ff82db15000 	C:\Windows\System32\shlwapi.dll
0x00007ff82c130000 - 0x00007ff82c14f000 	C:\Windows\SYSTEM32\profapi.dll
0x00007ff8252f0000 - 0x00007ff825303000 	C:\Program Files\Java\jdk-20\bin\net.dll
0x00007ff820810000 - 0x00007ff82091a000 	C:\Windows\SYSTEM32\WINHTTP.dll
0x00007ff82b8d0000 - 0x00007ff82b93a000 	C:\Windows\system32\mswsock.dll
0x00007ff825070000 - 0x00007ff825086000 	C:\Program Files\Java\jdk-20\bin\nio.dll
0x00007ff825050000 - 0x00007ff825068000 	C:\Program Files\Java\jdk-20\bin\zip.dll
0x00007ff8039a0000 - 0x00007ff803b31000 	C:\Program Files\Java\jdk-20\bin\awt.dll
0x00007ff82cfd0000 - 0x00007ff82d09d000 	C:\Windows\System32\OLEAUT32.dll
0x00007ff829a30000 - 0x00007ff829ac1000 	C:\Windows\SYSTEM32\apphelp.dll
0x00007ff829be0000 - 0x00007ff829c7e000 	C:\Windows\system32\uxtheme.dll
0x00007ff82e540000 - 0x00007ff82e654000 	C:\Windows\System32\MSCTF.dll
0x00007ff82d190000 - 0x00007ff82d2ba000 	C:\Windows\System32\ole32.dll
0x00007ff829dc0000 - 0x00007ff829def000 	C:\Windows\system32\DWMAPI.DLL
0x00007ff811860000 - 0x00007ff811985000 	C:\Windows\system32\opengl32.dll
0x00007ff818990000 - 0x00007ff8189bc000 	C:\Windows\SYSTEM32\GLU32.dll
0x00007ff82b600000 - 0x00007ff82b6cb000 	C:\Windows\SYSTEM32\DNSAPI.dll
0x00007ff82b5c0000 - 0x00007ff82b5fc000 	C:\Windows\SYSTEM32\IPHLPAPI.DLL
0x00007ff82e7e0000 - 0x00007ff82e7e8000 	C:\Windows\System32\NSI.dll
0x00007ff8177e0000 - 0x00007ff8177ea000 	C:\Windows\System32\rasadhlp.dll
0x00007ff8182d0000 - 0x00007ff818352000 	C:\Windows\System32\fwpuclnt.dll
0x00007ff82c290000 - 0x00007ff82c2b7000 	C:\Windows\System32\bcrypt.dll

dbghelp: loaded successfully - version: 4.0.5 - missing functions: none
symbol engine: initialized successfully - sym options: 0x614 - pdb path: .;C:\Program Files\Java\jdk-20\bin;C:\Windows\SYSTEM32;C:\Program Files\Avast Software\Avast;C:\Windows\WinSxS\amd64_microsoft.windows.common-controls_6595b64144ccf1df_6.0.19041.1110_none_60b5254171f9507e;C:\Program Files\Java\jdk-20\bin\server

VM Arguments:
jvm_args: -Dfile.encoding=UTF-8 --module-path=C:\Users\Shano\Documents\NetBeansProjects\Smartcity Tourism Management System\build\classes 
java_command: smartcity.tourism.management.system.UpdateCustomer
java_class_path (initial): C:\Users\Shano\Downloads\mysql-connector-java-8.0.28.jar;C:\Users\Shano\Documents\NetBeansProjects\Smartcity Tourism Management System\build\classes
Launcher Type: SUN_STANDARD

[Global flags]
     intx CICompilerCount                          = 3                                         {product} {ergonomic}
     uint ConcGCThreads                            = 1                                         {product} {ergonomic}
     uint G1ConcRefinementThreads                  = 4                                         {product} {ergonomic}
   size_t G1HeapRegionSize                         = 1048576                                   {product} {ergonomic}
    uintx GCDrainStackTargetSize                   = 64                                        {product} {ergonomic}
   size_t InitialHeapSize                          = 134217728                                 {product} {ergonomic}
   size_t MarkStackSize                            = 4194304                                   {product} {ergonomic}
   size_t MaxHeapSize                              = 2116026368                                {product} {ergonomic}
   size_t MaxNewSize                               = 1268776960                                {product} {ergonomic}
   size_t MinHeapDeltaBytes                        = 1048576                                   {product} {ergonomic}
   size_t MinHeapSize                              = 8388608                                   {product} {ergonomic}
    uintx NonNMethodCodeHeapSize                   = 5832780                                {pd product} {ergonomic}
    uintx NonProfiledCodeHeapSize                  = 122912730                              {pd product} {ergonomic}
    uintx ProfiledCodeHeapSize                     = 122912730                              {pd product} {ergonomic}
    uintx ReservedCodeCacheSize                    = 251658240                              {pd product} {ergonomic}
     bool SegmentedCodeCache                       = true                                      {product} {ergonomic}
   size_t SoftMaxHeapSize                          = 2116026368                             {manageable} {ergonomic}
     bool UseCompressedClassPointers               = true                           {product lp64_product} {ergonomic}
     bool UseCompressedOops                        = true                           {product lp64_product} {ergonomic}
     bool UseG1GC                                  = true                                      {product} {ergonomic}
     bool UseLargePagesIndividualAllocation        = false                                  {pd product} {ergonomic}

Logging:
Log output configuration:
 #0: stdout all=warning uptime,level,tags foldmultilines=false
 #1: stderr all=off uptime,level,tags foldmultilines=false

Environment Variables:
PATH=C:\Program Files (x86)\Common Files\Oracle\Java\javapath;C:\Program Files\Common Files\Oracle\Java\javapath;C:\Windows\system32;C:\Windows;C:\Windows\System32\Wbem;C:\Windows\System32\WindowsPowerShell\v1.0\;C:\Windows\System32\OpenSSH\;C:\Program Files (x86)\mingw32\bin;C:\Program Files\dotnet\;C:\Program Files\MySQL\MySQL Shell 8.0\bin\;C:\Users\Shano\AppData\Local\Microsoft\WindowsApps;;C:\Program Files\JetBrains\IntelliJ IDEA Community Edition 2022.3.3\bin;
USERNAME=Shano
OS=Windows_NT
PROCESSOR_IDENTIFIER=Intel64 Family 6 Model 61 Stepping 4, GenuineIntel
TMP=C:\Users\Shano\AppData\Local\Temp
TEMP=C:\Users\Shano\AppData\Local\Temp




---------------  S Y S T E M  ---------------

OS:
 Windows 10 , 64 bit Build 19041 (10.0.19041.2913)
OS uptime: 5 days 23:58 hours

CPU: total 4 (initial active 4) (2 cores per cpu, 2 threads per core) family 6 model 61 stepping 4 microcode 0x2d, cx8, cmov, fxsr, ht, mmx, 3dnowpref, sse, sse2, sse3, ssse3, sse4.1, sse4.2, popcnt, lzcnt, tsc, tscinvbit, avx, avx2, aes, erms, clmul, bmi1, bmi2, rtm, adx, fma, vzeroupper, clflush, rdtscp, f16c

Memory: 4k page, system-wide physical 8067M (1658M free)
TotalPageFile size 14377M (AvailPageFile size 10M)
current process WorkingSet (physical memory assigned to process): 96M, peak: 96M
current process commit charge ("private bytes"): 230M, peak: 231M

vm_info: Java HotSpot(TM) 64-Bit Server VM (20.0.1+9-29) for windows-amd64 JRE (20.0.1+9-29), built on 2023-03-07T13:56:11Z by "mach5one" with MS VC++ 17.1 (VS2022)

END.
