#
# There is insufficient memory for the Java Runtime Environment to continue.
# Native memory allocation (malloc) failed to allocate 716496 bytes for Chunk::new
# Possible reasons:
#   The system is out of physical RAM or swap space
#   The process is running with CompressedOops enabled, and the Java Heap may be blocking the growth of the native heap
# Possible solutions:
#   Reduce memory load on the system
#   Increase physical memory or swap space
#   Check if swap backing store is full
#   Decrease Java heap size (-Xmx/-Xms)
#   Decrease number of Java threads
#   Decrease Java thread stack sizes (-Xss)
#   Set larger code cache with -XX:ReservedCodeCacheSize=
#   JVM is running with Unscaled Compressed Oops mode in which the Java heap is
#     placed in the first 4GB address space. The Java Heap base address is the
#     maximum limit for the native heap growth. Please use -XX:HeapBaseMinAddress
#     to set the Java Heap base and to place the Java Heap above 4GB virtual address.
# This output file may be truncated or incomplete.
#
#  Out of Memory Error (arena.cpp:184), pid=11816, tid=17284
#
# JRE version: Java(TM) SE Runtime Environment (20.0.1+9) (build 20.0.1+9-29)
# Java VM: Java HotSpot(TM) 64-Bit Server VM (20.0.1+9-29, mixed mode, sharing, tiered, compressed oops, compressed class ptrs, g1 gc, windows-amd64)
# No core dump will be written. Minidumps are not enabled by default on client versions of Windows
#

---------------  S U M M A R Y ------------

Command Line: -Dfile.encoding=UTF-8 --module-path=C:\Users\Shano\Documents\NetBeansProjects\Smartcity Tourism Management System\build\classes smartcity.tourism.management.system.Paytm

Host: Intel(R) Core(TM) i5-5300U CPU @ 2.30GHz, 4 cores, 7G,  Windows 10 , 64 bit Build 19041 (10.0.19041.2913)
Time: Wed May 17 20:33:26 2023 Pakistan Standard Time elapsed time: 6.168977 seconds (0d 0h 0m 6s)

---------------  T H R E A D  ---------------

Current thread (0x0000016e6cff6a00):  JavaThread "C2 CompilerThread1" daemon [_thread_in_native, id=17284, stack(0x0000004da3000000,0x0000004da3100000)]


Current CompileTask:
C2:   6169 1698   !   4       sun.nio.cs.StreamDecoder::read (78 bytes)

Stack: [0x0000004da3000000,0x0000004da3100000]
Native frames: (J=compiled Java code, j=interpreted, Vv=VM code, C=native code)
V  [jvm.dll+0x6bb95a]
V  [jvm.dll+0x8485fa]
V  [jvm.dll+0x84a1f5]
V  [jvm.dll+0x84a8f3]
V  [jvm.dll+0x280b0f]
V  [jvm.dll+0xc2b11]
V  [jvm.dll+0xc2e35]
V  [jvm.dll+0x3bb142]
V  [jvm.dll+0x3857f5]
V  [jvm.dll+0x384c6a]
V  [jvm.dll+0x24b259]
V  [jvm.dll+0x24a651]
V  [jvm.dll+0x1ce491]
V  [jvm.dll+0x259e1b]
V  [jvm.dll+0x2584f0]
V  [jvm.dll+0x3f2895]
V  [jvm.dll+0x7f4b56]
V  [jvm.dll+0x6ba5cb]
C  [ucrtbase.dll+0x21bb2]
C  [KERNEL32.DLL+0x17614]
C  [ntdll.dll+0x526a1]


---------------  P R O C E S S  ---------------

Threads class SMR info:
_java_thread_list=0x0000016e6d411160, length=18, elements={
0x0000016e67721f40, 0x0000016e67725910, 0x0000016e67727ae0, 0x0000016e67728980,
0x0000016e6772b3d0, 0x0000016e6772db50, 0x0000016e6772f970, 0x0000016e67733470,
0x0000016e6b96e510, 0x0000016e6ba30650, 0x0000016e6bc4ea80, 0x0000016e6bc565a0,
0x0000016e6c6c20c0, 0x0000016e6c4e8240, 0x0000016e6c6fb0b0, 0x0000016e6c7000d0,
0x0000016e4b610690, 0x0000016e6cff6a00
}

Java Threads: ( => current thread )
  0x0000016e67721f40 JavaThread "Reference Handler" daemon [_thread_blocked, id=15584, stack(0x0000004da1900000,0x0000004da1a00000)]
  0x0000016e67725910 JavaThread "Finalizer" daemon [_thread_blocked, id=252, stack(0x0000004da1a00000,0x0000004da1b00000)]
  0x0000016e67727ae0 JavaThread "Signal Dispatcher" daemon [_thread_blocked, id=7324, stack(0x0000004da1b00000,0x0000004da1c00000)]
  0x0000016e67728980 JavaThread "Attach Listener" daemon [_thread_blocked, id=3100, stack(0x0000004da1c00000,0x0000004da1d00000)]
  0x0000016e6772b3d0 JavaThread "Service Thread" daemon [_thread_blocked, id=17812, stack(0x0000004da1d00000,0x0000004da1e00000)]
  0x0000016e6772db50 JavaThread "Monitor Deflation Thread" daemon [_thread_blocked, id=13564, stack(0x0000004da1e00000,0x0000004da1f00000)]
  0x0000016e6772f970 JavaThread "C2 CompilerThread0" daemon [_thread_in_native, id=17848, stack(0x0000004da1f00000,0x0000004da2000000)]
  0x0000016e67733470 JavaThread "C1 CompilerThread0" daemon [_thread_blocked, id=15812, stack(0x0000004da2000000,0x0000004da2100000)]
  0x0000016e6b96e510 JavaThread "Common-Cleaner" daemon [_thread_blocked, id=4352, stack(0x0000004da2100000,0x0000004da2200000)]
  0x0000016e6ba30650 JavaThread "Notification Thread" daemon [_thread_blocked, id=9836, stack(0x0000004da2200000,0x0000004da2300000)]
  0x0000016e6bc4ea80 JavaThread "Java2D Disposer" daemon [_thread_blocked, id=16968, stack(0x0000004da2400000,0x0000004da2500000)]
  0x0000016e6bc565a0 JavaThread "AWT-Windows" daemon [_thread_in_native, id=19160, stack(0x0000004da2600000,0x0000004da2700000)]
  0x0000016e6c6c20c0 JavaThread "AWT-Shutdown" [_thread_blocked, id=7492, stack(0x0000004da2900000,0x0000004da2a00000)]
  0x0000016e6c4e8240 JavaThread "AWT-EventQueue-0" [_thread_blocked, id=15772, stack(0x0000004da2a00000,0x0000004da2b00000)]
  0x0000016e6c6fb0b0 JavaThread "SwingWorker-pool-1-thread-1" daemon [_thread_in_Java, id=17972, stack(0x0000004da2b00000,0x0000004da2c00000)]
  0x0000016e6c7000d0 JavaThread "TimerQueue" daemon [_thread_blocked, id=18608, stack(0x0000004da2c00000,0x0000004da2d00000)]
  0x0000016e4b610690 JavaThread "DestroyJavaVM" [_thread_blocked, id=17668, stack(0x0000004da1200000,0x0000004da1300000)]
=>0x0000016e6cff6a00 JavaThread "C2 CompilerThread1" daemon [_thread_in_native, id=17284, stack(0x0000004da3000000,0x0000004da3100000)]

Other Threads:
  0x0000016e677052e0 VMThread "VM Thread" [stack: 0x0000004da1800000,0x0000004da1900000] [id=4432]
  0x0000016e6ba31dc0 WatcherThread "VM Periodic Task Thread" [stack: 0x0000004da2300000,0x0000004da2400000] [id=9808]
  0x0000016e4b66e550 WorkerThread "GC Thread#0" [stack: 0x0000004da1300000,0x0000004da1400000] [id=19248]
  0x0000016e6c4e8dc0 WorkerThread "GC Thread#1" [stack: 0x0000004da2500000,0x0000004da2600000] [id=11072]
  0x0000016e6c4e7370 WorkerThread "GC Thread#2" [stack: 0x0000004da2700000,0x0000004da2800000] [id=4848]
  0x0000016e6c551140 WorkerThread "GC Thread#3" [stack: 0x0000004da2800000,0x0000004da2900000] [id=9464]
  0x0000016e4b67f310 ConcurrentGCThread "G1 Main Marker" [stack: 0x0000004da1400000,0x0000004da1500000] [id=18956]
  0x0000016e4b6804e0 WorkerThread "G1 Conc#0" [stack: 0x0000004da1500000,0x0000004da1600000] [id=4400]
  0x0000016e4b6de390 ConcurrentGCThread "G1 Refine#0" [stack: 0x0000004da1600000,0x0000004da1700000] [id=19000]
  0x0000016e675b40c0 ConcurrentGCThread "G1 Service" [stack: 0x0000004da1700000,0x0000004da1800000] [id=8368]

Threads with active compile tasks:
C2 CompilerThread0     6280 1722       4       sun.nio.cs.UTF_8$Decoder::decodeArrayLoop (688 bytes)
C2 CompilerThread1     6281 1698   !   4       sun.nio.cs.StreamDecoder::read (78 bytes)

VM state: not at safepoint (normal execution)

VM Mutex/Monitor currently owned by a thread: None

Heap address: 0x0000000081e00000, size: 2018 MB, Compressed Oops mode: 32-bit

CDS archive(s) mapped at: [0x0000000800000000-0x0000000800c60000-0x0000000800c60000), size 12976128, SharedBaseAddress: 0x0000000800000000, ArchiveRelocationMode: 0.
Compressed class space mapped at: 0x0000000801000000-0x0000000841000000, reserved size: 1073741824
Narrow klass base: 0x0000000800000000, Narrow klass shift: 0, Narrow klass range: 0x100000000

GC Precious Log:
 CardTable entry size: 512
 Card Set container configuration: InlinePtr #cards 5 size 8 Array Of Cards #cards 12 size 40 Howl #buckets 4 coarsen threshold 1843 Howl Bitmap #cards 512 size 80 coarsen threshold 460 Card regions per heap region 1 cards per card region 2048
 CPUs: 4 total, 4 available
 Memory: 8067M
 Large Page Support: Disabled
 NUMA Support: Disabled
 Compressed Oops: Enabled (32-bit)
 Heap Region Size: 1M
 Heap Min Capacity: 8M
 Heap Initial Capacity: 128M
 Heap Max Capacity: 2018M
 Pre-touch: Disabled
 Parallel Workers: 4
 Concurrent Workers: 1
 Concurrent Refinement Workers: 4
 Periodic GC: Disabled

Heap:
 garbage-first heap   total 131072K, used 13417K [0x0000000081e00000, 0x0000000100000000)
  region size 1024K, 10 young (10240K), 2 survivors (2048K)
 Metaspace       used 16284K, committed 16512K, reserved 1114112K
  class space    used 1815K, committed 1920K, reserved 1048576K

Heap Regions: E=young(eden), S=young(survivor), O=old, HS=humongous(starts), HC=humongous(continues), CS=collection set, F=free, OA=open archive, CA=closed archive, TAMS=top-at-mark-start, PB=parsable bottom
|   0|0x0000000081e00000, 0x0000000081f00000, 0x0000000081f00000|100%| O|  |TAMS 0x0000000081e00000| PB 0x0000000081e00000| Untracked 
|   1|0x0000000081f00000, 0x0000000082000000, 0x0000000082000000|100%| O|  |TAMS 0x0000000081f00000| PB 0x0000000081f00000| Untracked 
|   2|0x0000000082000000, 0x0000000082100000, 0x0000000082100000|100%|HS|  |TAMS 0x0000000082000000| PB 0x0000000082000000| Complete 
|   3|0x0000000082100000, 0x0000000082200000, 0x0000000082200000|100%|HC|  |TAMS 0x0000000082100000| PB 0x0000000082100000| Complete 
|   4|0x0000000082200000, 0x0000000082300000, 0x0000000082300000|100%| O|  |TAMS 0x0000000082200000| PB 0x0000000082200000| Untracked 
|   5|0x0000000082300000, 0x000000008238b200, 0x0000000082400000| 54%| O|  |TAMS 0x0000000082300000| PB 0x0000000082300000| Untracked 
|   6|0x0000000082400000, 0x0000000082400000, 0x0000000082500000|  0%| F|  |TAMS 0x0000000082400000| PB 0x0000000082400000| Untracked 
|   7|0x0000000082500000, 0x0000000082500000, 0x0000000082600000|  0%| F|  |TAMS 0x0000000082500000| PB 0x0000000082500000| Untracked 
|   8|0x0000000082600000, 0x0000000082600000, 0x0000000082700000|  0%| F|  |TAMS 0x0000000082600000| PB 0x0000000082600000| Untracked 
|   9|0x0000000082700000, 0x0000000082700000, 0x0000000082800000|  0%| F|  |TAMS 0x0000000082700000| PB 0x0000000082700000| Untracked 
|  10|0x0000000082800000, 0x0000000082800000, 0x0000000082900000|  0%| F|  |TAMS 0x0000000082800000| PB 0x0000000082800000| Untracked 
|  11|0x0000000082900000, 0x0000000082900000, 0x0000000082a00000|  0%| F|  |TAMS 0x0000000082900000| PB 0x0000000082900000| Untracked 
|  12|0x0000000082a00000, 0x0000000082a00000, 0x0000000082b00000|  0%| F|  |TAMS 0x0000000082a00000| PB 0x0000000082a00000| Untracked 
|  13|0x0000000082b00000, 0x0000000082b00000, 0x0000000082c00000|  0%| F|  |TAMS 0x0000000082b00000| PB 0x0000000082b00000| Untracked 
|  14|0x0000000082c00000, 0x0000000082c00000, 0x0000000082d00000|  0%| F|  |TAMS 0x0000000082c00000| PB 0x0000000082c00000| Untracked 
|  15|0x0000000082d00000, 0x0000000082d00000, 0x0000000082e00000|  0%| F|  |TAMS 0x0000000082d00000| PB 0x0000000082d00000| Untracked 
|  16|0x0000000082e00000, 0x0000000082e00000, 0x0000000082f00000|  0%| F|  |TAMS 0x0000000082e00000| PB 0x0000000082e00000| Untracked 
|  17|0x0000000082f00000, 0x0000000082f00000, 0x0000000083000000|  0%| F|  |TAMS 0x0000000082f00000| PB 0x0000000082f00000| Untracked 
|  18|0x0000000083000000, 0x0000000083000000, 0x0000000083100000|  0%| F|  |TAMS 0x0000000083000000| PB 0x0000000083000000| Untracked 
|  19|0x0000000083100000, 0x0000000083100000, 0x0000000083200000|  0%| F|  |TAMS 0x0000000083100000| PB 0x0000000083100000| Untracked 
|  20|0x0000000083200000, 0x0000000083200000, 0x0000000083300000|  0%| F|  |TAMS 0x0000000083200000| PB 0x0000000083200000| Untracked 
|  21|0x0000000083300000, 0x0000000083300000, 0x0000000083400000|  0%| F|  |TAMS 0x0000000083300000| PB 0x0000000083300000| Untracked 
|  22|0x0000000083400000, 0x0000000083400000, 0x0000000083500000|  0%| F|  |TAMS 0x0000000083400000| PB 0x0000000083400000| Untracked 
|  23|0x0000000083500000, 0x0000000083500000, 0x0000000083600000|  0%| F|  |TAMS 0x0000000083500000| PB 0x0000000083500000| Untracked 
|  24|0x0000000083600000, 0x0000000083600000, 0x0000000083700000|  0%| F|  |TAMS 0x0000000083600000| PB 0x0000000083600000| Untracked 
|  25|0x0000000083700000, 0x0000000083700000, 0x0000000083800000|  0%| F|  |TAMS 0x0000000083700000| PB 0x0000000083700000| Untracked 
|  26|0x0000000083800000, 0x0000000083800000, 0x0000000083900000|  0%| F|  |TAMS 0x0000000083800000| PB 0x0000000083800000| Untracked 
|  27|0x0000000083900000, 0x0000000083900000, 0x0000000083a00000|  0%| F|  |TAMS 0x0000000083900000| PB 0x0000000083900000| Untracked 
|  28|0x0000000083a00000, 0x0000000083a00000, 0x0000000083b00000|  0%| F|  |TAMS 0x0000000083a00000| PB 0x0000000083a00000| Untracked 
|  29|0x0000000083b00000, 0x0000000083b00000, 0x0000000083c00000|  0%| F|  |TAMS 0x0000000083b00000| PB 0x0000000083b00000| Untracked 
|  30|0x0000000083c00000, 0x0000000083c00000, 0x0000000083d00000|  0%| F|  |TAMS 0x0000000083c00000| PB 0x0000000083c00000| Untracked 
|  31|0x0000000083d00000, 0x0000000083d00000, 0x0000000083e00000|  0%| F|  |TAMS 0x0000000083d00000| PB 0x0000000083d00000| Untracked 
|  32|0x0000000083e00000, 0x0000000083e00000, 0x0000000083f00000|  0%| F|  |TAMS 0x0000000083e00000| PB 0x0000000083e00000| Untracked 
|  33|0x0000000083f00000, 0x0000000083f00000, 0x0000000084000000|  0%| F|  |TAMS 0x0000000083f00000| PB 0x0000000083f00000| Untracked 
|  34|0x0000000084000000, 0x0000000084000000, 0x0000000084100000|  0%| F|  |TAMS 0x0000000084000000| PB 0x0000000084000000| Untracked 
|  35|0x0000000084100000, 0x0000000084100000, 0x0000000084200000|  0%| F|  |TAMS 0x0000000084100000| PB 0x0000000084100000| Untracked 
|  36|0x0000000084200000, 0x0000000084200000, 0x0000000084300000|  0%| F|  |TAMS 0x0000000084200000| PB 0x0000000084200000| Untracked 
|  37|0x0000000084300000, 0x0000000084300000, 0x0000000084400000|  0%| F|  |TAMS 0x0000000084300000| PB 0x0000000084300000| Untracked 
|  38|0x0000000084400000, 0x0000000084400000, 0x0000000084500000|  0%| F|  |TAMS 0x0000000084400000| PB 0x0000000084400000| Untracked 
|  39|0x0000000084500000, 0x0000000084500000, 0x0000000084600000|  0%| F|  |TAMS 0x0000000084500000| PB 0x0000000084500000| Untracked 
|  40|0x0000000084600000, 0x0000000084600000, 0x0000000084700000|  0%| F|  |TAMS 0x0000000084600000| PB 0x0000000084600000| Untracked 
|  41|0x0000000084700000, 0x0000000084700000, 0x0000000084800000|  0%| F|  |TAMS 0x0000000084700000| PB 0x0000000084700000| Untracked 
|  42|0x0000000084800000, 0x0000000084800000, 0x0000000084900000|  0%| F|  |TAMS 0x0000000084800000| PB 0x0000000084800000| Untracked 
|  43|0x0000000084900000, 0x0000000084900000, 0x0000000084a00000|  0%| F|  |TAMS 0x0000000084900000| PB 0x0000000084900000| Untracked 
|  44|0x0000000084a00000, 0x0000000084a00000, 0x0000000084b00000|  0%| F|  |TAMS 0x0000000084a00000| PB 0x0000000084a00000| Untracked 
|  45|0x0000000084b00000, 0x0000000084b00000, 0x0000000084c00000|  0%| F|  |TAMS 0x0000000084b00000| PB 0x0000000084b00000| Untracked 
|  46|0x0000000084c00000, 0x0000000084c00000, 0x0000000084d00000|  0%| F|  |TAMS 0x0000000084c00000| PB 0x0000000084c00000| Untracked 
|  47|0x0000000084d00000, 0x0000000084d00000, 0x0000000084e00000|  0%| F|  |TAMS 0x0000000084d00000| PB 0x0000000084d00000| Untracked 
|  48|0x0000000084e00000, 0x0000000084e00000, 0x0000000084f00000|  0%| F|  |TAMS 0x0000000084e00000| PB 0x0000000084e00000| Untracked 
|  49|0x0000000084f00000, 0x0000000084f00000, 0x0000000085000000|  0%| F|  |TAMS 0x0000000084f00000| PB 0x0000000084f00000| Untracked 
|  50|0x0000000085000000, 0x0000000085000000, 0x0000000085100000|  0%| F|  |TAMS 0x0000000085000000| PB 0x0000000085000000| Untracked 
|  51|0x0000000085100000, 0x0000000085100000, 0x0000000085200000|  0%| F|  |TAMS 0x0000000085100000| PB 0x0000000085100000| Untracked 
|  52|0x0000000085200000, 0x0000000085200000, 0x0000000085300000|  0%| F|  |TAMS 0x0000000085200000| PB 0x0000000085200000| Untracked 
|  53|0x0000000085300000, 0x0000000085300000, 0x0000000085400000|  0%| F|  |TAMS 0x0000000085300000| PB 0x0000000085300000| Untracked 
|  54|0x0000000085400000, 0x0000000085400000, 0x0000000085500000|  0%| F|  |TAMS 0x0000000085400000| PB 0x0000000085400000| Untracked 
|  55|0x0000000085500000, 0x0000000085500000, 0x0000000085600000|  0%| F|  |TAMS 0x0000000085500000| PB 0x0000000085500000| Untracked 
|  56|0x0000000085600000, 0x0000000085600000, 0x0000000085700000|  0%| F|  |TAMS 0x0000000085600000| PB 0x0000000085600000| Untracked 
|  57|0x0000000085700000, 0x0000000085700000, 0x0000000085800000|  0%| F|  |TAMS 0x0000000085700000| PB 0x0000000085700000| Untracked 
|  58|0x0000000085800000, 0x0000000085800000, 0x0000000085900000|  0%| F|  |TAMS 0x0000000085800000| PB 0x0000000085800000| Untracked 
|  59|0x0000000085900000, 0x0000000085900000, 0x0000000085a00000|  0%| F|  |TAMS 0x0000000085900000| PB 0x0000000085900000| Untracked 
|  60|0x0000000085a00000, 0x0000000085a00000, 0x0000000085b00000|  0%| F|  |TAMS 0x0000000085a00000| PB 0x0000000085a00000| Untracked 
|  61|0x0000000085b00000, 0x0000000085b00000, 0x0000000085c00000|  0%| F|  |TAMS 0x0000000085b00000| PB 0x0000000085b00000| Untracked 
|  62|0x0000000085c00000, 0x0000000085c00000, 0x0000000085d00000|  0%| F|  |TAMS 0x0000000085c00000| PB 0x0000000085c00000| Untracked 
|  63|0x0000000085d00000, 0x0000000085d00000, 0x0000000085e00000|  0%| F|  |TAMS 0x0000000085d00000| PB 0x0000000085d00000| Untracked 
|  64|0x0000000085e00000, 0x0000000085e00000, 0x0000000085f00000|  0%| F|  |TAMS 0x0000000085e00000| PB 0x0000000085e00000| Untracked 
|  65|0x0000000085f00000, 0x0000000085f00000, 0x0000000086000000|  0%| F|  |TAMS 0x0000000085f00000| PB 0x0000000085f00000| Untracked 
|  66|0x0000000086000000, 0x0000000086000000, 0x0000000086100000|  0%| F|  |TAMS 0x0000000086000000| PB 0x0000000086000000| Untracked 
|  67|0x0000000086100000, 0x0000000086100000, 0x0000000086200000|  0%| F|  |TAMS 0x0000000086100000| PB 0x0000000086100000| Untracked 
|  68|0x0000000086200000, 0x0000000086200000, 0x0000000086300000|  0%| F|  |TAMS 0x0000000086200000| PB 0x0000000086200000| Untracked 
|  69|0x0000000086300000, 0x0000000086300000, 0x0000000086400000|  0%| F|  |TAMS 0x0000000086300000| PB 0x0000000086300000| Untracked 
|  70|0x0000000086400000, 0x0000000086400000, 0x0000000086500000|  0%| F|  |TAMS 0x0000000086400000| PB 0x0000000086400000| Untracked 
|  71|0x0000000086500000, 0x0000000086500000, 0x0000000086600000|  0%| F|  |TAMS 0x0000000086500000| PB 0x0000000086500000| Untracked 
|  72|0x0000000086600000, 0x0000000086600000, 0x0000000086700000|  0%| F|  |TAMS 0x0000000086600000| PB 0x0000000086600000| Untracked 
|  73|0x0000000086700000, 0x0000000086700000, 0x0000000086800000|  0%| F|  |TAMS 0x0000000086700000| PB 0x0000000086700000| Untracked 
|  74|0x0000000086800000, 0x0000000086800000, 0x0000000086900000|  0%| F|  |TAMS 0x0000000086800000| PB 0x0000000086800000| Untracked 
|  75|0x0000000086900000, 0x0000000086900000, 0x0000000086a00000|  0%| F|  |TAMS 0x0000000086900000| PB 0x0000000086900000| Untracked 
|  76|0x0000000086a00000, 0x0000000086a00000, 0x0000000086b00000|  0%| F|  |TAMS 0x0000000086a00000| PB 0x0000000086a00000| Untracked 
|  77|0x0000000086b00000, 0x0000000086b00000, 0x0000000086c00000|  0%| F|  |TAMS 0x0000000086b00000| PB 0x0000000086b00000| Untracked 
|  78|0x0000000086c00000, 0x0000000086c00000, 0x0000000086d00000|  0%| F|  |TAMS 0x0000000086c00000| PB 0x0000000086c00000| Untracked 
|  79|0x0000000086d00000, 0x0000000086d00000, 0x0000000086e00000|  0%| F|  |TAMS 0x0000000086d00000| PB 0x0000000086d00000| Untracked 
|  80|0x0000000086e00000, 0x0000000086e00000, 0x0000000086f00000|  0%| F|  |TAMS 0x0000000086e00000| PB 0x0000000086e00000| Untracked 
|  81|0x0000000086f00000, 0x0000000086f00000, 0x0000000087000000|  0%| F|  |TAMS 0x0000000086f00000| PB 0x0000000086f00000| Untracked 
|  82|0x0000000087000000, 0x0000000087000000, 0x0000000087100000|  0%| F|  |TAMS 0x0000000087000000| PB 0x0000000087000000| Untracked 
|  83|0x0000000087100000, 0x0000000087100000, 0x0000000087200000|  0%| F|  |TAMS 0x0000000087100000| PB 0x0000000087100000| Untracked 
|  84|0x0000000087200000, 0x0000000087200000, 0x0000000087300000|  0%| F|  |TAMS 0x0000000087200000| PB 0x0000000087200000| Untracked 
|  85|0x0000000087300000, 0x0000000087300000, 0x0000000087400000|  0%| F|  |TAMS 0x0000000087300000| PB 0x0000000087300000| Untracked 
|  86|0x0000000087400000, 0x0000000087400000, 0x0000000087500000|  0%| F|  |TAMS 0x0000000087400000| PB 0x0000000087400000| Untracked 
|  87|0x0000000087500000, 0x0000000087500000, 0x0000000087600000|  0%| F|  |TAMS 0x0000000087500000| PB 0x0000000087500000| Untracked 
|  88|0x0000000087600000, 0x0000000087600000, 0x0000000087700000|  0%| F|  |TAMS 0x0000000087600000| PB 0x0000000087600000| Untracked 
|  89|0x0000000087700000, 0x0000000087700000, 0x0000000087800000|  0%| F|  |TAMS 0x0000000087700000| PB 0x0000000087700000| Untracked 
|  90|0x0000000087800000, 0x0000000087800000, 0x0000000087900000|  0%| F|  |TAMS 0x0000000087800000| PB 0x0000000087800000| Untracked 
|  91|0x0000000087900000, 0x0000000087900000, 0x0000000087a00000|  0%| F|  |TAMS 0x0000000087900000| PB 0x0000000087900000| Untracked 
|  92|0x0000000087a00000, 0x0000000087a00000, 0x0000000087b00000|  0%| F|  |TAMS 0x0000000087a00000| PB 0x0000000087a00000| Untracked 
|  93|0x0000000087b00000, 0x0000000087b00000, 0x0000000087c00000|  0%| F|  |TAMS 0x0000000087b00000| PB 0x0000000087b00000| Untracked 
|  94|0x0000000087c00000, 0x0000000087c00000, 0x0000000087d00000|  0%| F|  |TAMS 0x0000000087c00000| PB 0x0000000087c00000| Untracked 
|  95|0x0000000087d00000, 0x0000000087d00000, 0x0000000087e00000|  0%| F|  |TAMS 0x0000000087d00000| PB 0x0000000087d00000| Untracked 
|  96|0x0000000087e00000, 0x0000000087e00000, 0x0000000087f00000|  0%| F|  |TAMS 0x0000000087e00000| PB 0x0000000087e00000| Untracked 
|  97|0x0000000087f00000, 0x0000000087f00000, 0x0000000088000000|  0%| F|  |TAMS 0x0000000087f00000| PB 0x0000000087f00000| Untracked 
|  98|0x0000000088000000, 0x0000000088000000, 0x0000000088100000|  0%| F|  |TAMS 0x0000000088000000| PB 0x0000000088000000| Untracked 
|  99|0x0000000088100000, 0x0000000088100000, 0x0000000088200000|  0%| F|  |TAMS 0x0000000088100000| PB 0x0000000088100000| Untracked 
| 100|0x0000000088200000, 0x0000000088200000, 0x0000000088300000|  0%| F|  |TAMS 0x0000000088200000| PB 0x0000000088200000| Untracked 
| 101|0x0000000088300000, 0x0000000088300000, 0x0000000088400000|  0%| F|  |TAMS 0x0000000088300000| PB 0x0000000088300000| Untracked 
| 102|0x0000000088400000, 0x0000000088400000, 0x0000000088500000|  0%| F|  |TAMS 0x0000000088400000| PB 0x0000000088400000| Untracked 
| 103|0x0000000088500000, 0x0000000088500000, 0x0000000088600000|  0%| F|  |TAMS 0x0000000088500000| PB 0x0000000088500000| Untracked 
| 104|0x0000000088600000, 0x0000000088600000, 0x0000000088700000|  0%| F|  |TAMS 0x0000000088600000| PB 0x0000000088600000| Untracked 
| 105|0x0000000088700000, 0x0000000088700000, 0x0000000088800000|  0%| F|  |TAMS 0x0000000088700000| PB 0x0000000088700000| Untracked 
| 106|0x0000000088800000, 0x0000000088800000, 0x0000000088900000|  0%| F|  |TAMS 0x0000000088800000| PB 0x0000000088800000| Untracked 
| 107|0x0000000088900000, 0x0000000088900000, 0x0000000088a00000|  0%| F|  |TAMS 0x0000000088900000| PB 0x0000000088900000| Untracked 
| 108|0x0000000088a00000, 0x0000000088a00000, 0x0000000088b00000|  0%| F|  |TAMS 0x0000000088a00000| PB 0x0000000088a00000| Untracked 
| 109|0x0000000088b00000, 0x0000000088b00000, 0x0000000088c00000|  0%| F|  |TAMS 0x0000000088b00000| PB 0x0000000088b00000| Untracked 
| 110|0x0000000088c00000, 0x0000000088c00000, 0x0000000088d00000|  0%| F|  |TAMS 0x0000000088c00000| PB 0x0000000088c00000| Untracked 
| 111|0x0000000088d00000, 0x0000000088d8f570, 0x0000000088e00000| 55%| S|CS|TAMS 0x0000000088d00000| PB 0x0000000088d00000| Complete 
| 112|0x0000000088e00000, 0x0000000088f00000, 0x0000000088f00000|100%| S|CS|TAMS 0x0000000088e00000| PB 0x0000000088e00000| Complete 
| 113|0x0000000088f00000, 0x0000000088f00000, 0x0000000089000000|  0%| F|  |TAMS 0x0000000088f00000| PB 0x0000000088f00000| Untracked 
| 114|0x0000000089000000, 0x00000000890e65d0, 0x0000000089100000| 89%| E|  |TAMS 0x0000000089000000| PB 0x0000000089000000| Complete 
| 115|0x0000000089100000, 0x0000000089200000, 0x0000000089200000|100%| E|CS|TAMS 0x0000000089100000| PB 0x0000000089100000| Complete 
| 116|0x0000000089200000, 0x0000000089300000, 0x0000000089300000|100%| E|CS|TAMS 0x0000000089200000| PB 0x0000000089200000| Complete 
| 117|0x0000000089300000, 0x0000000089400000, 0x0000000089400000|100%| E|CS|TAMS 0x0000000089300000| PB 0x0000000089300000| Complete 
| 118|0x0000000089400000, 0x0000000089500000, 0x0000000089500000|100%| E|CS|TAMS 0x0000000089400000| PB 0x0000000089400000| Complete 
| 119|0x0000000089500000, 0x0000000089600000, 0x0000000089600000|100%| E|CS|TAMS 0x0000000089500000| PB 0x0000000089500000| Complete 
| 120|0x0000000089600000, 0x0000000089700000, 0x0000000089700000|100%| E|CS|TAMS 0x0000000089600000| PB 0x0000000089600000| Complete 
| 121|0x0000000089700000, 0x0000000089800000, 0x0000000089800000|100%| E|CS|TAMS 0x0000000089700000| PB 0x0000000089700000| Complete 
| 122|0x0000000089800000, 0x0000000089900000, 0x0000000089900000|100%| E|CS|TAMS 0x0000000089800000| PB 0x0000000089800000| Complete 
| 123|0x0000000089900000, 0x0000000089a00000, 0x0000000089a00000|100%| E|CS|TAMS 0x0000000089900000| PB 0x0000000089900000| Complete 
| 124|0x0000000089a00000, 0x0000000089b00000, 0x0000000089b00000|100%| E|CS|TAMS 0x0000000089a00000| PB 0x0000000089a00000| Complete 
| 125|0x0000000089b00000, 0x0000000089c00000, 0x0000000089c00000|100%| E|CS|TAMS 0x0000000089b00000| PB 0x0000000089b00000| Complete 
| 126|0x0000000089c00000, 0x0000000089d00000, 0x0000000089d00000|100%| E|CS|TAMS 0x0000000089c00000| PB 0x0000000089c00000| Complete 
| 127|0x0000000089d00000, 0x0000000089e00000, 0x0000000089e00000|100%| E|CS|TAMS 0x0000000089d00000| PB 0x0000000089d00000| Complete 

Card table byte_map: [0x0000016e62ad0000,0x0000016e62ed0000] _byte_map_base: 0x0000016e626c1000

Marking Bits: (CMBitMap*) 0x0000016e4b66eb80
 Bits: [0x0000016e632d0000, 0x0000016e65258000)

Polling page: 0x0000016e4ade0000

Metaspace:

Usage:
  Non-class:     14.13 MB used.
      Class:      1.77 MB used.
       Both:     15.91 MB used.

Virtual space:
  Non-class space:       64.00 MB reserved,      14.25 MB ( 22%) committed,  1 nodes.
      Class space:        1.00 GB reserved,       1.88 MB ( <1%) committed,  1 nodes.
             Both:        1.06 GB reserved,      16.12 MB (  1%) committed. 

Chunk freelists:
   Non-Class:  1.00 MB
       Class:  2.10 MB
        Both:  3.11 MB

MaxMetaspaceSize: unlimited
CompressedClassSpaceSize: 1.00 GB
Initial GC threshold: 21.00 MB
Current GC threshold: 21.00 MB
CDS: on
MetaspaceReclaimPolicy: balanced
 - commit_granule_bytes: 65536.
 - commit_granule_words: 8192.
 - virtual_space_node_default_size: 8388608.
 - enlarge_chunks_in_place: 1.
 - new_chunks_are_fully_committed: 0.
 - uncommit_free_chunks: 1.
 - use_allocation_guard: 0.


Internal statistics:

num_allocs_failed_limit: 0.
num_arena_births: 192.
num_arena_deaths: 0.
num_vsnodes_births: 2.
num_vsnodes_deaths: 0.
num_space_committed: 258.
num_space_uncommitted: 0.
num_chunks_returned_to_freelist: 0.
num_chunks_taken_from_freelist: 282.
num_chunk_merges: 0.
num_chunk_splits: 161.
num_chunks_enlarged: 77.
num_inconsistent_stats: 0.

CodeHeap 'non-profiled nmethods': size=120000Kb used=633Kb max_used=633Kb free=119366Kb
 bounds [0x0000016e5b1a0000, 0x0000016e5b410000, 0x0000016e626d0000]
CodeHeap 'profiled nmethods': size=120000Kb used=2742Kb max_used=2742Kb free=117257Kb
 bounds [0x0000016e536d0000, 0x0000016e53980000, 0x0000016e5ac00000]
CodeHeap 'non-nmethods': size=5760Kb used=1711Kb max_used=1737Kb free=4048Kb
 bounds [0x0000016e5ac00000, 0x0000016e5ae70000, 0x0000016e5b1a0000]
 total_blobs=2430 nmethods=1733 adapters=608
 compilation: enabled
              stopped_count=0, restarted_count=0
 full_count=0

Compilation events (20 events):
Event: 6.059 Thread 0x0000016e67733470 nmethod 1690 0x0000016e53972690 code [0x0000016e53972860, 0x0000016e53972c20]
Event: 6.059 Thread 0x0000016e67733470 1691       3       sun.nio.cs.UTF_8$Decoder::xflow (31 bytes)
Event: 6.059 Thread 0x0000016e67733470 nmethod 1691 0x0000016e53972e10 code [0x0000016e53972fe0, 0x0000016e53973528]
Event: 6.060 Thread 0x0000016e67733470 1679       3       sun.nio.cs.StreamDecoder::lockedRead0 (95 bytes)
Event: 6.060 Thread 0x0000016e67733470 nmethod 1679 0x0000016e53973690 code [0x0000016e53973840, 0x0000016e53973bd0]
Event: 6.060 Thread 0x0000016e67733470 1685   !   3       sun.nio.cs.StreamDecoder::read0 (59 bytes)
Event: 6.062 Thread 0x0000016e67733470 nmethod 1685 0x0000016e53973c90 code [0x0000016e53973f00, 0x0000016e53974ce8]
Event: 6.063 Thread 0x0000016e67733470 1694       1       javax.swing.text.html.parser.Element::getName (5 bytes)
Event: 6.063 Thread 0x0000016e67733470 nmethod 1694 0x0000016e5b232490 code [0x0000016e5b232600, 0x0000016e5b2326c8]
Event: 6.063 Thread 0x0000016e67733470 1693       1       javax.swing.text.html.parser.TagElement::getElement (5 bytes)
Event: 6.063 Thread 0x0000016e67733470 nmethod 1693 0x0000016e5b232790 code [0x0000016e5b232900, 0x0000016e5b2329c8]
Event: 6.064 Thread 0x0000016e67733470 1696       1       java.nio.HeapByteBuffer::isReadOnly (2 bytes)
Event: 6.064 Thread 0x0000016e67733470 nmethod 1696 0x0000016e5b232a90 code [0x0000016e5b232c00, 0x0000016e5b232cc8]
Event: 6.064 Thread 0x0000016e6cff6a00 1665       4       jdk.internal.misc.InternalLock::unlock (8 bytes)
Event: 6.069 Thread 0x0000016e6cff6a00 nmethod 1665 0x0000016e5b232d90 code [0x0000016e5b232f20, 0x0000016e5b2330d8]
Event: 6.070 Thread 0x0000016e6cff6a00 1695       4       java.nio.Buffer::position (52 bytes)
Event: 6.071 Thread 0x0000016e6cff6a00 nmethod 1695 0x0000016e5b233290 code [0x0000016e5b233400, 0x0000016e5b2334e8]
Event: 6.072 Thread 0x0000016e6cff6a00 1698   !   4       sun.nio.cs.StreamDecoder::read (78 bytes)
Event: 6.074 Thread 0x0000016e6772f970 nmethod 1697 0x0000016e5b233590 code [0x0000016e5b233700, 0x0000016e5b233c30]
Event: 6.074 Thread 0x0000016e6772f970 1699       4       sun.nio.cs.StreamDecoder::lockedRead (189 bytes)

GC Heap History (2 events):
Event: 2.333 GC heap before
{Heap before GC invocations=0 (full 0):
 garbage-first heap   total 131072K, used 12288K [0x0000000081e00000, 0x0000000100000000)
  region size 1024K, 13 young (13312K), 0 survivors (0K)
 Metaspace       used 10067K, committed 10304K, reserved 1114112K
  class space    used 1088K, committed 1216K, reserved 1048576K
}
Event: 2.355 GC heap after
{Heap after GC invocations=1 (full 0):
 garbage-first heap   total 131072K, used 3592K [0x0000000081e00000, 0x0000000100000000)
  region size 1024K, 2 young (2048K), 2 survivors (2048K)
 Metaspace       used 10067K, committed 10304K, reserved 1114112K
  class space    used 1088K, committed 1216K, reserved 1048576K
}

Dll operation events (11 events):
Event: 0.014 Loaded shared library C:\Program Files\Java\jdk-20\bin\java.dll
Event: 0.037 Loaded shared library C:\Program Files\Java\jdk-20\bin\jsvml.dll
Event: 0.159 Loaded shared library C:\Program Files\Java\jdk-20\bin\net.dll
Event: 0.163 Loaded shared library C:\Program Files\Java\jdk-20\bin\nio.dll
Event: 0.209 Loaded shared library C:\Program Files\Java\jdk-20\bin\zip.dll
Event: 0.231 Loaded shared library C:\Program Files\Java\jdk-20\bin\jimage.dll
Event: 0.254 Loaded shared library C:\Program Files\Java\jdk-20\bin\awt.dll
Event: 0.916 Loaded shared library C:\Program Files\Java\jdk-20\bin\sunmscapi.dll
Event: 2.044 Loaded shared library C:\Program Files\Java\jdk-20\bin\extnet.dll
Event: 3.783 Loaded shared library C:\Program Files\Java\jdk-20\bin\freetype.dll
Event: 3.785 Loaded shared library C:\Program Files\Java\jdk-20\bin\fontmanager.dll

Deoptimization events (20 events):
Event: 3.881 Thread 0x0000016e4b610690 Uncommon trap: trap_request=0xffffff45 fr.pc=0x0000016e5b1ef100 relative=0x0000000000000080
Event: 3.881 Thread 0x0000016e4b610690 Uncommon trap: reason=unstable_if action=reinterpret pc=0x0000016e5b1ef100 method=jdk.internal.misc.Unsafe.convEndian(ZC)C @ 4 c2
Event: 3.881 Thread 0x0000016e4b610690 DEOPT PACKING pc=0x0000016e5b1ef100 sp=0x0000004da12fd750
Event: 3.881 Thread 0x0000016e4b610690 DEOPT UNPACKING pc=0x0000016e5ac69d22 sp=0x0000004da12fd658 mode 2
Event: 6.012 Thread 0x0000016e6c6fb0b0 Uncommon trap: trap_request=0xffffff45 fr.pc=0x0000016e5b1cfe20 relative=0x00000000000000a0
Event: 6.012 Thread 0x0000016e6c6fb0b0 Uncommon trap: reason=unstable_if action=reinterpret pc=0x0000016e5b1cfe20 method=java.lang.CharacterDataLatin1.digit(II)I @ 7 c2
Event: 6.012 Thread 0x0000016e6c6fb0b0 DEOPT PACKING pc=0x0000016e5b1cfe20 sp=0x0000004da2bfe650
Event: 6.012 Thread 0x0000016e6c6fb0b0 DEOPT UNPACKING pc=0x0000016e5ac69d22 sp=0x0000004da2bfe5d0 mode 2
Event: 6.022 Thread 0x0000016e6c6fb0b0 DEOPT PACKING pc=0x0000016e53896fe3 sp=0x0000004da2bfd8a0
Event: 6.022 Thread 0x0000016e6c6fb0b0 DEOPT UNPACKING pc=0x0000016e5ac6a4c2 sp=0x0000004da2bfccd0 mode 0
Event: 6.039 Thread 0x0000016e6c6fb0b0 DEOPT PACKING pc=0x0000016e53896fe3 sp=0x0000004da2bfd7e0
Event: 6.039 Thread 0x0000016e6c6fb0b0 DEOPT UNPACKING pc=0x0000016e5ac6a4c2 sp=0x0000004da2bfcc10 mode 0
Event: 6.052 Thread 0x0000016e6c6fb0b0 DEOPT PACKING pc=0x0000016e53896fb0 sp=0x0000004da2bfd7d0
Event: 6.053 Thread 0x0000016e6c6fb0b0 DEOPT UNPACKING pc=0x0000016e5ac6a4c2 sp=0x0000004da2bfcc00 mode 0
Event: 6.059 Thread 0x0000016e6c6fb0b0 DEOPT PACKING pc=0x0000016e53896fe3 sp=0x0000004da2bfd970
Event: 6.059 Thread 0x0000016e6c6fb0b0 DEOPT UNPACKING pc=0x0000016e5ac6a4c2 sp=0x0000004da2bfcda0 mode 0
Event: 6.063 Thread 0x0000016e6c6fb0b0 DEOPT PACKING pc=0x0000016e53896fb0 sp=0x0000004da2bfd980
Event: 6.063 Thread 0x0000016e6c6fb0b0 DEOPT UNPACKING pc=0x0000016e5ac6a4c2 sp=0x0000004da2bfcdb0 mode 0
Event: 6.063 Thread 0x0000016e6c6fb0b0 DEOPT PACKING pc=0x0000016e53896fe3 sp=0x0000004da2bfd980
Event: 6.063 Thread 0x0000016e6c6fb0b0 DEOPT UNPACKING pc=0x0000016e5ac6a4c2 sp=0x0000004da2bfcdb0 mode 0

Classes loaded (20 events):
Event: 3.978 Loading class sun/awt/im/InputMethodAdapter done
Event: 3.978 Loading class sun/awt/windows/WInputMethod done
Event: 4.583 Loading class java/awt/LightweightDispatcher$2
Event: 4.583 Loading class java/awt/LightweightDispatcher$2 done
Event: 4.784 Loading class sun/security/ssl/PreSharedKeyExtension$PskIdentity
Event: 4.784 Loading class sun/security/ssl/PreSharedKeyExtension$PskIdentity done
Event: 4.786 Loading class sun/security/ssl/PreSharedKeyExtension$CHPreSharedKeySpec
Event: 4.787 Loading class sun/security/ssl/PreSharedKeyExtension$CHPreSharedKeySpec done
Event: 4.787 Loading class sun/security/ssl/PreSharedKeyExtension$PartialClientHelloMessage
Event: 4.787 Loading class sun/security/ssl/PreSharedKeyExtension$PartialClientHelloMessage done
Event: 4.787 Loading class sun/security/ssl/SSLEngineOutputRecord
Event: 4.788 Loading class sun/security/ssl/SSLEngineOutputRecord done
Event: 4.789 Loading class sun/security/ssl/SSLEngineOutputRecord$HandshakeFragment
Event: 4.790 Loading class sun/security/ssl/SSLEngineOutputRecord$HandshakeFragment done
Event: 4.790 Loading class sun/security/ssl/SSLEngineOutputRecord$HandshakeMemo
Event: 4.790 Loading class sun/security/ssl/SSLEngineOutputRecord$RecordMemo
Event: 4.790 Loading class sun/security/ssl/SSLEngineOutputRecord$RecordMemo done
Event: 4.790 Loading class sun/security/ssl/SSLEngineOutputRecord$HandshakeMemo done
Event: 5.599 Loading class sun/security/ssl/PreSharedKeyExtension$SHPreSharedKeySpec
Event: 5.599 Loading class sun/security/ssl/PreSharedKeyExtension$SHPreSharedKeySpec done

Classes unloaded (0 events):
No events

Classes redefined (0 events):
No events

Internal exceptions (19 events):
Event: 0.166 Thread 0x0000016e4b610690 Exception <a 'sun/nio/fs/WindowsException'{0x0000000089c3f0d0}> (0x0000000089c3f0d0) 
thrown [s\open\src\hotspot\share\prims\jni.cpp, line 519]
Event: 0.169 Thread 0x0000016e4b610690 Exception <a 'sun/nio/fs/WindowsException'{0x0000000089c41810}> (0x0000000089c41810) 
thrown [s\open\src\hotspot\share\prims\jni.cpp, line 519]
Event: 0.239 Thread 0x0000016e4b610690 Exception <a 'java/lang/ClassNotFoundException'{0x0000000089b445e8}: sun/awt/resources/spi/awtProvider> (0x0000000089b445e8) 
thrown [s\open\src\hotspot\share\classfile\systemDictionary.cpp, line 305]
Event: 0.270 Thread 0x0000016e4b610690 Exception <a 'java/io/FileNotFoundException'{0x0000000089b9ae08}> (0x0000000089b9ae08) 
thrown [s\open\src\hotspot\share\prims\jni.cpp, line 519]
Event: 0.283 Thread 0x0000016e4b610690 Exception <a 'java/io/FileNotFoundException'{0x0000000089bc4e00}> (0x0000000089bc4e00) 
thrown [s\open\src\hotspot\share\prims\jni.cpp, line 519]
Event: 0.391 Thread 0x0000016e4b610690 Exception <a 'java/lang/NoSuchMethodError'{0x000000008990c3d0}: 'void java.lang.invoke.DirectMethodHandle$Holder.invokeSpecial(java.lang.Object, java.lang.Object, java.lang.Object)'> (0x000000008990c3d0) 
thrown [s\open\src\hotspot\share\interpreter\linkResolver.cpp, line 773]
Event: 0.406 Thread 0x0000016e4b610690 Exception <a 'java/lang/NoSuchMethodError'{0x0000000089936c00}: 'java.lang.Object java.lang.invoke.DirectMethodHandle$Holder.newInvokeSpecial(java.lang.Object, java.lang.Object, java.lang.Object, java.lang.Object, java.lang.Object)'> (0x0000000089936c00) 
thrown [s\open\src\hotspot\share\interpreter\linkResolver.cpp, line 773]
Event: 0.418 Thread 0x0000016e4b610690 Exception <a 'java/lang/NoSuchMethodError'{0x00000000899676f0}: 'java.lang.Object java.lang.invoke.DirectMethodHandle$Holder.invokeStatic(java.lang.Object, int, java.lang.Object)'> (0x00000000899676f0) 
thrown [s\open\src\hotspot\share\interpreter\linkResolver.cpp, line 773]
Event: 0.461 Thread 0x0000016e4b610690 Exception <a 'java/lang/ClassNotFoundException'{0x0000000089823170}: com/sun/swing/internal/plaf/metal/resources/spi/metalProvider> (0x0000000089823170) 
thrown [s\open\src\hotspot\share\classfile\systemDictionary.cpp, line 305]
Event: 0.462 Thread 0x0000016e4b610690 Exception <a 'java/lang/ClassNotFoundException'{0x0000000089827120}: com/sun/swing/internal/plaf/basic/resources/spi/basicProvider> (0x0000000089827120) 
thrown [s\open\src\hotspot\share\classfile\systemDictionary.cpp, line 305]
Event: 0.476 Thread 0x0000016e4b610690 Exception <a 'java/lang/NoSuchMethodError'{0x00000000898465b0}: 'int java.lang.invoke.Invokers$Holder.invokeExact_MT(java.lang.Object, java.lang.Object)'> (0x00000000898465b0) 
thrown [s\open\src\hotspot\share\interpreter\linkResolver.cpp, line 773]
Event: 0.596 Thread 0x0000016e4b610690 Exception <a 'sun/nio/fs/WindowsException'{0x0000000089784720}> (0x0000000089784720) 
thrown [s\open\src\hotspot\share\prims\jni.cpp, line 519]
Event: 0.680 Thread 0x0000016e4b610690 Exception <a 'java/lang/NoSuchMethodError'{0x0000000089557338}: 'void java.lang.invoke.DirectMethodHandle$Holder.invokeVirtual(java.lang.Object, java.lang.Object)'> (0x0000000089557338) 
thrown [s\open\src\hotspot\share\interpreter\linkResolver.cpp, line 773]
Event: 0.762 Thread 0x0000016e4b610690 Exception <a 'java/lang/NoSuchMethodError'{0x00000000892b5140}: 'java.lang.Object java.lang.invoke.DirectMethodHandle$Holder.invokeStaticInit(java.lang.Object, int, int, int, int)'> (0x00000000892b5140) 
thrown [s\open\src\hotspot\share\interpreter\linkResolver.cpp, line 773]
Event: 0.873 Thread 0x0000016e4b610690 Exception <a 'java/lang/NoSuchMethodError'{0x00000000892de5a8}: 'java.lang.Object java.lang.invoke.DirectMethodHandle$Holder.invokeStaticInit(java.lang.Object, java.lang.Object, int, int, int, int)'> (0x00000000892de5a8) 
thrown [s\open\src\hotspot\share\interpreter\linkResolver.cpp, line 773]
Event: 2.048 Thread 0x0000016e4b610690 Exception <a 'java/lang/NoSuchMethodError'{0x0000000089162e50}: 'void java.lang.invoke.DirectMethodHandle$Holder.invokeStatic(java.lang.Object, java.lang.Object)'> (0x0000000089162e50) 
thrown [s\open\src\hotspot\share\interpreter\linkResolver.cpp, line 773]
Event: 3.185 Thread 0x0000016e4b610690 Implicit null exception at 0x0000016e5b1e169a to 0x0000016e5b1e184e
Event: 3.316 Thread 0x0000016e4b610690 Exception <a 'java/lang/NoSuchMethodError'{0x00000000899b4e18}: 'java.lang.Object java.lang.invoke.DirectMethodHandle$Holder.invokeInterface(java.lang.Object, java.lang.Object)'> (0x00000000899b4e18) 
thrown [s\open\src\hotspot\share\interpreter\linkResolver.cpp, line 773]
Event: 3.776 Thread 0x0000016e4b610690 Exception <a 'java/lang/NoSuchMethodError'{0x000000008972ede0}: 'void java.lang.invoke.DirectMethodHandle$Holder.invokeStaticInit(java.lang.Object)'> (0x000000008972ede0) 
thrown [s\open\src\hotspot\share\interpreter\linkResolver.cpp, line 773]

VM Operations (20 events):
Event: 0.294 Executing VM operation: HandshakeAllThreads
Event: 0.294 Executing VM operation: HandshakeAllThreads done
Event: 0.507 Executing VM operation: HandshakeAllThreads
Event: 0.508 Executing VM operation: HandshakeAllThreads done
Event: 0.778 Executing VM operation: HandshakeAllThreads
Event: 0.778 Executing VM operation: HandshakeAllThreads done
Event: 1.788 Executing VM operation: Cleanup
Event: 1.788 Executing VM operation: Cleanup done
Event: 2.332 Executing VM operation: G1CollectForAllocation
Event: 2.355 Executing VM operation: G1CollectForAllocation done
Event: 3.362 Executing VM operation: Cleanup
Event: 3.362 Executing VM operation: Cleanup done
Event: 3.881 Executing VM operation: HandshakeAllThreads
Event: 3.881 Executing VM operation: HandshakeAllThreads done
Event: 3.931 Executing VM operation: HandshakeAllThreads
Event: 3.931 Executing VM operation: HandshakeAllThreads done
Event: 4.940 Executing VM operation: Cleanup
Event: 4.940 Executing VM operation: Cleanup done
Event: 5.953 Executing VM operation: Cleanup
Event: 5.953 Executing VM operation: Cleanup done

Events (20 events):
Event: 0.342 Thread 0x0000016e6bc53180 Thread added: 0x0000016e6bc53180
Event: 0.344 Thread 0x0000016e6bc565a0 Thread added: 0x0000016e6bc565a0
Event: 0.558 Thread 0x0000016e6c41b450 Thread added: 0x0000016e6c41b450
Event: 0.870 Thread 0x0000016e6c41b450 Thread exited: 0x0000016e6c41b450
Event: 1.374 Thread 0x0000016e6bc53180 Thread exited: 0x0000016e6bc53180
Event: 2.380 Thread 0x0000016e6c394040 Thread added: 0x0000016e6c394040
Event: 3.104 Thread 0x0000016e6c394040 Thread exited: 0x0000016e6c394040
Event: 3.284 Thread 0x0000016e6c4e8240 Thread added: 0x0000016e6c4e8240
Event: 3.330 Thread 0x0000016e6c6c20c0 Thread added: 0x0000016e6c6c20c0
Event: 3.331 Thread 0x0000016e6c6c20c0 Thread exited: 0x0000016e6c6c20c0
Event: 3.609 Thread 0x0000016e6c4e8240 Thread exited: 0x0000016e6c4e8240
Event: 3.636 Thread 0x0000016e6c6c20c0 Thread added: 0x0000016e6c6c20c0
Event: 3.653 Thread 0x0000016e6c4e8240 Thread added: 0x0000016e6c4e8240
Event: 3.717 Thread 0x0000016e6c6fb0b0 Thread added: 0x0000016e6c6fb0b0
Event: 3.720 Thread 0x0000016e6c7000d0 Thread added: 0x0000016e6c7000d0
Event: 3.930 Thread 0x0000016e4b610690 Thread exited: 0x0000016e4b610690
Event: 3.930 Thread 0x0000016e4b610690 Thread added: 0x0000016e4b610690
Event: 5.613 Thread 0x0000016e6d0498b0 Thread added: 0x0000016e6d0498b0
Event: 5.617 Thread 0x0000016e6d0498b0 Thread exited: 0x0000016e6d0498b0
Event: 6.063 Thread 0x0000016e6cff6a00 Thread added: 0x0000016e6cff6a00


Dynamic libraries:
0x00007ff6bfd80000 - 0x00007ff6bfd90000 	C:\Program Files\Java\jdk-20\bin\java.exe
0x00007ff82eb10000 - 0x00007ff82ed08000 	C:\Windows\SYSTEM32\ntdll.dll
0x00007ff826ca0000 - 0x00007ff826cb9000 	C:\Program Files\Avast Software\Avast\aswhook.dll
0x00007ff82e7f0000 - 0x00007ff82e8af000 	C:\Windows\System32\KERNEL32.DLL
0x00007ff82c640000 - 0x00007ff82c936000 	C:\Windows\System32\KERNELBASE.dll
0x00007ff82c2c0000 - 0x00007ff82c3c0000 	C:\Windows\System32\ucrtbase.dll
0x00007ff824e00000 - 0x00007ff824e1b000 	C:\Program Files\Java\jdk-20\bin\VCRUNTIME140.dll
0x00007ff824fd0000 - 0x00007ff824fe9000 	C:\Program Files\Java\jdk-20\bin\jli.dll
0x00007ff82e730000 - 0x00007ff82e7df000 	C:\Windows\System32\ADVAPI32.dll
0x00007ff82d0a0000 - 0x00007ff82d13e000 	C:\Windows\System32\msvcrt.dll
0x00007ff82cb70000 - 0x00007ff82cc0c000 	C:\Windows\System32\sechost.dll
0x00007ff82dc10000 - 0x00007ff82dd36000 	C:\Windows\System32\RPCRT4.dll
0x00007ff82d4b0000 - 0x00007ff82d64d000 	C:\Windows\System32\USER32.dll
0x00007ff82ca20000 - 0x00007ff82ca42000 	C:\Windows\System32\win32u.dll
0x00007ff82d160000 - 0x00007ff82d18c000 	C:\Windows\System32\GDI32.dll
0x00007ff82ca50000 - 0x00007ff82cb65000 	C:\Windows\System32\gdi32full.dll
0x00007ff817ab0000 - 0x00007ff817d4a000 	C:\Windows\WinSxS\amd64_microsoft.windows.common-controls_6595b64144ccf1df_6.0.19041.1110_none_60b5254171f9507e\COMCTL32.dll
0x00007ff82c1f0000 - 0x00007ff82c28d000 	C:\Windows\System32\msvcp_win.dll
0x00007ff8249c0000 - 0x00007ff8249ca000 	C:\Windows\SYSTEM32\VERSION.dll
0x00007ff82e510000 - 0x00007ff82e540000 	C:\Windows\System32\IMM32.DLL
0x00007ff826500000 - 0x00007ff82650c000 	C:\Program Files\Java\jdk-20\bin\vcruntime140_1.dll
0x00007ff8026b0000 - 0x00007ff80273e000 	C:\Program Files\Java\jdk-20\bin\msvcp140.dll
0x00007fffe2550000 - 0x00007fffe31e7000 	C:\Program Files\Java\jdk-20\bin\server\jvm.dll
0x00007ff818cd0000 - 0x00007ff818cf7000 	C:\Windows\SYSTEM32\WINMM.dll
0x00007ff8167c0000 - 0x00007ff8167c9000 	C:\Windows\SYSTEM32\WSOCK32.dll
0x00007ff82ea60000 - 0x00007ff82eacb000 	C:\Windows\System32\WS2_32.dll
0x00007ff82a0b0000 - 0x00007ff82a0c2000 	C:\Windows\SYSTEM32\kernel.appcore.dll
0x00007ff824eb0000 - 0x00007ff824eba000 	C:\Program Files\Java\jdk-20\bin\jimage.dll
0x00007ff820a60000 - 0x00007ff820c44000 	C:\Windows\SYSTEM32\DBGHELP.DLL
0x00007ff820920000 - 0x00007ff820954000 	C:\Windows\SYSTEM32\dbgcore.DLL
0x00007ff82c940000 - 0x00007ff82c9c2000 	C:\Windows\System32\bcryptPrimitives.dll
0x00007ff815760000 - 0x00007ff815786000 	C:\Program Files\Java\jdk-20\bin\java.dll
0x00007ffffc2f0000 - 0x00007ffffc3c7000 	C:\Program Files\Java\jdk-20\bin\jsvml.dll
0x00007ff82dd40000 - 0x00007ff82e484000 	C:\Windows\System32\SHELL32.dll
0x00007ff82a2b0000 - 0x00007ff82aa43000 	C:\Windows\SYSTEM32\windows.storage.dll
0x00007ff82cc10000 - 0x00007ff82cf64000 	C:\Windows\System32\combase.dll
0x00007ff82bb70000 - 0x00007ff82bb9e000 	C:\Windows\SYSTEM32\Wldp.dll
0x00007ff82d400000 - 0x00007ff82d4ad000 	C:\Windows\System32\SHCORE.dll
0x00007ff82dac0000 - 0x00007ff82db15000 	C:\Windows\System32\shlwapi.dll
0x00007ff82c130000 - 0x00007ff82c14f000 	C:\Windows\SYSTEM32\profapi.dll
0x00007ff824d50000 - 0x00007ff824d63000 	C:\Program Files\Java\jdk-20\bin\net.dll
0x00007ff820810000 - 0x00007ff82091a000 	C:\Windows\SYSTEM32\WINHTTP.dll
0x00007ff82b8d0000 - 0x00007ff82b93a000 	C:\Windows\system32\mswsock.dll
0x00007ff822ef0000 - 0x00007ff822f06000 	C:\Program Files\Java\jdk-20\bin\nio.dll
0x00007ff815640000 - 0x00007ff815658000 	C:\Program Files\Java\jdk-20\bin\zip.dll
0x00007ffff42f0000 - 0x00007ffff4481000 	C:\Program Files\Java\jdk-20\bin\awt.dll
0x00007ff82cfd0000 - 0x00007ff82d09d000 	C:\Windows\System32\OLEAUT32.dll
0x00007ff829a30000 - 0x00007ff829ac1000 	C:\Windows\SYSTEM32\apphelp.dll
0x00007ff829dc0000 - 0x00007ff829def000 	C:\Windows\system32\DWMAPI.DLL
0x00007ff829be0000 - 0x00007ff829c7e000 	C:\Windows\system32\uxtheme.dll
0x00007ff80e0b0000 - 0x00007ff80e1d5000 	C:\Windows\system32\opengl32.dll
0x00007ff812fe0000 - 0x00007ff81300c000 	C:\Windows\SYSTEM32\GLU32.dll
0x00007ff82e540000 - 0x00007ff82e654000 	C:\Windows\System32\MSCTF.dll
0x00007ff82d190000 - 0x00007ff82d2ba000 	C:\Windows\System32\ole32.dll
0x00007ff82bad0000 - 0x00007ff82bae8000 	C:\Windows\SYSTEM32\CRYPTSP.dll
0x00007ff82b1f0000 - 0x00007ff82b224000 	C:\Windows\system32\rsaenh.dll
0x00007ff82c290000 - 0x00007ff82c2b7000 	C:\Windows\System32\bcrypt.dll
0x00007ff82c0b0000 - 0x00007ff82c0de000 	C:\Windows\SYSTEM32\USERENV.dll
0x00007ff82bac0000 - 0x00007ff82bacc000 	C:\Windows\SYSTEM32\CRYPTBASE.dll
0x00007ff82b5c0000 - 0x00007ff82b5fc000 	C:\Windows\SYSTEM32\IPHLPAPI.DLL
0x00007ff82e7e0000 - 0x00007ff82e7e8000 	C:\Windows\System32\NSI.dll
0x00007ff821020000 - 0x00007ff821037000 	C:\Windows\SYSTEM32\dhcpcsvc6.DLL
0x00007ff823770000 - 0x00007ff82378d000 	C:\Windows\SYSTEM32\dhcpcsvc.DLL
0x00007ff82b600000 - 0x00007ff82b6cb000 	C:\Windows\SYSTEM32\DNSAPI.dll
0x00007ff827bb0000 - 0x00007ff827bbe000 	C:\Program Files\Java\jdk-20\bin\sunmscapi.dll
0x00007ff82c470000 - 0x00007ff82c5ce000 	C:\Windows\System32\CRYPT32.dll
0x00007ff82bc50000 - 0x00007ff82bc78000 	C:\Windows\SYSTEM32\ncrypt.dll
0x00007ff82bba0000 - 0x00007ff82bbdb000 	C:\Windows\SYSTEM32\NTASN1.dll
0x00007ff8177e0000 - 0x00007ff8177ea000 	C:\Windows\System32\rasadhlp.dll
0x00007ff8182d0000 - 0x00007ff818352000 	C:\Windows\System32\fwpuclnt.dll
0x00007ff817460000 - 0x00007ff817467000 	C:\Program Files\Java\jdk-20\bin\extnet.dll
0x00007ffffa0d0000 - 0x00007ffffa156000 	C:\Program Files\Java\jdk-20\bin\freetype.dll
0x00007ffff9170000 - 0x00007ffff9236000 	C:\Program Files\Java\jdk-20\bin\fontmanager.dll
0x00007ff82d2c0000 - 0x00007ff82d369000 	C:\Windows\System32\clbcatq.dll
0x00007ff827150000 - 0x00007ff827304000 	C:\Windows\SYSTEM32\WindowsCodecs.dll
0x00007ff813560000 - 0x00007ff81359e000 	C:\Windows\system32\dataexchange.dll
0x00007ff828330000 - 0x00007ff828593000 	C:\Windows\system32\d3d11.dll
0x00007ff828e10000 - 0x00007ff828ff3000 	C:\Windows\system32\dcomp.dll
0x00007ff82aab0000 - 0x00007ff82aba3000 	C:\Windows\system32\dxgi.dll
0x00007ff827310000 - 0x00007ff827510000 	C:\Windows\system32\twinapi.appcore.dll
0x00007ff8250a0000 - 0x00007ff82519a000 	C:\Windows\SYSTEM32\textinputframework.dll
0x00007ff829380000 - 0x00007ff8296de000 	C:\Windows\System32\CoreUIComponents.dll
0x00007ff8296e0000 - 0x00007ff8297d2000 	C:\Windows\System32\CoreMessaging.dll
0x00007ff82b310000 - 0x00007ff82b343000 	C:\Windows\SYSTEM32\ntmarta.dll
0x00007ff828b60000 - 0x00007ff828cb4000 	C:\Windows\SYSTEM32\wintypes.dll

dbghelp: loaded successfully - version: 4.0.5 - missing functions: none
symbol engine: initialized successfully - sym options: 0x614 - pdb path: .;C:\Program Files\Java\jdk-20\bin;C:\Windows\SYSTEM32;C:\Program Files\Avast Software\Avast;C:\Windows\WinSxS\amd64_microsoft.windows.common-controls_6595b64144ccf1df_6.0.19041.1110_none_60b5254171f9507e;C:\Program Files\Java\jdk-20\bin\server

VM Arguments:
jvm_args: -Dfile.encoding=UTF-8 --module-path=C:\Users\Shano\Documents\NetBeansProjects\Smartcity Tourism Management System\build\classes 
java_command: smartcity.tourism.management.system.Paytm
java_class_path (initial): C:\Users\Shano\Downloads\mysql-connector-java-8.0.28.jar;C:\Users\Shano\Documents\NetBeansProjects\Smartcity Tourism Management System\build\classes
Launcher Type: SUN_STANDARD

[Global flags]
     intx CICompilerCount                          = 3                                         {product} {ergonomic}
     uint ConcGCThreads                            = 1                                         {product} {ergonomic}
     uint G1ConcRefinementThreads                  = 4                                         {product} {ergonomic}
   size_t G1HeapRegionSize                         = 1048576                                   {product} {ergonomic}
    uintx GCDrainStackTargetSize                   = 64                                        {product} {ergonomic}
   size_t InitialHeapSize                          = 134217728                                 {product} {ergonomic}
   size_t MarkStackSize                            = 4194304                                   {product} {ergonomic}
   size_t MaxHeapSize                              = 2116026368                                {product} {ergonomic}
   size_t MaxNewSize                               = 1268776960                                {product} {ergonomic}
   size_t MinHeapDeltaBytes                        = 1048576                                   {product} {ergonomic}
   size_t MinHeapSize                              = 8388608                                   {product} {ergonomic}
    uintx NonNMethodCodeHeapSize                   = 5832780                                {pd product} {ergonomic}
    uintx NonProfiledCodeHeapSize                  = 122912730                              {pd product} {ergonomic}
    uintx ProfiledCodeHeapSize                     = 122912730                              {pd product} {ergonomic}
    uintx ReservedCodeCacheSize                    = 251658240                              {pd product} {ergonomic}
     bool SegmentedCodeCache                       = true                                      {product} {ergonomic}
   size_t SoftMaxHeapSize                          = 2116026368                             {manageable} {ergonomic}
     bool UseCompressedClassPointers               = true                           {product lp64_product} {ergonomic}
     bool UseCompressedOops                        = true                           {product lp64_product} {ergonomic}
     bool UseG1GC                                  = true                                      {product} {ergonomic}
     bool UseLargePagesIndividualAllocation        = false                                  {pd product} {ergonomic}

Logging:
Log output configuration:
 #0: stdout all=warning uptime,level,tags foldmultilines=false
 #1: stderr all=off uptime,level,tags foldmultilines=false

Environment Variables:
PATH=C:\Program Files (x86)\Common Files\Oracle\Java\javapath;C:\Program Files\Common Files\Oracle\Java\javapath;C:\Windows\system32;C:\Windows;C:\Windows\System32\Wbem;C:\Windows\System32\WindowsPowerShell\v1.0\;C:\Windows\System32\OpenSSH\;C:\Program Files (x86)\mingw32\bin;C:\Program Files\dotnet\;C:\Program Files\MySQL\MySQL Shell 8.0\bin\;C:\Users\Shano\AppData\Local\Microsoft\WindowsApps;;C:\Program Files\JetBrains\IntelliJ IDEA Community Edition 2022.3.3\bin;
USERNAME=Shano
OS=Windows_NT
PROCESSOR_IDENTIFIER=Intel64 Family 6 Model 61 Stepping 4, GenuineIntel
TMP=C:\Users\Shano\AppData\Local\Temp
TEMP=C:\Users\Shano\AppData\Local\Temp




---------------  S Y S T E M  ---------------

OS:
 Windows 10 , 64 bit Build 19041 (10.0.19041.2913)
OS uptime: 4 days 18:59 hours

CPU: total 4 (initial active 4) (2 cores per cpu, 2 threads per core) family 6 model 61 stepping 4 microcode 0x2d, cx8, cmov, fxsr, ht, mmx, 3dnowpref, sse, sse2, sse3, ssse3, sse4.1, sse4.2, popcnt, lzcnt, tsc, tscinvbit, avx, avx2, aes, erms, clmul, bmi1, bmi2, rtm, adx, fma, vzeroupper, clflush, rdtscp, f16c

Memory: 4k page, system-wide physical 8067M (1294M free)
TotalPageFile size 14598M (AvailPageFile size 6M)
current process WorkingSet (physical memory assigned to process): 111M, peak: 111M
current process commit charge ("private bytes"): 236M, peak: 239M

vm_info: Java HotSpot(TM) 64-Bit Server VM (20.0.1+9-29) for windows-amd64 JRE (20.0.1+9-29), built on 2023-03-07T13:56:11Z by "mach5one" with MS VC++ 17.1 (VS2022)

END.
